[2m2022-05-19 00:32:13.095[0;39m [33m WARN[0;39m [35m18573[0;39m [2m---[0;39m [2m[l-2 housekeeper][0;39m [36mcom.zaxxer.hikari.pool.HikariPool       [0;39m [2m:[0;39m HikariPool-2 - Thread starvation or clock leap detected (housekeeper delta=10m33s565ms).
[2m2022-05-19 00:36:56.075[0;39m [33m WARN[0;39m [35m18573[0;39m [2m---[0;39m [2m[l-2 housekeeper][0;39m [36mcom.zaxxer.hikari.pool.HikariPool       [0;39m [2m:[0;39m HikariPool-2 - Thread starvation or clock leap detected (housekeeper delta=1m12s906ms).
[2m2022-05-19 00:37:06.004[0;39m [32mDEBUG[0;39m [35m18573[0;39m [2m---[0;39m [2m[nio-9999-exec-3][0;39m [36mc.s.v.controller.AnnouncementController [0;39m [2m:[0;39m retrieveAnnouncement - 호출
[2m2022-05-19 00:37:26.699[0;39m [32mDEBUG[0;39m [35m18573[0;39m [2m---[0;39m [2m[nio-9999-exec-1][0;39m [36mc.ssafy.vue.controller.BoardController  [0;39m [2m:[0;39m retrieveBoard - 호출
[2m2022-05-19 00:37:28.282[0;39m [32mDEBUG[0;39m [35m18573[0;39m [2m---[0;39m [2m[nio-9999-exec-4][0;39m [36mc.s.v.controller.AnnouncementController [0;39m [2m:[0;39m retrieveAnnouncement - 호출
[2m2022-05-19 00:37:29.887[0;39m [32mDEBUG[0;39m [35m18573[0;39m [2m---[0;39m [2m[nio-9999-exec-2][0;39m [36mc.ssafy.vue.controller.BoardController  [0;39m [2m:[0;39m retrieveBoard - 호출
[2m2022-05-19 00:38:09.011[0;39m [32mDEBUG[0;39m [35m18573[0;39m [2m---[0;39m [2m[nio-9999-exec-5][0;39m [36mc.s.v.controller.AnnouncementController [0;39m [2m:[0;39m retrieveAnnouncement - 호출
[2m2022-05-19 00:41:38.152[0;39m [32mDEBUG[0;39m [35m18573[0;39m [2m---[0;39m [2m[nio-9999-exec-8][0;39m [36mc.s.v.controller.AnnouncementController [0;39m [2m:[0;39m detailAnnouncement - 호출
[2m2022-05-19 00:41:40.800[0;39m [32mDEBUG[0;39m [35m18573[0;39m [2m---[0;39m [2m[nio-9999-exec-6][0;39m [36mc.s.v.controller.AnnouncementController [0;39m [2m:[0;39m retrieveAnnouncement - 호출
[2m2022-05-19 00:41:42.099[0;39m [32mDEBUG[0;39m [35m18573[0;39m [2m---[0;39m [2m[nio-9999-exec-9][0;39m [36mc.s.v.controller.AnnouncementController [0;39m [2m:[0;39m detailAnnouncement - 호출
[2m2022-05-19 00:41:43.813[0;39m [32mDEBUG[0;39m [35m18573[0;39m [2m---[0;39m [2m[io-9999-exec-10][0;39m [36mc.s.v.controller.AnnouncementController [0;39m [2m:[0;39m retrieveAnnouncement - 호출
[2m2022-05-19 00:41:49.027[0;39m [32mDEBUG[0;39m [35m18573[0;39m [2m---[0;39m [2m[nio-9999-exec-3][0;39m [36mc.s.vue.controller.HouseMapController   [0;39m [2m:[0;39m sido : [SidoGugunCodeDto [sidoCode=11, sidoName=서울특별시, gugunCode=null, gugunName=null], SidoGugunCodeDto [sidoCode=26, sidoName=부산광역시, gugunCode=null, gugunName=null], SidoGugunCodeDto [sidoCode=27, sidoName=대구광역시, gugunCode=null, gugunName=null], SidoGugunCodeDto [sidoCode=28, sidoName=인천광역시, gugunCode=null, gugunName=null], SidoGugunCodeDto [sidoCode=29, sidoName=광주광역시, gugunCode=null, gugunName=null], SidoGugunCodeDto [sidoCode=30, sidoName=대전광역시, gugunCode=null, gugunName=null], SidoGugunCodeDto [sidoCode=31, sidoName=울산광역시, gugunCode=null, gugunName=null], SidoGugunCodeDto [sidoCode=36, sidoName=세종특별자치시, gugunCode=null, gugunName=null], SidoGugunCodeDto [sidoCode=41, sidoName=경기도, gugunCode=null, gugunName=null], SidoGugunCodeDto [sidoCode=42, sidoName=강원도, gugunCode=null, gugunName=null], SidoGugunCodeDto [sidoCode=43, sidoName=충청북도, gugunCode=null, gugunName=null], SidoGugunCodeDto [sidoCode=44, sidoName=충청남도, gugunCode=null, gugunName=null], SidoGugunCodeDto [sidoCode=45, sidoName=전라북도, gugunCode=null, gugunName=null], SidoGugunCodeDto [sidoCode=46, sidoName=전라남도, gugunCode=null, gugunName=null], SidoGugunCodeDto [sidoCode=47, sidoName=경상북도, gugunCode=null, gugunName=null], SidoGugunCodeDto [sidoCode=48, sidoName=경상남도, gugunCode=null, gugunName=null], SidoGugunCodeDto [sidoCode=50, sidoName=제주특별자치도, gugunCode=null, gugunName=null]]
[2m2022-05-19 00:41:51.003[0;39m [32mDEBUG[0;39m [35m18573[0;39m [2m---[0;39m [2m[nio-9999-exec-1][0;39m [36mc.s.vue.controller.HouseMapController   [0;39m [2m:[0;39m gugun : [SidoGugunCodeDto [sidoCode=null, sidoName=null, gugunCode=11110, gugunName=종로구], SidoGugunCodeDto [sidoCode=null, sidoName=null, gugunCode=11140, gugunName=중구], SidoGugunCodeDto [sidoCode=null, sidoName=null, gugunCode=11170, gugunName=용산구], SidoGugunCodeDto [sidoCode=null, sidoName=null, gugunCode=11200, gugunName=성동구], SidoGugunCodeDto [sidoCode=null, sidoName=null, gugunCode=11215, gugunName=광진구], SidoGugunCodeDto [sidoCode=null, sidoName=null, gugunCode=11230, gugunName=동대문구], SidoGugunCodeDto [sidoCode=null, sidoName=null, gugunCode=11260, gugunName=중랑구], SidoGugunCodeDto [sidoCode=null, sidoName=null, gugunCode=11290, gugunName=성북구], SidoGugunCodeDto [sidoCode=null, sidoName=null, gugunCode=11305, gugunName=강북구], SidoGugunCodeDto [sidoCode=null, sidoName=null, gugunCode=11320, gugunName=도봉구], SidoGugunCodeDto [sidoCode=null, sidoName=null, gugunCode=11350, gugunName=노원구], SidoGugunCodeDto [sidoCode=null, sidoName=null, gugunCode=11380, gugunName=은평구], SidoGugunCodeDto [sidoCode=null, sidoName=null, gugunCode=11410, gugunName=서대문구], SidoGugunCodeDto [sidoCode=null, sidoName=null, gugunCode=11440, gugunName=마포구], SidoGugunCodeDto [sidoCode=null, sidoName=null, gugunCode=11470, gugunName=양천구], SidoGugunCodeDto [sidoCode=null, sidoName=null, gugunCode=11500, gugunName=강서구], SidoGugunCodeDto [sidoCode=null, sidoName=null, gugunCode=11530, gugunName=구로구], SidoGugunCodeDto [sidoCode=null, sidoName=null, gugunCode=11545, gugunName=금천구], SidoGugunCodeDto [sidoCode=null, sidoName=null, gugunCode=11560, gugunName=영등포구], SidoGugunCodeDto [sidoCode=null, sidoName=null, gugunCode=11590, gugunName=동작구], SidoGugunCodeDto [sidoCode=null, sidoName=null, gugunCode=11620, gugunName=관악구], SidoGugunCodeDto [sidoCode=null, sidoName=null, gugunCode=11650, gugunName=서초구], SidoGugunCodeDto [sidoCode=null, sidoName=null, gugunCode=11680, gugunName=강남구], SidoGugunCodeDto [sidoCode=null, sidoName=null, gugunCode=11710, gugunName=송파구], SidoGugunCodeDto [sidoCode=null, sidoName=null, gugunCode=11740, gugunName=강동구]]
[2m2022-05-19 00:42:00.692[0;39m [32mDEBUG[0;39m [35m18573[0;39m [2m---[0;39m [2m[nio-9999-exec-4][0;39m [36mc.s.v.controller.AnnouncementController [0;39m [2m:[0;39m retrieveAnnouncement - 호출
[2m2022-05-19 01:46:33.483[0;39m [33m WARN[0;39m [35m18573[0;39m [2m---[0;39m [2m[l-2 housekeeper][0;39m [36mcom.zaxxer.hikari.pool.HikariPool       [0;39m [2m:[0;39m HikariPool-2 - Thread starvation or clock leap detected (housekeeper delta=1h4m7s363ms).
[2m2022-05-19 02:10:17.405[0;39m [33m WARN[0;39m [35m18573[0;39m [2m---[0;39m [2m[l-2 housekeeper][0;39m [36mcom.zaxxer.hikari.pool.HikariPool       [0;39m [2m:[0;39m HikariPool-2 - Thread starvation or clock leap detected (housekeeper delta=23m43s923ms).
[2m2022-05-19 02:11:33.268[0;39m [33m WARN[0;39m [35m18573[0;39m [2m---[0;39m [2m[l-2 housekeeper][0;39m [36mcom.zaxxer.hikari.pool.HikariPool       [0;39m [2m:[0;39m HikariPool-2 - Thread starvation or clock leap detected (housekeeper delta=1m15s863ms).
[2m2022-05-19 02:27:26.003[0;39m [33m WARN[0;39m [35m18573[0;39m [2m---[0;39m [2m[l-2 housekeeper][0;39m [36mcom.zaxxer.hikari.pool.HikariPool       [0;39m [2m:[0;39m HikariPool-2 - Thread starvation or clock leap detected (housekeeper delta=15m22s732ms).
[2m2022-05-19 02:30:45.954[0;39m [33m WARN[0;39m [35m18573[0;39m [2m---[0;39m [2m[l-2 housekeeper][0;39m [36mcom.zaxxer.hikari.pool.HikariPool       [0;39m [2m:[0;39m HikariPool-2 - Thread starvation or clock leap detected (housekeeper delta=3m19s950ms).
[2m2022-05-19 03:57:11.206[0;39m [33m WARN[0;39m [35m18573[0;39m [2m---[0;39m [2m[l-2 housekeeper][0;39m [36mcom.zaxxer.hikari.pool.HikariPool       [0;39m [2m:[0;39m HikariPool-2 - Thread starvation or clock leap detected (housekeeper delta=1h24m49s859ms).
[2m2022-05-19 05:21:44.036[0;39m [33m WARN[0;39m [35m18573[0;39m [2m---[0;39m [2m[l-2 housekeeper][0;39m [36mcom.zaxxer.hikari.pool.HikariPool       [0;39m [2m:[0;39m HikariPool-2 - Thread starvation or clock leap detected (housekeeper delta=1h24m32s837ms).
[2m2022-05-19 06:45:19.528[0;39m [33m WARN[0;39m [35m18573[0;39m [2m---[0;39m [2m[l-2 housekeeper][0;39m [36mcom.zaxxer.hikari.pool.HikariPool       [0;39m [2m:[0;39m HikariPool-2 - Thread starvation or clock leap detected (housekeeper delta=1h23m35s490ms).
[2m2022-05-19 08:05:15.295[0;39m [33m WARN[0;39m [35m18573[0;39m [2m---[0;39m [2m[l-2 housekeeper][0;39m [36mcom.zaxxer.hikari.pool.HikariPool       [0;39m [2m:[0;39m HikariPool-2 - Thread starvation or clock leap detected (housekeeper delta=1h19m55s769ms).
[2m2022-05-19 09:18:40.029[0;39m [33m WARN[0;39m [35m18573[0;39m [2m---[0;39m [2m[l-2 housekeeper][0;39m [36mcom.zaxxer.hikari.pool.HikariPool       [0;39m [2m:[0;39m HikariPool-2 - Thread starvation or clock leap detected (housekeeper delta=1h13m24s732ms).
[2m2022-05-19 09:33:53.467[0;39m [33m WARN[0;39m [35m18573[0;39m [2m---[0;39m [2m[l-2 housekeeper][0;39m [36mcom.zaxxer.hikari.pool.HikariPool       [0;39m [2m:[0;39m HikariPool-2 - Thread starvation or clock leap detected (housekeeper delta=14m43s424ms).
[2m2022-05-19 09:53:42.995[0;39m [33m WARN[0;39m [35m18573[0;39m [2m---[0;39m [2m[l-2 housekeeper][0;39m [36mcom.zaxxer.hikari.pool.HikariPool       [0;39m [2m:[0;39m HikariPool-2 - Thread starvation or clock leap detected (housekeeper delta=19m19s508ms).
[2m2022-05-19 10:26:45.102[0;39m [33m WARN[0;39m [35m18573[0;39m [2m---[0;39m [2m[l-2 housekeeper][0;39m [36mcom.zaxxer.hikari.pool.HikariPool       [0;39m [2m:[0;39m HikariPool-2 - Thread starvation or clock leap detected (housekeeper delta=33m2s108ms).
[2m2022-05-19 10:35:50.328[0;39m [33m WARN[0;39m [35m18573[0;39m [2m---[0;39m [2m[l-2 housekeeper][0;39m [36mcom.zaxxer.hikari.pool.HikariPool       [0;39m [2m:[0;39m HikariPool-2 - Thread starvation or clock leap detected (housekeeper delta=9m5s223ms).
[2m2022-05-19 10:46:03.898[0;39m [33m WARN[0;39m [35m18573[0;39m [2m---[0;39m [2m[l-2 housekeeper][0;39m [36mcom.zaxxer.hikari.pool.HikariPool       [0;39m [2m:[0;39m HikariPool-2 - Thread starvation or clock leap detected (housekeeper delta=10m13s573ms).
[2m2022-05-19 10:54:47.797[0;39m [32m INFO[0;39m [35m18573[0;39m [2m---[0;39m [2m[(686)-127.0.0.1][0;39m [36minMXBeanRegistrar$SpringApplicationAdmin[0;39m [2m:[0;39m Application shutdown requested.
[2m2022-05-19 11:00:42.465[0;39m [32m INFO[0;39m [35m41331[0;39m [2m---[0;39m [2m[  restartedMain][0;39m [36m.e.DevToolsPropertyDefaultsPostProcessor[0;39m [2m:[0;39m Devtools property defaults active! Set 'spring.devtools.add-properties' to 'false' to disable
[2m2022-05-19 11:00:42.467[0;39m [32m INFO[0;39m [35m41331[0;39m [2m---[0;39m [2m[  restartedMain][0;39m [36m.e.DevToolsPropertyDefaultsPostProcessor[0;39m [2m:[0;39m For additional web related logging consider setting the 'logging.level.web' property to 'DEBUG'
[2m2022-05-19 11:00:43.071[0;39m [32m INFO[0;39m [35m41331[0;39m [2m---[0;39m [2m[  restartedMain][0;39m [36mo.s.b.w.embedded.tomcat.TomcatWebServer [0;39m [2m:[0;39m Tomcat initialized with port(s): 9999 (http)
[2m2022-05-19 11:00:43.155[0;39m [32m INFO[0;39m [35m41331[0;39m [2m---[0;39m [2m[  restartedMain][0;39m [36mw.s.c.ServletWebServerApplicationContext[0;39m [2m:[0;39m Root WebApplicationContext: initialization completed in 688 ms
[2m2022-05-19 11:00:43.462[0;39m [32m INFO[0;39m [35m41331[0;39m [2m---[0;39m [2m[  restartedMain][0;39m [36mo.s.b.d.a.OptionalLiveReloadServer      [0;39m [2m:[0;39m LiveReload server is running on port 35729
[2m2022-05-19 11:00:43.549[0;39m [32m INFO[0;39m [35m41331[0;39m [2m---[0;39m [2m[  restartedMain][0;39m [36mo.s.b.w.embedded.tomcat.TomcatWebServer [0;39m [2m:[0;39m Tomcat started on port(s): 9999 (http) with context path '/vue'
[2m2022-05-19 11:02:51.670[0;39m [32m INFO[0;39m [35m41331[0;39m [2m---[0;39m [2m[nio-9999-exec-1][0;39m [36mo.s.web.servlet.DispatcherServlet       [0;39m [2m:[0;39m Initializing Servlet 'dispatcherServlet'
[2m2022-05-19 11:02:51.680[0;39m [32m INFO[0;39m [35m41331[0;39m [2m---[0;39m [2m[nio-9999-exec-1][0;39m [36mo.s.web.servlet.DispatcherServlet       [0;39m [2m:[0;39m Completed initialization in 9 ms
[2m2022-05-19 11:02:51.713[0;39m [32mDEBUG[0;39m [35m41331[0;39m [2m---[0;39m [2m[nio-9999-exec-1][0;39m [36mc.ssafy.vue.controller.BoardController  [0;39m [2m:[0;39m retrieveBoard - 호출
[2m2022-05-19 11:02:57.678[0;39m [31mERROR[0;39m [35m41331[0;39m [2m---[0;39m [2m[nio-9999-exec-3][0;39m [36mo.a.c.c.C.[.[.[.[dispatcherServlet]     [0;39m [2m:[0;39m Servlet.service() for servlet [dispatcherServlet] in context with path [/vue] threw exception [Handler dispatch failed; nested exception is java.lang.NoClassDefFoundError: javax/xml/bind/DatatypeConverter] with root cause

java.lang.ClassNotFoundException: javax.xml.bind.DatatypeConverter
	at java.base/jdk.internal.loader.BuiltinClassLoader.loadClass(BuiltinClassLoader.java:641)
	at java.base/jdk.internal.loader.ClassLoaders$AppClassLoader.loadClass(ClassLoaders.java:188)
	at java.base/java.lang.ClassLoader.loadClass(ClassLoader.java:520)
	at io.jsonwebtoken.impl.Base64Codec.encode(Base64Codec.java:21)
	at io.jsonwebtoken.impl.Base64UrlCodec.encode(Base64UrlCodec.java:22)
	at io.jsonwebtoken.impl.DefaultJwtBuilder.base64UrlEncode(DefaultJwtBuilder.java:349)
	at io.jsonwebtoken.impl.DefaultJwtBuilder.compact(DefaultJwtBuilder.java:295)
	at com.ssafy.vue.service.JwtServiceImpl.create(JwtServiceImpl.java:34)
	at com.ssafy.vue.controller.MemberController.login(MemberController.java:52)
	at java.base/jdk.internal.reflect.NativeMethodAccessorImpl.invoke0(Native Method)
	at java.base/jdk.internal.reflect.NativeMethodAccessorImpl.invoke(NativeMethodAccessorImpl.java:77)
	at java.base/jdk.internal.reflect.DelegatingMethodAccessorImpl.invoke(DelegatingMethodAccessorImpl.java:43)
	at java.base/java.lang.reflect.Method.invoke(Method.java:568)
	at org.springframework.web.method.support.InvocableHandlerMethod.doInvoke(InvocableHandlerMethod.java:205)
	at org.springframework.web.method.support.InvocableHandlerMethod.invokeForRequest(InvocableHandlerMethod.java:150)
	at org.springframework.web.servlet.mvc.method.annotation.ServletInvocableHandlerMethod.invokeAndHandle(ServletInvocableHandlerMethod.java:117)
	at org.springframework.web.servlet.mvc.method.annotation.RequestMappingHandlerAdapter.invokeHandlerMethod(RequestMappingHandlerAdapter.java:895)
	at org.springframework.web.servlet.mvc.method.annotation.RequestMappingHandlerAdapter.handleInternal(RequestMappingHandlerAdapter.java:808)
	at org.springframework.web.servlet.mvc.method.AbstractHandlerMethodAdapter.handle(AbstractHandlerMethodAdapter.java:87)
	at org.springframework.web.servlet.DispatcherServlet.doDispatch(DispatcherServlet.java:1067)
	at org.springframework.web.servlet.DispatcherServlet.doService(DispatcherServlet.java:963)
	at org.springframework.web.servlet.FrameworkServlet.processRequest(FrameworkServlet.java:1006)
	at org.springframework.web.servlet.FrameworkServlet.doPost(FrameworkServlet.java:909)
	at javax.servlet.http.HttpServlet.service(HttpServlet.java:681)
	at org.springframework.web.servlet.FrameworkServlet.service(FrameworkServlet.java:883)
	at javax.servlet.http.HttpServlet.service(HttpServlet.java:764)
	at org.apache.catalina.core.ApplicationFilterChain.internalDoFilter(ApplicationFilterChain.java:227)
	at org.apache.catalina.core.ApplicationFilterChain.doFilter(ApplicationFilterChain.java:162)
	at org.apache.tomcat.websocket.server.WsFilter.doFilter(WsFilter.java:53)
	at org.apache.catalina.core.ApplicationFilterChain.internalDoFilter(ApplicationFilterChain.java:189)
	at org.apache.catalina.core.ApplicationFilterChain.doFilter(ApplicationFilterChain.java:162)
	at org.springframework.web.filter.RequestContextFilter.doFilterInternal(RequestContextFilter.java:100)
	at org.springframework.web.filter.OncePerRequestFilter.doFilter(OncePerRequestFilter.java:117)
	at org.apache.catalina.core.ApplicationFilterChain.internalDoFilter(ApplicationFilterChain.java:189)
	at org.apache.catalina.core.ApplicationFilterChain.doFilter(ApplicationFilterChain.java:162)
	at org.springframework.web.filter.FormContentFilter.doFilterInternal(FormContentFilter.java:93)
	at org.springframework.web.filter.OncePerRequestFilter.doFilter(OncePerRequestFilter.java:117)
	at org.apache.catalina.core.ApplicationFilterChain.internalDoFilter(ApplicationFilterChain.java:189)
	at org.apache.catalina.core.ApplicationFilterChain.doFilter(ApplicationFilterChain.java:162)
	at org.springframework.web.filter.CharacterEncodingFilter.doFilterInternal(CharacterEncodingFilter.java:201)
	at org.springframework.web.filter.OncePerRequestFilter.doFilter(OncePerRequestFilter.java:117)
	at org.apache.catalina.core.ApplicationFilterChain.internalDoFilter(ApplicationFilterChain.java:189)
	at org.apache.catalina.core.ApplicationFilterChain.doFilter(ApplicationFilterChain.java:162)
	at org.apache.catalina.core.StandardWrapperValve.invoke(StandardWrapperValve.java:197)
	at org.apache.catalina.core.StandardContextValve.invoke(StandardContextValve.java:97)
	at org.apache.catalina.authenticator.AuthenticatorBase.invoke(AuthenticatorBase.java:541)
	at org.apache.catalina.core.StandardHostValve.invoke(StandardHostValve.java:135)
	at org.apache.catalina.valves.ErrorReportValve.invoke(ErrorReportValve.java:92)
	at org.apache.catalina.core.StandardEngineValve.invoke(StandardEngineValve.java:78)
	at org.apache.catalina.connector.CoyoteAdapter.service(CoyoteAdapter.java:360)
	at org.apache.coyote.http11.Http11Processor.service(Http11Processor.java:399)
	at org.apache.coyote.AbstractProcessorLight.process(AbstractProcessorLight.java:65)
	at org.apache.coyote.AbstractProtocol$ConnectionHandler.process(AbstractProtocol.java:890)
	at org.apache.tomcat.util.net.NioEndpoint$SocketProcessor.doRun(NioEndpoint.java:1743)
	at org.apache.tomcat.util.net.SocketProcessorBase.run(SocketProcessorBase.java:49)
	at org.apache.tomcat.util.threads.ThreadPoolExecutor.runWorker(ThreadPoolExecutor.java:1191)
	at org.apache.tomcat.util.threads.ThreadPoolExecutor$Worker.run(ThreadPoolExecutor.java:659)
	at org.apache.tomcat.util.threads.TaskThread$WrappingRunnable.run(TaskThread.java:61)
	at java.base/java.lang.Thread.run(Thread.java:833)

[2m2022-05-19 11:04:05.995[0;39m [31mERROR[0;39m [35m41331[0;39m [2m---[0;39m [2m[nio-9999-exec-4][0;39m [36mo.a.c.c.C.[.[.[.[dispatcherServlet]     [0;39m [2m:[0;39m Servlet.service() for servlet [dispatcherServlet] in context with path [/vue] threw exception [Handler dispatch failed; nested exception is java.lang.NoClassDefFoundError: javax/xml/bind/DatatypeConverter] with root cause

java.lang.ClassNotFoundException: javax.xml.bind.DatatypeConverter
	at io.jsonwebtoken.impl.Base64Codec.encode(Base64Codec.java:21)
	at io.jsonwebtoken.impl.Base64UrlCodec.encode(Base64UrlCodec.java:22)
	at io.jsonwebtoken.impl.DefaultJwtBuilder.base64UrlEncode(DefaultJwtBuilder.java:349)
	at io.jsonwebtoken.impl.DefaultJwtBuilder.compact(DefaultJwtBuilder.java:295)
	at com.ssafy.vue.service.JwtServiceImpl.create(JwtServiceImpl.java:34)
	at com.ssafy.vue.controller.MemberController.login(MemberController.java:52)
	at java.base/jdk.internal.reflect.NativeMethodAccessorImpl.invoke0(Native Method)
	at java.base/jdk.internal.reflect.NativeMethodAccessorImpl.invoke(NativeMethodAccessorImpl.java:77)
	at java.base/jdk.internal.reflect.DelegatingMethodAccessorImpl.invoke(DelegatingMethodAccessorImpl.java:43)
	at java.base/java.lang.reflect.Method.invoke(Method.java:568)
	at org.springframework.web.method.support.InvocableHandlerMethod.doInvoke(InvocableHandlerMethod.java:205)
	at org.springframework.web.method.support.InvocableHandlerMethod.invokeForRequest(InvocableHandlerMethod.java:150)
	at org.springframework.web.servlet.mvc.method.annotation.ServletInvocableHandlerMethod.invokeAndHandle(ServletInvocableHandlerMethod.java:117)
	at org.springframework.web.servlet.mvc.method.annotation.RequestMappingHandlerAdapter.invokeHandlerMethod(RequestMappingHandlerAdapter.java:895)
	at org.springframework.web.servlet.mvc.method.annotation.RequestMappingHandlerAdapter.handleInternal(RequestMappingHandlerAdapter.java:808)
	at org.springframework.web.servlet.mvc.method.AbstractHandlerMethodAdapter.handle(AbstractHandlerMethodAdapter.java:87)
	at org.springframework.web.servlet.DispatcherServlet.doDispatch(DispatcherServlet.java:1067)
	at org.springframework.web.servlet.DispatcherServlet.doService(DispatcherServlet.java:963)
	at org.springframework.web.servlet.FrameworkServlet.processRequest(FrameworkServlet.java:1006)
	at org.springframework.web.servlet.FrameworkServlet.doPost(FrameworkServlet.java:909)
	at javax.servlet.http.HttpServlet.service(HttpServlet.java:681)
	at org.springframework.web.servlet.FrameworkServlet.service(FrameworkServlet.java:883)
	at javax.servlet.http.HttpServlet.service(HttpServlet.java:764)
	at org.apache.catalina.core.ApplicationFilterChain.internalDoFilter(ApplicationFilterChain.java:227)
	at org.apache.catalina.core.ApplicationFilterChain.doFilter(ApplicationFilterChain.java:162)
	at org.apache.tomcat.websocket.server.WsFilter.doFilter(WsFilter.java:53)
	at org.apache.catalina.core.ApplicationFilterChain.internalDoFilter(ApplicationFilterChain.java:189)
	at org.apache.catalina.core.ApplicationFilterChain.doFilter(ApplicationFilterChain.java:162)
	at org.springframework.web.filter.RequestContextFilter.doFilterInternal(RequestContextFilter.java:100)
	at org.springframework.web.filter.OncePerRequestFilter.doFilter(OncePerRequestFilter.java:117)
	at org.apache.catalina.core.ApplicationFilterChain.internalDoFilter(ApplicationFilterChain.java:189)
	at org.apache.catalina.core.ApplicationFilterChain.doFilter(ApplicationFilterChain.java:162)
	at org.springframework.web.filter.FormContentFilter.doFilterInternal(FormContentFilter.java:93)
	at org.springframework.web.filter.OncePerRequestFilter.doFilter(OncePerRequestFilter.java:117)
	at org.apache.catalina.core.ApplicationFilterChain.internalDoFilter(ApplicationFilterChain.java:189)
	at org.apache.catalina.core.ApplicationFilterChain.doFilter(ApplicationFilterChain.java:162)
	at org.springframework.web.filter.CharacterEncodingFilter.doFilterInternal(CharacterEncodingFilter.java:201)
	at org.springframework.web.filter.OncePerRequestFilter.doFilter(OncePerRequestFilter.java:117)
	at org.apache.catalina.core.ApplicationFilterChain.internalDoFilter(ApplicationFilterChain.java:189)
	at org.apache.catalina.core.ApplicationFilterChain.doFilter(ApplicationFilterChain.java:162)
	at org.apache.catalina.core.StandardWrapperValve.invoke(StandardWrapperValve.java:197)
	at org.apache.catalina.core.StandardContextValve.invoke(StandardContextValve.java:97)
	at org.apache.catalina.authenticator.AuthenticatorBase.invoke(AuthenticatorBase.java:541)
	at org.apache.catalina.core.StandardHostValve.invoke(StandardHostValve.java:135)
	at org.apache.catalina.valves.ErrorReportValve.invoke(ErrorReportValve.java:92)
	at org.apache.catalina.core.StandardEngineValve.invoke(StandardEngineValve.java:78)
	at org.apache.catalina.connector.CoyoteAdapter.service(CoyoteAdapter.java:360)
	at org.apache.coyote.http11.Http11Processor.service(Http11Processor.java:399)
	at org.apache.coyote.AbstractProcessorLight.process(AbstractProcessorLight.java:65)
	at org.apache.coyote.AbstractProtocol$ConnectionHandler.process(AbstractProtocol.java:890)
	at org.apache.tomcat.util.net.NioEndpoint$SocketProcessor.doRun(NioEndpoint.java:1743)
	at org.apache.tomcat.util.net.SocketProcessorBase.run(SocketProcessorBase.java:49)
	at org.apache.tomcat.util.threads.ThreadPoolExecutor.runWorker(ThreadPoolExecutor.java:1191)
	at org.apache.tomcat.util.threads.ThreadPoolExecutor$Worker.run(ThreadPoolExecutor.java:659)
	at org.apache.tomcat.util.threads.TaskThread$WrappingRunnable.run(TaskThread.java:61)
	at java.base/java.lang.Thread.run(Thread.java:833)

[2m2022-05-19 11:11:26.346[0;39m [32mDEBUG[0;39m [35m41331[0;39m [2m---[0;39m [2m[nio-9999-exec-5][0;39m [36mc.ssafy.vue.controller.BoardController  [0;39m [2m:[0;39m retrieveBoard - 호출
[2m2022-05-19 11:11:30.649[0;39m [31mERROR[0;39m [35m41331[0;39m [2m---[0;39m [2m[nio-9999-exec-6][0;39m [36mo.a.c.c.C.[.[.[.[dispatcherServlet]     [0;39m [2m:[0;39m Servlet.service() for servlet [dispatcherServlet] in context with path [/vue] threw exception [Handler dispatch failed; nested exception is java.lang.NoClassDefFoundError: javax/xml/bind/DatatypeConverter] with root cause

java.lang.ClassNotFoundException: javax.xml.bind.DatatypeConverter
	at io.jsonwebtoken.impl.Base64Codec.encode(Base64Codec.java:21)
	at io.jsonwebtoken.impl.Base64UrlCodec.encode(Base64UrlCodec.java:22)
	at io.jsonwebtoken.impl.DefaultJwtBuilder.base64UrlEncode(DefaultJwtBuilder.java:349)
	at io.jsonwebtoken.impl.DefaultJwtBuilder.compact(DefaultJwtBuilder.java:295)
	at com.ssafy.vue.service.JwtServiceImpl.create(JwtServiceImpl.java:34)
	at com.ssafy.vue.controller.MemberController.login(MemberController.java:52)
	at java.base/jdk.internal.reflect.NativeMethodAccessorImpl.invoke0(Native Method)
	at java.base/jdk.internal.reflect.NativeMethodAccessorImpl.invoke(NativeMethodAccessorImpl.java:77)
	at java.base/jdk.internal.reflect.DelegatingMethodAccessorImpl.invoke(DelegatingMethodAccessorImpl.java:43)
	at java.base/java.lang.reflect.Method.invoke(Method.java:568)
	at org.springframework.web.method.support.InvocableHandlerMethod.doInvoke(InvocableHandlerMethod.java:205)
	at org.springframework.web.method.support.InvocableHandlerMethod.invokeForRequest(InvocableHandlerMethod.java:150)
	at org.springframework.web.servlet.mvc.method.annotation.ServletInvocableHandlerMethod.invokeAndHandle(ServletInvocableHandlerMethod.java:117)
	at org.springframework.web.servlet.mvc.method.annotation.RequestMappingHandlerAdapter.invokeHandlerMethod(RequestMappingHandlerAdapter.java:895)
	at org.springframework.web.servlet.mvc.method.annotation.RequestMappingHandlerAdapter.handleInternal(RequestMappingHandlerAdapter.java:808)
	at org.springframework.web.servlet.mvc.method.AbstractHandlerMethodAdapter.handle(AbstractHandlerMethodAdapter.java:87)
	at org.springframework.web.servlet.DispatcherServlet.doDispatch(DispatcherServlet.java:1067)
	at org.springframework.web.servlet.DispatcherServlet.doService(DispatcherServlet.java:963)
	at org.springframework.web.servlet.FrameworkServlet.processRequest(FrameworkServlet.java:1006)
	at org.springframework.web.servlet.FrameworkServlet.doPost(FrameworkServlet.java:909)
	at javax.servlet.http.HttpServlet.service(HttpServlet.java:681)
	at org.springframework.web.servlet.FrameworkServlet.service(FrameworkServlet.java:883)
	at javax.servlet.http.HttpServlet.service(HttpServlet.java:764)
	at org.apache.catalina.core.ApplicationFilterChain.internalDoFilter(ApplicationFilterChain.java:227)
	at org.apache.catalina.core.ApplicationFilterChain.doFilter(ApplicationFilterChain.java:162)
	at org.apache.tomcat.websocket.server.WsFilter.doFilter(WsFilter.java:53)
	at org.apache.catalina.core.ApplicationFilterChain.internalDoFilter(ApplicationFilterChain.java:189)
	at org.apache.catalina.core.ApplicationFilterChain.doFilter(ApplicationFilterChain.java:162)
	at org.springframework.web.filter.RequestContextFilter.doFilterInternal(RequestContextFilter.java:100)
	at org.springframework.web.filter.OncePerRequestFilter.doFilter(OncePerRequestFilter.java:117)
	at org.apache.catalina.core.ApplicationFilterChain.internalDoFilter(ApplicationFilterChain.java:189)
	at org.apache.catalina.core.ApplicationFilterChain.doFilter(ApplicationFilterChain.java:162)
	at org.springframework.web.filter.FormContentFilter.doFilterInternal(FormContentFilter.java:93)
	at org.springframework.web.filter.OncePerRequestFilter.doFilter(OncePerRequestFilter.java:117)
	at org.apache.catalina.core.ApplicationFilterChain.internalDoFilter(ApplicationFilterChain.java:189)
	at org.apache.catalina.core.ApplicationFilterChain.doFilter(ApplicationFilterChain.java:162)
	at org.springframework.web.filter.CharacterEncodingFilter.doFilterInternal(CharacterEncodingFilter.java:201)
	at org.springframework.web.filter.OncePerRequestFilter.doFilter(OncePerRequestFilter.java:117)
	at org.apache.catalina.core.ApplicationFilterChain.internalDoFilter(ApplicationFilterChain.java:189)
	at org.apache.catalina.core.ApplicationFilterChain.doFilter(ApplicationFilterChain.java:162)
	at org.apache.catalina.core.StandardWrapperValve.invoke(StandardWrapperValve.java:197)
	at org.apache.catalina.core.StandardContextValve.invoke(StandardContextValve.java:97)
	at org.apache.catalina.authenticator.AuthenticatorBase.invoke(AuthenticatorBase.java:541)
	at org.apache.catalina.core.StandardHostValve.invoke(StandardHostValve.java:135)
	at org.apache.catalina.valves.ErrorReportValve.invoke(ErrorReportValve.java:92)
	at org.apache.catalina.core.StandardEngineValve.invoke(StandardEngineValve.java:78)
	at org.apache.catalina.connector.CoyoteAdapter.service(CoyoteAdapter.java:360)
	at org.apache.coyote.http11.Http11Processor.service(Http11Processor.java:399)
	at org.apache.coyote.AbstractProcessorLight.process(AbstractProcessorLight.java:65)
	at org.apache.coyote.AbstractProtocol$ConnectionHandler.process(AbstractProtocol.java:890)
	at org.apache.tomcat.util.net.NioEndpoint$SocketProcessor.doRun(NioEndpoint.java:1743)
	at org.apache.tomcat.util.net.SocketProcessorBase.run(SocketProcessorBase.java:49)
	at org.apache.tomcat.util.threads.ThreadPoolExecutor.runWorker(ThreadPoolExecutor.java:1191)
	at org.apache.tomcat.util.threads.ThreadPoolExecutor$Worker.run(ThreadPoolExecutor.java:659)
	at org.apache.tomcat.util.threads.TaskThread$WrappingRunnable.run(TaskThread.java:61)
	at java.base/java.lang.Thread.run(Thread.java:833)

[2m2022-05-19 11:12:26.282[0;39m [32m INFO[0;39m [35m41331[0;39m [2m---[0;39m [2m[n(16)-127.0.0.1][0;39m [36minMXBeanRegistrar$SpringApplicationAdmin[0;39m [2m:[0;39m Application shutdown requested.
[2m2022-05-19 11:12:54.771[0;39m [32m INFO[0;39m [35m46983[0;39m [2m---[0;39m [2m[  restartedMain][0;39m [36m.e.DevToolsPropertyDefaultsPostProcessor[0;39m [2m:[0;39m Devtools property defaults active! Set 'spring.devtools.add-properties' to 'false' to disable
[2m2022-05-19 11:12:54.772[0;39m [32m INFO[0;39m [35m46983[0;39m [2m---[0;39m [2m[  restartedMain][0;39m [36m.e.DevToolsPropertyDefaultsPostProcessor[0;39m [2m:[0;39m For additional web related logging consider setting the 'logging.level.web' property to 'DEBUG'
[2m2022-05-19 11:12:55.355[0;39m [32m INFO[0;39m [35m46983[0;39m [2m---[0;39m [2m[  restartedMain][0;39m [36mo.s.b.w.embedded.tomcat.TomcatWebServer [0;39m [2m:[0;39m Tomcat initialized with port(s): 9999 (http)
[2m2022-05-19 11:12:55.440[0;39m [32m INFO[0;39m [35m46983[0;39m [2m---[0;39m [2m[  restartedMain][0;39m [36mw.s.c.ServletWebServerApplicationContext[0;39m [2m:[0;39m Root WebApplicationContext: initialization completed in 668 ms
[2m2022-05-19 11:12:55.748[0;39m [32m INFO[0;39m [35m46983[0;39m [2m---[0;39m [2m[  restartedMain][0;39m [36mo.s.b.d.a.OptionalLiveReloadServer      [0;39m [2m:[0;39m LiveReload server is running on port 35729
[2m2022-05-19 11:12:55.833[0;39m [32m INFO[0;39m [35m46983[0;39m [2m---[0;39m [2m[  restartedMain][0;39m [36mo.s.b.w.embedded.tomcat.TomcatWebServer [0;39m [2m:[0;39m Tomcat started on port(s): 9999 (http) with context path '/vue'
[2m2022-05-19 11:13:05.346[0;39m [32m INFO[0;39m [35m46983[0;39m [2m---[0;39m [2m[nio-9999-exec-1][0;39m [36mo.s.web.servlet.DispatcherServlet       [0;39m [2m:[0;39m Initializing Servlet 'dispatcherServlet'
[2m2022-05-19 11:13:05.349[0;39m [32m INFO[0;39m [35m46983[0;39m [2m---[0;39m [2m[nio-9999-exec-1][0;39m [36mo.s.web.servlet.DispatcherServlet       [0;39m [2m:[0;39m Completed initialization in 2 ms
[2m2022-05-19 11:13:05.377[0;39m [32mDEBUG[0;39m [35m46983[0;39m [2m---[0;39m [2m[nio-9999-exec-1][0;39m [36mc.ssafy.vue.controller.BoardController  [0;39m [2m:[0;39m retrieveBoard - 호출
[2m2022-05-19 11:13:18.683[0;39m [31mERROR[0;39m [35m46983[0;39m [2m---[0;39m [2m[nio-9999-exec-2][0;39m [36mo.a.c.c.C.[.[.[.[dispatcherServlet]     [0;39m [2m:[0;39m Servlet.service() for servlet [dispatcherServlet] in context with path [/vue] threw exception [Handler dispatch failed; nested exception is java.lang.NoClassDefFoundError: javax/xml/bind/DatatypeConverter] with root cause

java.lang.ClassNotFoundException: javax.xml.bind.DatatypeConverter
	at java.base/jdk.internal.loader.BuiltinClassLoader.loadClass(BuiltinClassLoader.java:641)
	at java.base/jdk.internal.loader.ClassLoaders$AppClassLoader.loadClass(ClassLoaders.java:188)
	at java.base/java.lang.ClassLoader.loadClass(ClassLoader.java:520)
	at io.jsonwebtoken.impl.Base64Codec.encode(Base64Codec.java:21)
	at io.jsonwebtoken.impl.Base64UrlCodec.encode(Base64UrlCodec.java:22)
	at io.jsonwebtoken.impl.DefaultJwtBuilder.base64UrlEncode(DefaultJwtBuilder.java:349)
	at io.jsonwebtoken.impl.DefaultJwtBuilder.compact(DefaultJwtBuilder.java:295)
	at com.ssafy.vue.service.JwtServiceImpl.create(JwtServiceImpl.java:34)
	at com.ssafy.vue.controller.MemberController.login(MemberController.java:52)
	at java.base/jdk.internal.reflect.NativeMethodAccessorImpl.invoke0(Native Method)
	at java.base/jdk.internal.reflect.NativeMethodAccessorImpl.invoke(NativeMethodAccessorImpl.java:77)
	at java.base/jdk.internal.reflect.DelegatingMethodAccessorImpl.invoke(DelegatingMethodAccessorImpl.java:43)
	at java.base/java.lang.reflect.Method.invoke(Method.java:568)
	at org.springframework.web.method.support.InvocableHandlerMethod.doInvoke(InvocableHandlerMethod.java:205)
	at org.springframework.web.method.support.InvocableHandlerMethod.invokeForRequest(InvocableHandlerMethod.java:150)
	at org.springframework.web.servlet.mvc.method.annotation.ServletInvocableHandlerMethod.invokeAndHandle(ServletInvocableHandlerMethod.java:117)
	at org.springframework.web.servlet.mvc.method.annotation.RequestMappingHandlerAdapter.invokeHandlerMethod(RequestMappingHandlerAdapter.java:895)
	at org.springframework.web.servlet.mvc.method.annotation.RequestMappingHandlerAdapter.handleInternal(RequestMappingHandlerAdapter.java:808)
	at org.springframework.web.servlet.mvc.method.AbstractHandlerMethodAdapter.handle(AbstractHandlerMethodAdapter.java:87)
	at org.springframework.web.servlet.DispatcherServlet.doDispatch(DispatcherServlet.java:1067)
	at org.springframework.web.servlet.DispatcherServlet.doService(DispatcherServlet.java:963)
	at org.springframework.web.servlet.FrameworkServlet.processRequest(FrameworkServlet.java:1006)
	at org.springframework.web.servlet.FrameworkServlet.doPost(FrameworkServlet.java:909)
	at javax.servlet.http.HttpServlet.service(HttpServlet.java:681)
	at org.springframework.web.servlet.FrameworkServlet.service(FrameworkServlet.java:883)
	at javax.servlet.http.HttpServlet.service(HttpServlet.java:764)
	at org.apache.catalina.core.ApplicationFilterChain.internalDoFilter(ApplicationFilterChain.java:227)
	at org.apache.catalina.core.ApplicationFilterChain.doFilter(ApplicationFilterChain.java:162)
	at org.apache.tomcat.websocket.server.WsFilter.doFilter(WsFilter.java:53)
	at org.apache.catalina.core.ApplicationFilterChain.internalDoFilter(ApplicationFilterChain.java:189)
	at org.apache.catalina.core.ApplicationFilterChain.doFilter(ApplicationFilterChain.java:162)
	at org.springframework.web.filter.RequestContextFilter.doFilterInternal(RequestContextFilter.java:100)
	at org.springframework.web.filter.OncePerRequestFilter.doFilter(OncePerRequestFilter.java:117)
	at org.apache.catalina.core.ApplicationFilterChain.internalDoFilter(ApplicationFilterChain.java:189)
	at org.apache.catalina.core.ApplicationFilterChain.doFilter(ApplicationFilterChain.java:162)
	at org.springframework.web.filter.FormContentFilter.doFilterInternal(FormContentFilter.java:93)
	at org.springframework.web.filter.OncePerRequestFilter.doFilter(OncePerRequestFilter.java:117)
	at org.apache.catalina.core.ApplicationFilterChain.internalDoFilter(ApplicationFilterChain.java:189)
	at org.apache.catalina.core.ApplicationFilterChain.doFilter(ApplicationFilterChain.java:162)
	at org.springframework.web.filter.CharacterEncodingFilter.doFilterInternal(CharacterEncodingFilter.java:201)
	at org.springframework.web.filter.OncePerRequestFilter.doFilter(OncePerRequestFilter.java:117)
	at org.apache.catalina.core.ApplicationFilterChain.internalDoFilter(ApplicationFilterChain.java:189)
	at org.apache.catalina.core.ApplicationFilterChain.doFilter(ApplicationFilterChain.java:162)
	at org.apache.catalina.core.StandardWrapperValve.invoke(StandardWrapperValve.java:197)
	at org.apache.catalina.core.StandardContextValve.invoke(StandardContextValve.java:97)
	at org.apache.catalina.authenticator.AuthenticatorBase.invoke(AuthenticatorBase.java:541)
	at org.apache.catalina.core.StandardHostValve.invoke(StandardHostValve.java:135)
	at org.apache.catalina.valves.ErrorReportValve.invoke(ErrorReportValve.java:92)
	at org.apache.catalina.core.StandardEngineValve.invoke(StandardEngineValve.java:78)
	at org.apache.catalina.connector.CoyoteAdapter.service(CoyoteAdapter.java:360)
	at org.apache.coyote.http11.Http11Processor.service(Http11Processor.java:399)
	at org.apache.coyote.AbstractProcessorLight.process(AbstractProcessorLight.java:65)
	at org.apache.coyote.AbstractProtocol$ConnectionHandler.process(AbstractProtocol.java:890)
	at org.apache.tomcat.util.net.NioEndpoint$SocketProcessor.doRun(NioEndpoint.java:1743)
	at org.apache.tomcat.util.net.SocketProcessorBase.run(SocketProcessorBase.java:49)
	at org.apache.tomcat.util.threads.ThreadPoolExecutor.runWorker(ThreadPoolExecutor.java:1191)
	at org.apache.tomcat.util.threads.ThreadPoolExecutor$Worker.run(ThreadPoolExecutor.java:659)
	at org.apache.tomcat.util.threads.TaskThread$WrappingRunnable.run(TaskThread.java:61)
	at java.base/java.lang.Thread.run(Thread.java:833)

[2m2022-05-19 11:15:55.841[0;39m [32m INFO[0;39m [35m46983[0;39m [2m---[0;39m [2m[       Thread-4][0;39m [36mcom.zaxxer.hikari.HikariDataSource      [0;39m [2m:[0;39m HikariPool-1 - Shutdown initiated...
[2m2022-05-19 11:15:55.855[0;39m [32mDEBUG[0;39m [35m46983[0;39m [2m---[0;39m [2m[       Thread-4][0;39m [36mcom.zaxxer.hikari.pool.HikariPool       [0;39m [2m:[0;39m HikariPool-1 - Before shutdown stats (total=10, active=0, idle=10, waiting=0)
[2m2022-05-19 11:15:55.859[0;39m [32mDEBUG[0;39m [35m46983[0;39m [2m---[0;39m [2m[nnection closer][0;39m [36mcom.zaxxer.hikari.pool.PoolBase         [0;39m [2m:[0;39m HikariPool-1 - Closing connection com.mysql.cj.jdbc.ConnectionImpl@7e25380e: (connection evicted)
[2m2022-05-19 11:15:55.909[0;39m [32mDEBUG[0;39m [35m46983[0;39m [2m---[0;39m [2m[nnection closer][0;39m [36mcom.zaxxer.hikari.pool.PoolBase         [0;39m [2m:[0;39m HikariPool-1 - Closing connection com.mysql.cj.jdbc.ConnectionImpl@1e7cb75b: (connection evicted)
[2m2022-05-19 11:15:55.929[0;39m [32mDEBUG[0;39m [35m46983[0;39m [2m---[0;39m [2m[nnection closer][0;39m [36mcom.zaxxer.hikari.pool.PoolBase         [0;39m [2m:[0;39m HikariPool-1 - Closing connection com.mysql.cj.jdbc.ConnectionImpl@51f02cce: (connection evicted)
[2m2022-05-19 11:15:55.931[0;39m [32mDEBUG[0;39m [35m46983[0;39m [2m---[0;39m [2m[nnection closer][0;39m [36mcom.zaxxer.hikari.pool.PoolBase         [0;39m [2m:[0;39m HikariPool-1 - Closing connection com.mysql.cj.jdbc.ConnectionImpl@5c578494: (connection evicted)
[2m2022-05-19 11:15:55.933[0;39m [32mDEBUG[0;39m [35m46983[0;39m [2m---[0;39m [2m[nnection closer][0;39m [36mcom.zaxxer.hikari.pool.PoolBase         [0;39m [2m:[0;39m HikariPool-1 - Closing connection com.mysql.cj.jdbc.ConnectionImpl@7e45ed5e: (connection evicted)
[2m2022-05-19 11:15:55.934[0;39m [32mDEBUG[0;39m [35m46983[0;39m [2m---[0;39m [2m[nnection closer][0;39m [36mcom.zaxxer.hikari.pool.PoolBase         [0;39m [2m:[0;39m HikariPool-1 - Closing connection com.mysql.cj.jdbc.ConnectionImpl@5785ba2: (connection evicted)
[2m2022-05-19 11:15:55.937[0;39m [32mDEBUG[0;39m [35m46983[0;39m [2m---[0;39m [2m[nnection closer][0;39m [36mcom.zaxxer.hikari.pool.PoolBase         [0;39m [2m:[0;39m HikariPool-1 - Closing connection com.mysql.cj.jdbc.ConnectionImpl@55be919f: (connection evicted)
[2m2022-05-19 11:15:55.938[0;39m [32mDEBUG[0;39m [35m46983[0;39m [2m---[0;39m [2m[nnection closer][0;39m [36mcom.zaxxer.hikari.pool.PoolBase         [0;39m [2m:[0;39m HikariPool-1 - Closing connection com.mysql.cj.jdbc.ConnectionImpl@352dcc98: (connection evicted)
[2m2022-05-19 11:15:55.939[0;39m [32mDEBUG[0;39m [35m46983[0;39m [2m---[0;39m [2m[nnection closer][0;39m [36mcom.zaxxer.hikari.pool.PoolBase         [0;39m [2m:[0;39m HikariPool-1 - Closing connection com.mysql.cj.jdbc.ConnectionImpl@64d3e87e: (connection evicted)
[2m2022-05-19 11:15:55.940[0;39m [32mDEBUG[0;39m [35m46983[0;39m [2m---[0;39m [2m[nnection closer][0;39m [36mcom.zaxxer.hikari.pool.PoolBase         [0;39m [2m:[0;39m HikariPool-1 - Closing connection com.mysql.cj.jdbc.ConnectionImpl@23b10a0d: (connection evicted)
[2m2022-05-19 11:15:55.946[0;39m [32mDEBUG[0;39m [35m46983[0;39m [2m---[0;39m [2m[       Thread-4][0;39m [36mcom.zaxxer.hikari.pool.HikariPool       [0;39m [2m:[0;39m HikariPool-1 - After shutdown stats (total=0, active=0, idle=0, waiting=0)
[2m2022-05-19 11:15:55.946[0;39m [32m INFO[0;39m [35m46983[0;39m [2m---[0;39m [2m[       Thread-4][0;39m [36mcom.zaxxer.hikari.HikariDataSource      [0;39m [2m:[0;39m HikariPool-1 - Shutdown completed.
[2m2022-05-19 11:15:56.306[0;39m [32m INFO[0;39m [35m46983[0;39m [2m---[0;39m [2m[  restartedMain][0;39m [36mo.s.b.w.embedded.tomcat.TomcatWebServer [0;39m [2m:[0;39m Tomcat initialized with port(s): 9999 (http)
[2m2022-05-19 11:15:56.334[0;39m [32m INFO[0;39m [35m46983[0;39m [2m---[0;39m [2m[  restartedMain][0;39m [36mw.s.c.ServletWebServerApplicationContext[0;39m [2m:[0;39m Root WebApplicationContext: initialization completed in 240 ms
[2m2022-05-19 11:15:56.460[0;39m [32m INFO[0;39m [35m46983[0;39m [2m---[0;39m [2m[  restartedMain][0;39m [36mo.s.b.d.a.OptionalLiveReloadServer      [0;39m [2m:[0;39m LiveReload server is running on port 35729
[2m2022-05-19 11:15:56.506[0;39m [32m INFO[0;39m [35m46983[0;39m [2m---[0;39m [2m[  restartedMain][0;39m [36mo.s.b.w.embedded.tomcat.TomcatWebServer [0;39m [2m:[0;39m Tomcat started on port(s): 9999 (http) with context path '/vue'
[2m2022-05-19 11:15:56.610[0;39m [32m INFO[0;39m [35m46983[0;39m [2m---[0;39m [2m[  restartedMain][0;39m [36m.ConditionEvaluationDeltaLoggingListener[0;39m [2m:[0;39m Condition evaluation unchanged
[2m2022-05-19 11:15:58.125[0;39m [32m INFO[0;39m [35m46983[0;39m [2m---[0;39m [2m[  restartedMain][0;39m [36mo.s.b.w.embedded.tomcat.TomcatWebServer [0;39m [2m:[0;39m Tomcat initialized with port(s): 9999 (http)
[2m2022-05-19 11:15:58.149[0;39m [32m INFO[0;39m [35m46983[0;39m [2m---[0;39m [2m[  restartedMain][0;39m [36mw.s.c.ServletWebServerApplicationContext[0;39m [2m:[0;39m Root WebApplicationContext: initialization completed in 150 ms
[2m2022-05-19 11:15:58.234[0;39m [32m INFO[0;39m [35m46983[0;39m [2m---[0;39m [2m[  restartedMain][0;39m [36mo.s.b.d.a.OptionalLiveReloadServer      [0;39m [2m:[0;39m LiveReload server is running on port 35729
[2m2022-05-19 11:15:58.259[0;39m [32m INFO[0;39m [35m46983[0;39m [2m---[0;39m [2m[  restartedMain][0;39m [36mo.s.b.w.embedded.tomcat.TomcatWebServer [0;39m [2m:[0;39m Tomcat started on port(s): 9999 (http) with context path '/vue'
[2m2022-05-19 11:15:58.300[0;39m [32m INFO[0;39m [35m46983[0;39m [2m---[0;39m [2m[  restartedMain][0;39m [36m.ConditionEvaluationDeltaLoggingListener[0;39m [2m:[0;39m Condition evaluation unchanged
[2m2022-05-19 11:16:02.806[0;39m [32m INFO[0;39m [35m46983[0;39m [2m---[0;39m [2m[nio-9999-exec-1][0;39m [36mo.s.web.servlet.DispatcherServlet       [0;39m [2m:[0;39m Initializing Servlet 'dispatcherServlet'
[2m2022-05-19 11:16:02.817[0;39m [32m INFO[0;39m [35m46983[0;39m [2m---[0;39m [2m[nio-9999-exec-1][0;39m [36mo.s.web.servlet.DispatcherServlet       [0;39m [2m:[0;39m Completed initialization in 10 ms
[2m2022-05-19 11:16:02.899[0;39m [31mERROR[0;39m [35m46983[0;39m [2m---[0;39m [2m[nio-9999-exec-1][0;39m [36mo.a.c.c.C.[.[.[.[dispatcherServlet]     [0;39m [2m:[0;39m Servlet.service() for servlet [dispatcherServlet] in context with path [/vue] threw exception [Handler dispatch failed; nested exception is java.lang.NoClassDefFoundError: javax/xml/bind/DatatypeConverter] with root cause

java.lang.ClassNotFoundException: javax.xml.bind.DatatypeConverter
	at io.jsonwebtoken.impl.Base64Codec.encode(Base64Codec.java:21)
	at io.jsonwebtoken.impl.Base64UrlCodec.encode(Base64UrlCodec.java:22)
	at io.jsonwebtoken.impl.DefaultJwtBuilder.base64UrlEncode(DefaultJwtBuilder.java:349)
	at io.jsonwebtoken.impl.DefaultJwtBuilder.compact(DefaultJwtBuilder.java:295)
	at com.ssafy.vue.service.JwtServiceImpl.create(JwtServiceImpl.java:34)
	at com.ssafy.vue.controller.MemberController.login(MemberController.java:52)
	at java.base/jdk.internal.reflect.NativeMethodAccessorImpl.invoke0(Native Method)
	at java.base/jdk.internal.reflect.NativeMethodAccessorImpl.invoke(NativeMethodAccessorImpl.java:77)
	at java.base/jdk.internal.reflect.DelegatingMethodAccessorImpl.invoke(DelegatingMethodAccessorImpl.java:43)
	at java.base/java.lang.reflect.Method.invoke(Method.java:568)
	at org.springframework.web.method.support.InvocableHandlerMethod.doInvoke(InvocableHandlerMethod.java:205)
	at org.springframework.web.method.support.InvocableHandlerMethod.invokeForRequest(InvocableHandlerMethod.java:150)
	at org.springframework.web.servlet.mvc.method.annotation.ServletInvocableHandlerMethod.invokeAndHandle(ServletInvocableHandlerMethod.java:117)
	at org.springframework.web.servlet.mvc.method.annotation.RequestMappingHandlerAdapter.invokeHandlerMethod(RequestMappingHandlerAdapter.java:895)
	at org.springframework.web.servlet.mvc.method.annotation.RequestMappingHandlerAdapter.handleInternal(RequestMappingHandlerAdapter.java:808)
	at org.springframework.web.servlet.mvc.method.AbstractHandlerMethodAdapter.handle(AbstractHandlerMethodAdapter.java:87)
	at org.springframework.web.servlet.DispatcherServlet.doDispatch(DispatcherServlet.java:1067)
	at org.springframework.web.servlet.DispatcherServlet.doService(DispatcherServlet.java:963)
	at org.springframework.web.servlet.FrameworkServlet.processRequest(FrameworkServlet.java:1006)
	at org.springframework.web.servlet.FrameworkServlet.doPost(FrameworkServlet.java:909)
	at javax.servlet.http.HttpServlet.service(HttpServlet.java:681)
	at org.springframework.web.servlet.FrameworkServlet.service(FrameworkServlet.java:883)
	at javax.servlet.http.HttpServlet.service(HttpServlet.java:764)
	at org.apache.catalina.core.ApplicationFilterChain.internalDoFilter(ApplicationFilterChain.java:227)
	at org.apache.catalina.core.ApplicationFilterChain.doFilter(ApplicationFilterChain.java:162)
	at org.apache.tomcat.websocket.server.WsFilter.doFilter(WsFilter.java:53)
	at org.apache.catalina.core.ApplicationFilterChain.internalDoFilter(ApplicationFilterChain.java:189)
	at org.apache.catalina.core.ApplicationFilterChain.doFilter(ApplicationFilterChain.java:162)
	at org.springframework.web.filter.RequestContextFilter.doFilterInternal(RequestContextFilter.java:100)
	at org.springframework.web.filter.OncePerRequestFilter.doFilter(OncePerRequestFilter.java:117)
	at org.apache.catalina.core.ApplicationFilterChain.internalDoFilter(ApplicationFilterChain.java:189)
	at org.apache.catalina.core.ApplicationFilterChain.doFilter(ApplicationFilterChain.java:162)
	at org.springframework.web.filter.FormContentFilter.doFilterInternal(FormContentFilter.java:93)
	at org.springframework.web.filter.OncePerRequestFilter.doFilter(OncePerRequestFilter.java:117)
	at org.apache.catalina.core.ApplicationFilterChain.internalDoFilter(ApplicationFilterChain.java:189)
	at org.apache.catalina.core.ApplicationFilterChain.doFilter(ApplicationFilterChain.java:162)
	at org.springframework.web.filter.CharacterEncodingFilter.doFilterInternal(CharacterEncodingFilter.java:201)
	at org.springframework.web.filter.OncePerRequestFilter.doFilter(OncePerRequestFilter.java:117)
	at org.apache.catalina.core.ApplicationFilterChain.internalDoFilter(ApplicationFilterChain.java:189)
	at org.apache.catalina.core.ApplicationFilterChain.doFilter(ApplicationFilterChain.java:162)
	at org.apache.catalina.core.StandardWrapperValve.invoke(StandardWrapperValve.java:197)
	at org.apache.catalina.core.StandardContextValve.invoke(StandardContextValve.java:97)
	at org.apache.catalina.authenticator.AuthenticatorBase.invoke(AuthenticatorBase.java:541)
	at org.apache.catalina.core.StandardHostValve.invoke(StandardHostValve.java:135)
	at org.apache.catalina.valves.ErrorReportValve.invoke(ErrorReportValve.java:92)
	at org.apache.catalina.core.StandardEngineValve.invoke(StandardEngineValve.java:78)
	at org.apache.catalina.connector.CoyoteAdapter.service(CoyoteAdapter.java:360)
	at org.apache.coyote.http11.Http11Processor.service(Http11Processor.java:399)
	at org.apache.coyote.AbstractProcessorLight.process(AbstractProcessorLight.java:65)
	at org.apache.coyote.AbstractProtocol$ConnectionHandler.process(AbstractProtocol.java:890)
	at org.apache.tomcat.util.net.NioEndpoint$SocketProcessor.doRun(NioEndpoint.java:1743)
	at org.apache.tomcat.util.net.SocketProcessorBase.run(SocketProcessorBase.java:49)
	at org.apache.tomcat.util.threads.ThreadPoolExecutor.runWorker(ThreadPoolExecutor.java:1191)
	at org.apache.tomcat.util.threads.ThreadPoolExecutor$Worker.run(ThreadPoolExecutor.java:659)
	at org.apache.tomcat.util.threads.TaskThread$WrappingRunnable.run(TaskThread.java:61)
	at java.base/java.lang.Thread.run(Thread.java:833)

[2m2022-05-19 11:16:17.262[0;39m [31mERROR[0;39m [35m46983[0;39m [2m---[0;39m [2m[nio-9999-exec-2][0;39m [36mo.a.c.c.C.[.[.[.[dispatcherServlet]     [0;39m [2m:[0;39m Servlet.service() for servlet [dispatcherServlet] in context with path [/vue] threw exception [Handler dispatch failed; nested exception is java.lang.NoClassDefFoundError: javax/xml/bind/DatatypeConverter] with root cause

java.lang.ClassNotFoundException: javax.xml.bind.DatatypeConverter
	at io.jsonwebtoken.impl.Base64Codec.encode(Base64Codec.java:21)
	at io.jsonwebtoken.impl.Base64UrlCodec.encode(Base64UrlCodec.java:22)
	at io.jsonwebtoken.impl.DefaultJwtBuilder.base64UrlEncode(DefaultJwtBuilder.java:349)
	at io.jsonwebtoken.impl.DefaultJwtBuilder.compact(DefaultJwtBuilder.java:295)
	at com.ssafy.vue.service.JwtServiceImpl.create(JwtServiceImpl.java:34)
	at com.ssafy.vue.controller.MemberController.login(MemberController.java:52)
	at java.base/jdk.internal.reflect.NativeMethodAccessorImpl.invoke0(Native Method)
	at java.base/jdk.internal.reflect.NativeMethodAccessorImpl.invoke(NativeMethodAccessorImpl.java:77)
	at java.base/jdk.internal.reflect.DelegatingMethodAccessorImpl.invoke(DelegatingMethodAccessorImpl.java:43)
	at java.base/java.lang.reflect.Method.invoke(Method.java:568)
	at org.springframework.web.method.support.InvocableHandlerMethod.doInvoke(InvocableHandlerMethod.java:205)
	at org.springframework.web.method.support.InvocableHandlerMethod.invokeForRequest(InvocableHandlerMethod.java:150)
	at org.springframework.web.servlet.mvc.method.annotation.ServletInvocableHandlerMethod.invokeAndHandle(ServletInvocableHandlerMethod.java:117)
	at org.springframework.web.servlet.mvc.method.annotation.RequestMappingHandlerAdapter.invokeHandlerMethod(RequestMappingHandlerAdapter.java:895)
	at org.springframework.web.servlet.mvc.method.annotation.RequestMappingHandlerAdapter.handleInternal(RequestMappingHandlerAdapter.java:808)
	at org.springframework.web.servlet.mvc.method.AbstractHandlerMethodAdapter.handle(AbstractHandlerMethodAdapter.java:87)
	at org.springframework.web.servlet.DispatcherServlet.doDispatch(DispatcherServlet.java:1067)
	at org.springframework.web.servlet.DispatcherServlet.doService(DispatcherServlet.java:963)
	at org.springframework.web.servlet.FrameworkServlet.processRequest(FrameworkServlet.java:1006)
	at org.springframework.web.servlet.FrameworkServlet.doPost(FrameworkServlet.java:909)
	at javax.servlet.http.HttpServlet.service(HttpServlet.java:681)
	at org.springframework.web.servlet.FrameworkServlet.service(FrameworkServlet.java:883)
	at javax.servlet.http.HttpServlet.service(HttpServlet.java:764)
	at org.apache.catalina.core.ApplicationFilterChain.internalDoFilter(ApplicationFilterChain.java:227)
	at org.apache.catalina.core.ApplicationFilterChain.doFilter(ApplicationFilterChain.java:162)
	at org.apache.tomcat.websocket.server.WsFilter.doFilter(WsFilter.java:53)
	at org.apache.catalina.core.ApplicationFilterChain.internalDoFilter(ApplicationFilterChain.java:189)
	at org.apache.catalina.core.ApplicationFilterChain.doFilter(ApplicationFilterChain.java:162)
	at org.springframework.web.filter.RequestContextFilter.doFilterInternal(RequestContextFilter.java:100)
	at org.springframework.web.filter.OncePerRequestFilter.doFilter(OncePerRequestFilter.java:117)
	at org.apache.catalina.core.ApplicationFilterChain.internalDoFilter(ApplicationFilterChain.java:189)
	at org.apache.catalina.core.ApplicationFilterChain.doFilter(ApplicationFilterChain.java:162)
	at org.springframework.web.filter.FormContentFilter.doFilterInternal(FormContentFilter.java:93)
	at org.springframework.web.filter.OncePerRequestFilter.doFilter(OncePerRequestFilter.java:117)
	at org.apache.catalina.core.ApplicationFilterChain.internalDoFilter(ApplicationFilterChain.java:189)
	at org.apache.catalina.core.ApplicationFilterChain.doFilter(ApplicationFilterChain.java:162)
	at org.springframework.web.filter.CharacterEncodingFilter.doFilterInternal(CharacterEncodingFilter.java:201)
	at org.springframework.web.filter.OncePerRequestFilter.doFilter(OncePerRequestFilter.java:117)
	at org.apache.catalina.core.ApplicationFilterChain.internalDoFilter(ApplicationFilterChain.java:189)
	at org.apache.catalina.core.ApplicationFilterChain.doFilter(ApplicationFilterChain.java:162)
	at org.apache.catalina.core.StandardWrapperValve.invoke(StandardWrapperValve.java:197)
	at org.apache.catalina.core.StandardContextValve.invoke(StandardContextValve.java:97)
	at org.apache.catalina.authenticator.AuthenticatorBase.invoke(AuthenticatorBase.java:541)
	at org.apache.catalina.core.StandardHostValve.invoke(StandardHostValve.java:135)
	at org.apache.catalina.valves.ErrorReportValve.invoke(ErrorReportValve.java:92)
	at org.apache.catalina.core.StandardEngineValve.invoke(StandardEngineValve.java:78)
	at org.apache.catalina.connector.CoyoteAdapter.service(CoyoteAdapter.java:360)
	at org.apache.coyote.http11.Http11Processor.service(Http11Processor.java:399)
	at org.apache.coyote.AbstractProcessorLight.process(AbstractProcessorLight.java:65)
	at org.apache.coyote.AbstractProtocol$ConnectionHandler.process(AbstractProtocol.java:890)
	at org.apache.tomcat.util.net.NioEndpoint$SocketProcessor.doRun(NioEndpoint.java:1743)
	at org.apache.tomcat.util.net.SocketProcessorBase.run(SocketProcessorBase.java:49)
	at org.apache.tomcat.util.threads.ThreadPoolExecutor.runWorker(ThreadPoolExecutor.java:1191)
	at org.apache.tomcat.util.threads.ThreadPoolExecutor$Worker.run(ThreadPoolExecutor.java:659)
	at org.apache.tomcat.util.threads.TaskThread$WrappingRunnable.run(TaskThread.java:61)
	at java.base/java.lang.Thread.run(Thread.java:833)

[2m2022-05-19 11:17:53.208[0;39m [32m INFO[0;39m [35m46983[0;39m [2m---[0;39m [2m[  restartedMain][0;39m [36mo.s.b.w.embedded.tomcat.TomcatWebServer [0;39m [2m:[0;39m Tomcat initialized with port(s): 9999 (http)
[2m2022-05-19 11:17:53.230[0;39m [32m INFO[0;39m [35m46983[0;39m [2m---[0;39m [2m[  restartedMain][0;39m [36mw.s.c.ServletWebServerApplicationContext[0;39m [2m:[0;39m Root WebApplicationContext: initialization completed in 209 ms
[2m2022-05-19 11:17:53.332[0;39m [32m INFO[0;39m [35m46983[0;39m [2m---[0;39m [2m[  restartedMain][0;39m [36mo.s.b.d.a.OptionalLiveReloadServer      [0;39m [2m:[0;39m LiveReload server is running on port 35729
[2m2022-05-19 11:17:53.386[0;39m [32m INFO[0;39m [35m46983[0;39m [2m---[0;39m [2m[  restartedMain][0;39m [36mo.s.b.w.embedded.tomcat.TomcatWebServer [0;39m [2m:[0;39m Tomcat started on port(s): 9999 (http) with context path '/vue'
[2m2022-05-19 11:17:53.436[0;39m [32m INFO[0;39m [35m46983[0;39m [2m---[0;39m [2m[  restartedMain][0;39m [36m.ConditionEvaluationDeltaLoggingListener[0;39m [2m:[0;39m Condition evaluation unchanged
[2m2022-05-19 11:17:54.981[0;39m [32m INFO[0;39m [35m46983[0;39m [2m---[0;39m [2m[  restartedMain][0;39m [36mo.s.b.w.embedded.tomcat.TomcatWebServer [0;39m [2m:[0;39m Tomcat initialized with port(s): 9999 (http)
[2m2022-05-19 11:17:55.001[0;39m [32m INFO[0;39m [35m46983[0;39m [2m---[0;39m [2m[  restartedMain][0;39m [36mw.s.c.ServletWebServerApplicationContext[0;39m [2m:[0;39m Root WebApplicationContext: initialization completed in 138 ms
[2m2022-05-19 11:17:55.073[0;39m [32m INFO[0;39m [35m46983[0;39m [2m---[0;39m [2m[  restartedMain][0;39m [36mo.s.b.d.a.OptionalLiveReloadServer      [0;39m [2m:[0;39m LiveReload server is running on port 35729
[2m2022-05-19 11:17:55.097[0;39m [32m INFO[0;39m [35m46983[0;39m [2m---[0;39m [2m[  restartedMain][0;39m [36mo.s.b.w.embedded.tomcat.TomcatWebServer [0;39m [2m:[0;39m Tomcat started on port(s): 9999 (http) with context path '/vue'
[2m2022-05-19 11:17:55.128[0;39m [32m INFO[0;39m [35m46983[0;39m [2m---[0;39m [2m[  restartedMain][0;39m [36m.ConditionEvaluationDeltaLoggingListener[0;39m [2m:[0;39m Condition evaluation unchanged
[2m2022-05-19 11:18:24.070[0;39m [32m INFO[0;39m [35m46983[0;39m [2m---[0;39m [2m[nio-9999-exec-1][0;39m [36mo.s.web.servlet.DispatcherServlet       [0;39m [2m:[0;39m Initializing Servlet 'dispatcherServlet'
[2m2022-05-19 11:18:24.081[0;39m [32m INFO[0;39m [35m46983[0;39m [2m---[0;39m [2m[nio-9999-exec-1][0;39m [36mo.s.web.servlet.DispatcherServlet       [0;39m [2m:[0;39m Completed initialization in 9 ms
[2m2022-05-19 11:18:24.093[0;39m [32mDEBUG[0;39m [35m46983[0;39m [2m---[0;39m [2m[nio-9999-exec-1][0;39m [36mc.ssafy.vue.controller.BoardController  [0;39m [2m:[0;39m retrieveBoard - 호출
[2m2022-05-19 11:18:27.702[0;39m [31mERROR[0;39m [35m46983[0;39m [2m---[0;39m [2m[nio-9999-exec-2][0;39m [36mo.a.c.c.C.[.[.[.[dispatcherServlet]     [0;39m [2m:[0;39m Servlet.service() for servlet [dispatcherServlet] in context with path [/vue] threw exception [Handler dispatch failed; nested exception is java.lang.NoClassDefFoundError: javax/xml/bind/DatatypeConverter] with root cause

java.lang.ClassNotFoundException: javax.xml.bind.DatatypeConverter
	at io.jsonwebtoken.impl.Base64Codec.encode(Base64Codec.java:21)
	at io.jsonwebtoken.impl.Base64UrlCodec.encode(Base64UrlCodec.java:22)
	at io.jsonwebtoken.impl.DefaultJwtBuilder.base64UrlEncode(DefaultJwtBuilder.java:349)
	at io.jsonwebtoken.impl.DefaultJwtBuilder.compact(DefaultJwtBuilder.java:295)
	at com.ssafy.vue.service.JwtServiceImpl.create(JwtServiceImpl.java:34)
	at com.ssafy.vue.controller.MemberController.login(MemberController.java:52)
	at java.base/jdk.internal.reflect.NativeMethodAccessorImpl.invoke0(Native Method)
	at java.base/jdk.internal.reflect.NativeMethodAccessorImpl.invoke(NativeMethodAccessorImpl.java:77)
	at java.base/jdk.internal.reflect.DelegatingMethodAccessorImpl.invoke(DelegatingMethodAccessorImpl.java:43)
	at java.base/java.lang.reflect.Method.invoke(Method.java:568)
	at org.springframework.web.method.support.InvocableHandlerMethod.doInvoke(InvocableHandlerMethod.java:205)
	at org.springframework.web.method.support.InvocableHandlerMethod.invokeForRequest(InvocableHandlerMethod.java:150)
	at org.springframework.web.servlet.mvc.method.annotation.ServletInvocableHandlerMethod.invokeAndHandle(ServletInvocableHandlerMethod.java:117)
	at org.springframework.web.servlet.mvc.method.annotation.RequestMappingHandlerAdapter.invokeHandlerMethod(RequestMappingHandlerAdapter.java:895)
	at org.springframework.web.servlet.mvc.method.annotation.RequestMappingHandlerAdapter.handleInternal(RequestMappingHandlerAdapter.java:808)
	at org.springframework.web.servlet.mvc.method.AbstractHandlerMethodAdapter.handle(AbstractHandlerMethodAdapter.java:87)
	at org.springframework.web.servlet.DispatcherServlet.doDispatch(DispatcherServlet.java:1067)
	at org.springframework.web.servlet.DispatcherServlet.doService(DispatcherServlet.java:963)
	at org.springframework.web.servlet.FrameworkServlet.processRequest(FrameworkServlet.java:1006)
	at org.springframework.web.servlet.FrameworkServlet.doPost(FrameworkServlet.java:909)
	at javax.servlet.http.HttpServlet.service(HttpServlet.java:681)
	at org.springframework.web.servlet.FrameworkServlet.service(FrameworkServlet.java:883)
	at javax.servlet.http.HttpServlet.service(HttpServlet.java:764)
	at org.apache.catalina.core.ApplicationFilterChain.internalDoFilter(ApplicationFilterChain.java:227)
	at org.apache.catalina.core.ApplicationFilterChain.doFilter(ApplicationFilterChain.java:162)
	at org.apache.tomcat.websocket.server.WsFilter.doFilter(WsFilter.java:53)
	at org.apache.catalina.core.ApplicationFilterChain.internalDoFilter(ApplicationFilterChain.java:189)
	at org.apache.catalina.core.ApplicationFilterChain.doFilter(ApplicationFilterChain.java:162)
	at org.springframework.web.filter.RequestContextFilter.doFilterInternal(RequestContextFilter.java:100)
	at org.springframework.web.filter.OncePerRequestFilter.doFilter(OncePerRequestFilter.java:117)
	at org.apache.catalina.core.ApplicationFilterChain.internalDoFilter(ApplicationFilterChain.java:189)
	at org.apache.catalina.core.ApplicationFilterChain.doFilter(ApplicationFilterChain.java:162)
	at org.springframework.web.filter.FormContentFilter.doFilterInternal(FormContentFilter.java:93)
	at org.springframework.web.filter.OncePerRequestFilter.doFilter(OncePerRequestFilter.java:117)
	at org.apache.catalina.core.ApplicationFilterChain.internalDoFilter(ApplicationFilterChain.java:189)
	at org.apache.catalina.core.ApplicationFilterChain.doFilter(ApplicationFilterChain.java:162)
	at org.springframework.web.filter.CharacterEncodingFilter.doFilterInternal(CharacterEncodingFilter.java:201)
	at org.springframework.web.filter.OncePerRequestFilter.doFilter(OncePerRequestFilter.java:117)
	at org.apache.catalina.core.ApplicationFilterChain.internalDoFilter(ApplicationFilterChain.java:189)
	at org.apache.catalina.core.ApplicationFilterChain.doFilter(ApplicationFilterChain.java:162)
	at org.apache.catalina.core.StandardWrapperValve.invoke(StandardWrapperValve.java:197)
	at org.apache.catalina.core.StandardContextValve.invoke(StandardContextValve.java:97)
	at org.apache.catalina.authenticator.AuthenticatorBase.invoke(AuthenticatorBase.java:541)
	at org.apache.catalina.core.StandardHostValve.invoke(StandardHostValve.java:135)
	at org.apache.catalina.valves.ErrorReportValve.invoke(ErrorReportValve.java:92)
	at org.apache.catalina.core.StandardEngineValve.invoke(StandardEngineValve.java:78)
	at org.apache.catalina.connector.CoyoteAdapter.service(CoyoteAdapter.java:360)
	at org.apache.coyote.http11.Http11Processor.service(Http11Processor.java:399)
	at org.apache.coyote.AbstractProcessorLight.process(AbstractProcessorLight.java:65)
	at org.apache.coyote.AbstractProtocol$ConnectionHandler.process(AbstractProtocol.java:890)
	at org.apache.tomcat.util.net.NioEndpoint$SocketProcessor.doRun(NioEndpoint.java:1743)
	at org.apache.tomcat.util.net.SocketProcessorBase.run(SocketProcessorBase.java:49)
	at org.apache.tomcat.util.threads.ThreadPoolExecutor.runWorker(ThreadPoolExecutor.java:1191)
	at org.apache.tomcat.util.threads.ThreadPoolExecutor$Worker.run(ThreadPoolExecutor.java:659)
	at org.apache.tomcat.util.threads.TaskThread$WrappingRunnable.run(TaskThread.java:61)
	at java.base/java.lang.Thread.run(Thread.java:833)

[2m2022-05-19 11:18:40.128[0;39m [32m INFO[0;39m [35m46983[0;39m [2m---[0;39m [2m[on(9)-127.0.0.1][0;39m [36minMXBeanRegistrar$SpringApplicationAdmin[0;39m [2m:[0;39m Application shutdown requested.
[2m2022-05-19 11:18:49.139[0;39m [32m INFO[0;39m [35m47183[0;39m [2m---[0;39m [2m[  restartedMain][0;39m [36m.e.DevToolsPropertyDefaultsPostProcessor[0;39m [2m:[0;39m Devtools property defaults active! Set 'spring.devtools.add-properties' to 'false' to disable
[2m2022-05-19 11:18:49.140[0;39m [32m INFO[0;39m [35m47183[0;39m [2m---[0;39m [2m[  restartedMain][0;39m [36m.e.DevToolsPropertyDefaultsPostProcessor[0;39m [2m:[0;39m For additional web related logging consider setting the 'logging.level.web' property to 'DEBUG'
[2m2022-05-19 11:18:49.704[0;39m [32m INFO[0;39m [35m47183[0;39m [2m---[0;39m [2m[  restartedMain][0;39m [36mo.s.b.w.embedded.tomcat.TomcatWebServer [0;39m [2m:[0;39m Tomcat initialized with port(s): 9999 (http)
[2m2022-05-19 11:18:49.790[0;39m [32m INFO[0;39m [35m47183[0;39m [2m---[0;39m [2m[  restartedMain][0;39m [36mw.s.c.ServletWebServerApplicationContext[0;39m [2m:[0;39m Root WebApplicationContext: initialization completed in 650 ms
[2m2022-05-19 11:18:50.093[0;39m [32m INFO[0;39m [35m47183[0;39m [2m---[0;39m [2m[  restartedMain][0;39m [36mo.s.b.d.a.OptionalLiveReloadServer      [0;39m [2m:[0;39m LiveReload server is running on port 35729
[2m2022-05-19 11:18:50.168[0;39m [32m INFO[0;39m [35m47183[0;39m [2m---[0;39m [2m[  restartedMain][0;39m [36mo.s.b.w.embedded.tomcat.TomcatWebServer [0;39m [2m:[0;39m Tomcat started on port(s): 9999 (http) with context path '/vue'
[2m2022-05-19 11:18:56.868[0;39m [32m INFO[0;39m [35m47183[0;39m [2m---[0;39m [2m[nio-9999-exec-1][0;39m [36mo.s.web.servlet.DispatcherServlet       [0;39m [2m:[0;39m Initializing Servlet 'dispatcherServlet'
[2m2022-05-19 11:18:56.871[0;39m [32m INFO[0;39m [35m47183[0;39m [2m---[0;39m [2m[nio-9999-exec-1][0;39m [36mo.s.web.servlet.DispatcherServlet       [0;39m [2m:[0;39m Completed initialization in 2 ms
[2m2022-05-19 11:18:57.143[0;39m [32mDEBUG[0;39m [35m47183[0;39m [2m---[0;39m [2m[nio-9999-exec-1][0;39m [36mc.ssafy.vue.controller.MemberController [0;39m [2m:[0;39m 로그인 토큰정보 : eyJ0eXAiOiJKV1QiLCJyZWdEYXRlIjoxNjUyOTI2NzM3MTMyLCJhbGciOiJIUzI1NiJ9.eyJleHAiOjE2NTI5MzAzMzcsInN1YiI6ImFjY2Vzcy10b2tlbiIsInVzZXJpZCI6ImFkbWluIn0.ga4fS8VIxXhy-_0JuM7dZw8JUESDv1hidq88Et8vdfk
[2m2022-05-19 11:18:57.207[0;39m [32m INFO[0;39m [35m47183[0;39m [2m---[0;39m [2m[nio-9999-exec-3][0;39m [36mc.ssafy.vue.controller.MemberController [0;39m [2m:[0;39m 사용 가능한 토큰!!!
[2m2022-05-19 11:54:26.364[0;39m [33m WARN[0;39m [35m47183[0;39m [2m---[0;39m [2m[l-1 housekeeper][0;39m [36mcom.zaxxer.hikari.pool.HikariPool       [0;39m [2m:[0;39m HikariPool-1 - Thread starvation or clock leap detected (housekeeper delta=5m28s214ms).
[2m2022-05-19 12:10:52.093[0;39m [33m WARN[0;39m [35m47183[0;39m [2m---[0;39m [2m[l-1 housekeeper][0;39m [36mcom.zaxxer.hikari.pool.HikariPool       [0;39m [2m:[0;39m HikariPool-1 - Thread starvation or clock leap detected (housekeeper delta=15m55s711ms).
[2m2022-05-19 12:20:25.066[0;39m [33m WARN[0;39m [35m47183[0;39m [2m---[0;39m [2m[l-1 housekeeper][0;39m [36mcom.zaxxer.hikari.pool.HikariPool       [0;39m [2m:[0;39m HikariPool-1 - Thread starvation or clock leap detected (housekeeper delta=3m31s657ms).
[2m2022-05-19 12:27:55.050[0;39m [33m WARN[0;39m [35m47183[0;39m [2m---[0;39m [2m[l-1 housekeeper][0;39m [36mcom.zaxxer.hikari.pool.HikariPool       [0;39m [2m:[0;39m HikariPool-1 - Thread starvation or clock leap detected (housekeeper delta=5m28s820ms).
[2m2022-05-19 12:30:33.966[0;39m [33m WARN[0;39m [35m47183[0;39m [2m---[0;39m [2m[l-1 housekeeper][0;39m [36mcom.zaxxer.hikari.pool.HikariPool       [0;39m [2m:[0;39m HikariPool-1 - Thread starvation or clock leap detected (housekeeper delta=2m8s911ms).
[2m2022-05-19 12:43:49.076[0;39m [32mDEBUG[0;39m [35m47183[0;39m [2m---[0;39m [2m[nio-9999-exec-5][0;39m [36mc.ssafy.vue.controller.MemberController [0;39m [2m:[0;39m 로그인 토큰정보 : eyJ0eXAiOiJKV1QiLCJyZWdEYXRlIjoxNjUyOTMxODI5MDY1LCJhbGciOiJIUzI1NiJ9.eyJleHAiOjE2NTI5MzU0MjksInN1YiI6ImFjY2Vzcy10b2tlbiIsInVzZXJpZCI6ImFkbWluIn0.pKkdlTAuBBcHBwDil_Mj0eQ7dqhdymnGAgqOPTwAl7A
[2m2022-05-19 12:43:49.158[0;39m [32m INFO[0;39m [35m47183[0;39m [2m---[0;39m [2m[nio-9999-exec-6][0;39m [36mc.ssafy.vue.controller.MemberController [0;39m [2m:[0;39m 사용 가능한 토큰!!!
[2m2022-05-19 12:56:15.996[0;39m [32mDEBUG[0;39m [35m47183[0;39m [2m---[0;39m [2m[nio-9999-exec-8][0;39m [36mc.ssafy.vue.controller.BoardController  [0;39m [2m:[0;39m retrieveBoard - 호출
[2m2022-05-19 12:56:20.582[0;39m [32mDEBUG[0;39m [35m47183[0;39m [2m---[0;39m [2m[nio-9999-exec-1][0;39m [36mc.ssafy.vue.controller.BoardController  [0;39m [2m:[0;39m retrieveBoard - 호출
[2m2022-05-19 13:44:24.313[0;39m [32mDEBUG[0;39m [35m47183[0;39m [2m---[0;39m [2m[nio-9999-exec-4][0;39m [36mc.ssafy.vue.controller.BoardController  [0;39m [2m:[0;39m retrieveBoard - 호출
[2m2022-05-19 13:44:27.707[0;39m [32mDEBUG[0;39m [35m47183[0;39m [2m---[0;39m [2m[nio-9999-exec-5][0;39m [36mc.ssafy.vue.controller.BoardController  [0;39m [2m:[0;39m retrieveBoard - 호출
[2m2022-05-19 13:44:53.431[0;39m [32mDEBUG[0;39m [35m47183[0;39m [2m---[0;39m [2m[nio-9999-exec-6][0;39m [36mc.ssafy.vue.controller.BoardController  [0;39m [2m:[0;39m retrieveBoard - 호출
[2m2022-05-19 13:45:11.831[0;39m [32mDEBUG[0;39m [35m47183[0;39m [2m---[0;39m [2m[nio-9999-exec-7][0;39m [36mc.ssafy.vue.controller.BoardController  [0;39m [2m:[0;39m retrieveBoard - 호출
[2m2022-05-19 13:45:22.309[0;39m [32mDEBUG[0;39m [35m47183[0;39m [2m---[0;39m [2m[nio-9999-exec-8][0;39m [36mc.ssafy.vue.controller.BoardController  [0;39m [2m:[0;39m retrieveBoard - 호출
[2m2022-05-19 13:50:58.742[0;39m [32mDEBUG[0;39m [35m47183[0;39m [2m---[0;39m [2m[io-9999-exec-10][0;39m [36mc.ssafy.vue.controller.BoardController  [0;39m [2m:[0;39m retrieveBoard - 호출
[2m2022-05-19 14:11:12.947[0;39m [32mDEBUG[0;39m [35m47183[0;39m [2m---[0;39m [2m[nio-9999-exec-2][0;39m [36mc.ssafy.vue.controller.BoardController  [0;39m [2m:[0;39m retrieveBoard - 호출
[2m2022-05-19 15:05:56.809[0;39m [32mDEBUG[0;39m [35m47183[0;39m [2m---[0;39m [2m[nio-9999-exec-4][0;39m [36mc.ssafy.vue.controller.BoardController  [0;39m [2m:[0;39m retrieveBoard - 호출
[2m2022-05-19 15:06:13.160[0;39m [32mDEBUG[0;39m [35m47183[0;39m [2m---[0;39m [2m[nio-9999-exec-5][0;39m [36mc.ssafy.vue.controller.BoardController  [0;39m [2m:[0;39m retrieveBoard - 호출
[2m2022-05-19 15:06:22.354[0;39m [32mDEBUG[0;39m [35m47183[0;39m [2m---[0;39m [2m[nio-9999-exec-6][0;39m [36mc.ssafy.vue.controller.BoardController  [0;39m [2m:[0;39m retrieveBoard - 호출
[2m2022-05-19 15:07:38.957[0;39m [32mDEBUG[0;39m [35m47183[0;39m [2m---[0;39m [2m[nio-9999-exec-8][0;39m [36mc.ssafy.vue.controller.BoardController  [0;39m [2m:[0;39m retrieveBoard - 호출
[2m2022-05-19 15:07:41.718[0;39m [32mDEBUG[0;39m [35m47183[0;39m [2m---[0;39m [2m[nio-9999-exec-9][0;39m [36mc.s.v.controller.AnnouncementController [0;39m [2m:[0;39m retrieveAnnouncement - 호출
[2m2022-05-19 15:07:43.564[0;39m [32mDEBUG[0;39m [35m47183[0;39m [2m---[0;39m [2m[io-9999-exec-10][0;39m [36mc.ssafy.vue.controller.BoardController  [0;39m [2m:[0;39m retrieveBoard - 호출
[2m2022-05-19 15:07:48.145[0;39m [32mDEBUG[0;39m [35m47183[0;39m [2m---[0;39m [2m[nio-9999-exec-1][0;39m [36mc.s.v.controller.AnnouncementController [0;39m [2m:[0;39m retrieveAnnouncement - 호출
[2m2022-05-19 15:07:48.545[0;39m [32mDEBUG[0;39m [35m47183[0;39m [2m---[0;39m [2m[nio-9999-exec-2][0;39m [36mc.ssafy.vue.controller.BoardController  [0;39m [2m:[0;39m retrieveBoard - 호출
[2m2022-05-19 15:07:50.144[0;39m [32mDEBUG[0;39m [35m47183[0;39m [2m---[0;39m [2m[nio-9999-exec-3][0;39m [36mc.s.v.controller.AnnouncementController [0;39m [2m:[0;39m retrieveAnnouncement - 호출
[2m2022-05-19 15:07:56.737[0;39m [32mDEBUG[0;39m [35m47183[0;39m [2m---[0;39m [2m[nio-9999-exec-4][0;39m [36mc.s.v.controller.AnnouncementController [0;39m [2m:[0;39m retrieveAnnouncement - 호출
[2m2022-05-19 15:07:58.963[0;39m [32mDEBUG[0;39m [35m47183[0;39m [2m---[0;39m [2m[nio-9999-exec-5][0;39m [36mc.ssafy.vue.controller.BoardController  [0;39m [2m:[0;39m retrieveBoard - 호출
[2m2022-05-19 15:08:00.247[0;39m [32mDEBUG[0;39m [35m47183[0;39m [2m---[0;39m [2m[nio-9999-exec-6][0;39m [36mc.s.v.controller.AnnouncementController [0;39m [2m:[0;39m retrieveAnnouncement - 호출
[2m2022-05-19 15:08:01.505[0;39m [32mDEBUG[0;39m [35m47183[0;39m [2m---[0;39m [2m[nio-9999-exec-7][0;39m [36mc.ssafy.vue.controller.BoardController  [0;39m [2m:[0;39m retrieveBoard - 호출
[2m2022-05-19 15:08:04.036[0;39m [32mDEBUG[0;39m [35m47183[0;39m [2m---[0;39m [2m[nio-9999-exec-8][0;39m [36mc.s.v.controller.AnnouncementController [0;39m [2m:[0;39m retrieveAnnouncement - 호출
[2m2022-05-19 15:26:24.186[0;39m [32mDEBUG[0;39m [35m47183[0;39m [2m---[0;39m [2m[io-9999-exec-10][0;39m [36mc.s.v.controller.AnnouncementController [0;39m [2m:[0;39m retrieveAnnouncement - 호출
[2m2022-05-19 15:26:34.718[0;39m [32mDEBUG[0;39m [35m47183[0;39m [2m---[0;39m [2m[nio-9999-exec-1][0;39m [36mc.ssafy.vue.controller.BoardController  [0;39m [2m:[0;39m retrieveBoard - 호출
[2m2022-05-19 15:28:41.628[0;39m [32mDEBUG[0;39m [35m47183[0;39m [2m---[0;39m [2m[nio-9999-exec-4][0;39m [36mc.ssafy.vue.controller.BoardController  [0;39m [2m:[0;39m retrieveBoard - 호출
[2m2022-05-19 15:28:43.294[0;39m [32mDEBUG[0;39m [35m47183[0;39m [2m---[0;39m [2m[nio-9999-exec-5][0;39m [36mc.s.v.controller.AnnouncementController [0;39m [2m:[0;39m retrieveAnnouncement - 호출
[2m2022-05-19 15:28:52.426[0;39m [32mDEBUG[0;39m [35m47183[0;39m [2m---[0;39m [2m[nio-9999-exec-7][0;39m [36mc.ssafy.vue.controller.MemberController [0;39m [2m:[0;39m 로그인 토큰정보 : eyJ0eXAiOiJKV1QiLCJyZWdEYXRlIjoxNjUyOTQxNzMyNDEwLCJhbGciOiJIUzI1NiJ9.eyJleHAiOjE2NTI5NDUzMzIsInN1YiI6ImFjY2Vzcy10b2tlbiIsInVzZXJpZCI6InNzYWZ5In0.6DuSCb1LY1cFKS1ipwHPymZBmkq5_e_nOJ-27QELNkU
[2m2022-05-19 15:28:52.613[0;39m [32m INFO[0;39m [35m47183[0;39m [2m---[0;39m [2m[nio-9999-exec-9][0;39m [36mc.ssafy.vue.controller.MemberController [0;39m [2m:[0;39m 사용 가능한 토큰!!!
[2m2022-05-19 15:36:51.339[0;39m [32mDEBUG[0;39m [35m47183[0;39m [2m---[0;39m [2m[nio-9999-exec-8][0;39m [36mc.ssafy.vue.controller.BoardController  [0;39m [2m:[0;39m retrieveBoard - 호출
[2m2022-05-19 15:36:53.087[0;39m [32mDEBUG[0;39m [35m47183[0;39m [2m---[0;39m [2m[nio-9999-exec-9][0;39m [36mc.s.v.controller.AnnouncementController [0;39m [2m:[0;39m retrieveAnnouncement - 호출
[2m2022-05-19 15:36:55.683[0;39m [32mDEBUG[0;39m [35m47183[0;39m [2m---[0;39m [2m[io-9999-exec-10][0;39m [36mc.s.v.controller.AnnouncementController [0;39m [2m:[0;39m retrieveAnnouncement - 호출
[2m2022-05-19 15:36:57.433[0;39m [32mDEBUG[0;39m [35m47183[0;39m [2m---[0;39m [2m[nio-9999-exec-1][0;39m [36mc.ssafy.vue.controller.BoardController  [0;39m [2m:[0;39m retrieveBoard - 호출
[2m2022-05-19 15:36:58.529[0;39m [32mDEBUG[0;39m [35m47183[0;39m [2m---[0;39m [2m[nio-9999-exec-2][0;39m [36mc.s.v.controller.AnnouncementController [0;39m [2m:[0;39m retrieveAnnouncement - 호출
[2m2022-05-19 15:53:52.152[0;39m [32mDEBUG[0;39m [35m47183[0;39m [2m---[0;39m [2m[nio-9999-exec-8][0;39m [36mc.ssafy.vue.controller.MemberController [0;39m [2m:[0;39m 로그인 토큰정보 : eyJ0eXAiOiJKV1QiLCJyZWdEYXRlIjoxNjUyOTQzMjMyMTQ0LCJhbGciOiJIUzI1NiJ9.eyJleHAiOjE2NTI5NDY4MzIsInN1YiI6ImFjY2Vzcy10b2tlbiIsInVzZXJpZCI6InNzYWZ5In0.SXUuxsnZ4CaxnPSQztGGSa0krQjSUP6yOCGcXLYo6RA
[2m2022-05-19 15:53:52.343[0;39m [32m INFO[0;39m [35m47183[0;39m [2m---[0;39m [2m[io-9999-exec-10][0;39m [36mc.ssafy.vue.controller.MemberController [0;39m [2m:[0;39m 사용 가능한 토큰!!!
[2m2022-05-19 15:54:02.563[0;39m [32mDEBUG[0;39m [35m47183[0;39m [2m---[0;39m [2m[nio-9999-exec-2][0;39m [36mc.ssafy.vue.controller.MemberController [0;39m [2m:[0;39m 로그인 토큰정보 : eyJ0eXAiOiJKV1QiLCJyZWdEYXRlIjoxNjUyOTQzMjQyNTYxLCJhbGciOiJIUzI1NiJ9.eyJleHAiOjE2NTI5NDY4NDIsInN1YiI6ImFjY2Vzcy10b2tlbiIsInVzZXJpZCI6ImFkbWluIn0.8Xh-oWjaIq9qIpFVNMkbPW-_6ZxiKbnswIWxhpAr4hw
[2m2022-05-19 15:54:02.583[0;39m [32m INFO[0;39m [35m47183[0;39m [2m---[0;39m [2m[nio-9999-exec-4][0;39m [36mc.ssafy.vue.controller.MemberController [0;39m [2m:[0;39m 사용 가능한 토큰!!!
[2m2022-05-19 15:54:31.071[0;39m [32mDEBUG[0;39m [35m47183[0;39m [2m---[0;39m [2m[nio-9999-exec-5][0;39m [36mc.ssafy.vue.controller.MemberController [0;39m [2m:[0;39m 로그인 토큰정보 : eyJ0eXAiOiJKV1QiLCJyZWdEYXRlIjoxNjUyOTQzMjcxMDcwLCJhbGciOiJIUzI1NiJ9.eyJleHAiOjE2NTI5NDY4NzEsInN1YiI6ImFjY2Vzcy10b2tlbiIsInVzZXJpZCI6ImFkbWluIn0.zm3mGH71rr-6SWjvyKsKyqcy6XX2nDq5tTNxkhvJn9g
[2m2022-05-19 15:54:31.087[0;39m [32m INFO[0;39m [35m47183[0;39m [2m---[0;39m [2m[nio-9999-exec-6][0;39m [36mc.ssafy.vue.controller.MemberController [0;39m [2m:[0;39m 사용 가능한 토큰!!!
[2m2022-05-19 15:55:22.333[0;39m [32mDEBUG[0;39m [35m47183[0;39m [2m---[0;39m [2m[nio-9999-exec-7][0;39m [36mc.ssafy.vue.controller.MemberController [0;39m [2m:[0;39m 로그인 토큰정보 : eyJ0eXAiOiJKV1QiLCJyZWdEYXRlIjoxNjUyOTQzMzIyMzMxLCJhbGciOiJIUzI1NiJ9.eyJleHAiOjE2NTI5NDY5MjIsInN1YiI6ImFjY2Vzcy10b2tlbiIsInVzZXJpZCI6ImFkbWluIn0.EDc1vr0yT3ROF0ciF0f40eOd0iHqBt6M0QiKRBK424A
[2m2022-05-19 15:55:22.352[0;39m [32m INFO[0;39m [35m47183[0;39m [2m---[0;39m [2m[nio-9999-exec-8][0;39m [36mc.ssafy.vue.controller.MemberController [0;39m [2m:[0;39m 사용 가능한 토큰!!!
[2m2022-05-19 15:55:57.651[0;39m [32mDEBUG[0;39m [35m47183[0;39m [2m---[0;39m [2m[io-9999-exec-10][0;39m [36mc.ssafy.vue.controller.MemberController [0;39m [2m:[0;39m 로그인 토큰정보 : eyJ0eXAiOiJKV1QiLCJyZWdEYXRlIjoxNjUyOTQzMzU3NjQ5LCJhbGciOiJIUzI1NiJ9.eyJleHAiOjE2NTI5NDY5NTcsInN1YiI6ImFjY2Vzcy10b2tlbiIsInVzZXJpZCI6InNzYWZ5In0.ospDJd-rRjt5kDVA6xmtML8cO9Kjo46skEfUudiv2N0
[2m2022-05-19 15:55:57.695[0;39m [32m INFO[0;39m [35m47183[0;39m [2m---[0;39m [2m[nio-9999-exec-1][0;39m [36mc.ssafy.vue.controller.MemberController [0;39m [2m:[0;39m 사용 가능한 토큰!!!
[2m2022-05-19 15:56:38.690[0;39m [32mDEBUG[0;39m [35m47183[0;39m [2m---[0;39m [2m[nio-9999-exec-3][0;39m [36mc.ssafy.vue.controller.MemberController [0;39m [2m:[0;39m 로그인 토큰정보 : eyJ0eXAiOiJKV1QiLCJyZWdEYXRlIjoxNjUyOTQzMzk4Njg5LCJhbGciOiJIUzI1NiJ9.eyJleHAiOjE2NTI5NDY5OTgsInN1YiI6ImFjY2Vzcy10b2tlbiIsInVzZXJpZCI6InNzYWZ5In0.o5uNXEWvqd2IrfDWxAObR5aRP8qFiDYsZRTraEN6ZHY
[2m2022-05-19 15:56:38.704[0;39m [32m INFO[0;39m [35m47183[0;39m [2m---[0;39m [2m[nio-9999-exec-4][0;39m [36mc.ssafy.vue.controller.MemberController [0;39m [2m:[0;39m 사용 가능한 토큰!!!
[2m2022-05-19 15:57:18.394[0;39m [32mDEBUG[0;39m [35m47183[0;39m [2m---[0;39m [2m[nio-9999-exec-6][0;39m [36mc.ssafy.vue.controller.MemberController [0;39m [2m:[0;39m 로그인 토큰정보 : eyJ0eXAiOiJKV1QiLCJyZWdEYXRlIjoxNjUyOTQzNDM4MzkzLCJhbGciOiJIUzI1NiJ9.eyJleHAiOjE2NTI5NDcwMzgsInN1YiI6ImFjY2Vzcy10b2tlbiIsInVzZXJpZCI6ImFkbWluIn0.B1MONVm6bZP-DYKkyQBgaaZrPI48hgPB98oa3TY19Pw
[2m2022-05-19 15:57:18.417[0;39m [32m INFO[0;39m [35m47183[0;39m [2m---[0;39m [2m[nio-9999-exec-7][0;39m [36mc.ssafy.vue.controller.MemberController [0;39m [2m:[0;39m 사용 가능한 토큰!!!
[2m2022-05-19 15:58:40.153[0;39m [32mDEBUG[0;39m [35m47183[0;39m [2m---[0;39m [2m[nio-9999-exec-9][0;39m [36mc.ssafy.vue.controller.BoardController  [0;39m [2m:[0;39m retrieveBoard - 호출
[2m2022-05-19 16:02:48.744[0;39m [32mDEBUG[0;39m [35m47183[0;39m [2m---[0;39m [2m[nio-9999-exec-1][0;39m [36mc.ssafy.vue.controller.BoardController  [0;39m [2m:[0;39m retrieveBoard - 호출
[2m2022-05-19 16:02:57.383[0;39m [32mDEBUG[0;39m [35m47183[0;39m [2m---[0;39m [2m[nio-9999-exec-2][0;39m [36mc.ssafy.vue.controller.MemberController [0;39m [2m:[0;39m 로그인 토큰정보 : eyJ0eXAiOiJKV1QiLCJyZWdEYXRlIjoxNjUyOTQzNzc3Mzc5LCJhbGciOiJIUzI1NiJ9.eyJleHAiOjE2NTI5NDczNzcsInN1YiI6ImFjY2Vzcy10b2tlbiIsInVzZXJpZCI6InNzYWZ5In0.oaFuBUM7LL_4WrkqW5VLnI-Ff1cjwa_P9_7EtUO1MeQ
[2m2022-05-19 16:02:57.409[0;39m [32m INFO[0;39m [35m47183[0;39m [2m---[0;39m [2m[nio-9999-exec-3][0;39m [36mc.ssafy.vue.controller.MemberController [0;39m [2m:[0;39m 사용 가능한 토큰!!!
[2m2022-05-19 16:02:58.933[0;39m [32mDEBUG[0;39m [35m47183[0;39m [2m---[0;39m [2m[nio-9999-exec-4][0;39m [36mc.ssafy.vue.controller.BoardController  [0;39m [2m:[0;39m retrieveBoard - 호출
[2m2022-05-19 16:03:26.520[0;39m [32mDEBUG[0;39m [35m47183[0;39m [2m---[0;39m [2m[nio-9999-exec-5][0;39m [36mc.ssafy.vue.controller.BoardController  [0;39m [2m:[0;39m retrieveBoard - 호출
[2m2022-05-19 16:03:36.302[0;39m [32mDEBUG[0;39m [35m47183[0;39m [2m---[0;39m [2m[nio-9999-exec-6][0;39m [36mc.s.v.controller.AnnouncementController [0;39m [2m:[0;39m retrieveAnnouncement - 호출
[2m2022-05-19 16:03:41.292[0;39m [32mDEBUG[0;39m [35m47183[0;39m [2m---[0;39m [2m[nio-9999-exec-7][0;39m [36mc.s.v.controller.AnnouncementController [0;39m [2m:[0;39m retrieveAnnouncement - 호출
[2m2022-05-19 16:04:57.935[0;39m [32mDEBUG[0;39m [35m47183[0;39m [2m---[0;39m [2m[nio-9999-exec-9][0;39m [36mc.s.v.controller.AnnouncementController [0;39m [2m:[0;39m retrieveAnnouncement - 호출
[2m2022-05-19 16:05:51.049[0;39m [32mDEBUG[0;39m [35m47183[0;39m [2m---[0;39m [2m[nio-9999-exec-1][0;39m [36mc.s.v.controller.AnnouncementController [0;39m [2m:[0;39m retrieveAnnouncement - 호출
[2m2022-05-19 16:05:51.096[0;39m [32mDEBUG[0;39m [35m47183[0;39m [2m---[0;39m [2m[nio-9999-exec-2][0;39m [36mc.s.v.controller.AnnouncementController [0;39m [2m:[0;39m retrieveAnnouncement - 호출
[2m2022-05-19 16:06:05.696[0;39m [32mDEBUG[0;39m [35m47183[0;39m [2m---[0;39m [2m[nio-9999-exec-3][0;39m [36mc.s.v.controller.AnnouncementController [0;39m [2m:[0;39m retrieveAnnouncement - 호출
[2m2022-05-19 16:06:30.167[0;39m [32mDEBUG[0;39m [35m47183[0;39m [2m---[0;39m [2m[nio-9999-exec-5][0;39m [36mc.ssafy.vue.controller.MemberController [0;39m [2m:[0;39m 로그인 토큰정보 : eyJ0eXAiOiJKV1QiLCJyZWdEYXRlIjoxNjUyOTQzOTkwMTYzLCJhbGciOiJIUzI1NiJ9.eyJleHAiOjE2NTI5NDc1OTAsInN1YiI6ImFjY2Vzcy10b2tlbiIsInVzZXJpZCI6InNzYWZ5In0.vSIAd8IsVn11ouy60kV1jf7C8VhdVj3vN4Iu-R-enuo
[2m2022-05-19 16:06:30.199[0;39m [32m INFO[0;39m [35m47183[0;39m [2m---[0;39m [2m[nio-9999-exec-7][0;39m [36mc.ssafy.vue.controller.MemberController [0;39m [2m:[0;39m 사용 가능한 토큰!!!
[2m2022-05-19 16:06:33.249[0;39m [32mDEBUG[0;39m [35m47183[0;39m [2m---[0;39m [2m[nio-9999-exec-9][0;39m [36mc.ssafy.vue.controller.BoardController  [0;39m [2m:[0;39m retrieveBoard - 호출
[2m2022-05-19 16:06:34.066[0;39m [32mDEBUG[0;39m [35m47183[0;39m [2m---[0;39m [2m[io-9999-exec-10][0;39m [36mc.s.v.controller.AnnouncementController [0;39m [2m:[0;39m retrieveAnnouncement - 호출
[2m2022-05-19 16:06:43.839[0;39m [32mDEBUG[0;39m [35m47183[0;39m [2m---[0;39m [2m[nio-9999-exec-1][0;39m [36mc.ssafy.vue.controller.MemberController [0;39m [2m:[0;39m 로그인 토큰정보 : eyJ0eXAiOiJKV1QiLCJyZWdEYXRlIjoxNjUyOTQ0MDAzODM4LCJhbGciOiJIUzI1NiJ9.eyJleHAiOjE2NTI5NDc2MDMsInN1YiI6ImFjY2Vzcy10b2tlbiIsInVzZXJpZCI6ImFkbWluIn0.r6oAJHRf1qebfbWrG_Mnxbo_66SaWufI_IRnC3zuGMg
[2m2022-05-19 16:06:43.859[0;39m [32m INFO[0;39m [35m47183[0;39m [2m---[0;39m [2m[nio-9999-exec-3][0;39m [36mc.ssafy.vue.controller.MemberController [0;39m [2m:[0;39m 사용 가능한 토큰!!!
[2m2022-05-19 16:06:45.814[0;39m [32mDEBUG[0;39m [35m47183[0;39m [2m---[0;39m [2m[nio-9999-exec-4][0;39m [36mc.s.v.controller.AnnouncementController [0;39m [2m:[0;39m retrieveAnnouncement - 호출
[2m2022-05-19 16:06:53.675[0;39m [32mDEBUG[0;39m [35m47183[0;39m [2m---[0;39m [2m[nio-9999-exec-5][0;39m [36mc.s.v.controller.AnnouncementController [0;39m [2m:[0;39m retrieveAnnouncement - 호출
[2m2022-05-19 17:27:07.921[0;39m [33m WARN[0;39m [35m47183[0;39m [2m---[0;39m [2m[l-1 housekeeper][0;39m [36mcom.zaxxer.hikari.pool.HikariPool       [0;39m [2m:[0;39m HikariPool-1 - Thread starvation or clock leap detected (housekeeper delta=5m28s490ms).
[2m2022-05-19 17:29:41.740[0;39m [33m WARN[0;39m [35m47183[0;39m [2m---[0;39m [2m[l-1 housekeeper][0;39m [36mcom.zaxxer.hikari.pool.HikariPool       [0;39m [2m:[0;39m HikariPool-1 - Thread starvation or clock leap detected (housekeeper delta=2m33s813ms).
[2m2022-05-19 17:33:16.790[0;39m [33m WARN[0;39m [35m47183[0;39m [2m---[0;39m [2m[l-1 housekeeper][0;39m [36mcom.zaxxer.hikari.pool.HikariPool       [0;39m [2m:[0;39m HikariPool-1 - Thread starvation or clock leap detected (housekeeper delta=3m5s36ms).
[2m2022-05-19 17:34:47.178[0;39m [33m WARN[0;39m [35m47183[0;39m [2m---[0;39m [2m[l-1 housekeeper][0;39m [36mcom.zaxxer.hikari.pool.HikariPool       [0;39m [2m:[0;39m HikariPool-1 - Thread starvation or clock leap detected (housekeeper delta=1m30s392ms).
[2m2022-05-19 17:46:21.065[0;39m [33m WARN[0;39m [35m47183[0;39m [2m---[0;39m [2m[l-1 housekeeper][0;39m [36mcom.zaxxer.hikari.pool.HikariPool       [0;39m [2m:[0;39m HikariPool-1 - Thread starvation or clock leap detected (housekeeper delta=11m3s887ms).
[2m2022-05-19 17:51:10.305[0;39m [33m WARN[0;39m [35m47183[0;39m [2m---[0;39m [2m[l-1 housekeeper][0;39m [36mcom.zaxxer.hikari.pool.HikariPool       [0;39m [2m:[0;39m HikariPool-1 - Thread starvation or clock leap detected (housekeeper delta=4m49s237ms).
[2m2022-05-19 18:00:12.731[0;39m [33m WARN[0;39m [35m47183[0;39m [2m---[0;39m [2m[l-1 housekeeper][0;39m [36mcom.zaxxer.hikari.pool.HikariPool       [0;39m [2m:[0;39m HikariPool-1 - Thread starvation or clock leap detected (housekeeper delta=8m32s427ms).
[2m2022-05-19 18:02:06.581[0;39m [32m INFO[0;39m [35m47183[0;39m [2m---[0;39m [2m[(380)-127.0.0.1][0;39m [36minMXBeanRegistrar$SpringApplicationAdmin[0;39m [2m:[0;39m Application shutdown requested.
