[2m2022-05-22 16:52:19.653[0;39m [32m INFO[0;39m [35m7795[0;39m [2m---[0;39m [2m[  restartedMain][0;39m [36m.e.DevToolsPropertyDefaultsPostProcessor[0;39m [2m:[0;39m Devtools property defaults active! Set 'spring.devtools.add-properties' to 'false' to disable
[2m2022-05-22 16:52:19.654[0;39m [32m INFO[0;39m [35m7795[0;39m [2m---[0;39m [2m[  restartedMain][0;39m [36m.e.DevToolsPropertyDefaultsPostProcessor[0;39m [2m:[0;39m For additional web related logging consider setting the 'logging.level.web' property to 'DEBUG'
[2m2022-05-22 16:52:20.213[0;39m [32m INFO[0;39m [35m7795[0;39m [2m---[0;39m [2m[  restartedMain][0;39m [36mo.s.b.w.embedded.tomcat.TomcatWebServer [0;39m [2m:[0;39m Tomcat initialized with port(s): 9999 (http)
[2m2022-05-22 16:52:20.297[0;39m [32m INFO[0;39m [35m7795[0;39m [2m---[0;39m [2m[  restartedMain][0;39m [36mw.s.c.ServletWebServerApplicationContext[0;39m [2m:[0;39m Root WebApplicationContext: initialization completed in 642 ms
[2m2022-05-22 16:52:20.600[0;39m [32m INFO[0;39m [35m7795[0;39m [2m---[0;39m [2m[  restartedMain][0;39m [36mo.s.b.d.a.OptionalLiveReloadServer      [0;39m [2m:[0;39m LiveReload server is running on port 35729
[2m2022-05-22 16:52:20.677[0;39m [32m INFO[0;39m [35m7795[0;39m [2m---[0;39m [2m[  restartedMain][0;39m [36mo.s.b.w.embedded.tomcat.TomcatWebServer [0;39m [2m:[0;39m Tomcat started on port(s): 9999 (http) with context path '/vue'
[2m2022-05-22 16:52:26.307[0;39m [32m INFO[0;39m [35m7795[0;39m [2m---[0;39m [2m[nio-9999-exec-1][0;39m [36mo.s.web.servlet.DispatcherServlet       [0;39m [2m:[0;39m Initializing Servlet 'dispatcherServlet'
[2m2022-05-22 16:52:26.308[0;39m [32m INFO[0;39m [35m7795[0;39m [2m---[0;39m [2m[nio-9999-exec-1][0;39m [36mo.s.web.servlet.DispatcherServlet       [0;39m [2m:[0;39m Completed initialization in 1 ms
[2m2022-05-22 16:52:26.327[0;39m [32mDEBUG[0;39m [35m7795[0;39m [2m---[0;39m [2m[nio-9999-exec-1][0;39m [36mc.ssafy.vue.controller.BoardController  [0;39m [2m:[0;39m retrieveBoard - 호출
[2m2022-05-22 16:52:28.762[0;39m [32mDEBUG[0;39m [35m7795[0;39m [2m---[0;39m [2m[nio-9999-exec-2][0;39m [36mc.s.v.controller.AnnouncementController [0;39m [2m:[0;39m retrieveAnnouncement - 호출
[2m2022-05-22 16:52:31.092[0;39m [32mDEBUG[0;39m [35m7795[0;39m [2m---[0;39m [2m[nio-9999-exec-3][0;39m [36mc.ssafy.vue.controller.BoardController  [0;39m [2m:[0;39m retrieveBoard - 호출
[2m2022-05-22 16:52:32.072[0;39m [32mDEBUG[0;39m [35m7795[0;39m [2m---[0;39m [2m[nio-9999-exec-4][0;39m [36mc.s.v.controller.AnnouncementController [0;39m [2m:[0;39m retrieveAnnouncement - 호출
[2m2022-05-22 16:53:02.642[0;39m [32mDEBUG[0;39m [35m7795[0;39m [2m---[0;39m [2m[nio-9999-exec-5][0;39m [36mc.s.v.controller.AnnouncementController [0;39m [2m:[0;39m retrieveAnnouncement - 호출
[2m2022-05-22 17:00:46.774[0;39m [32mDEBUG[0;39m [35m7795[0;39m [2m---[0;39m [2m[nio-9999-exec-7][0;39m [36mc.s.v.controller.AnnouncementController [0;39m [2m:[0;39m retrieveAnnouncement - 호출
[2m2022-05-22 17:00:49.242[0;39m [32mDEBUG[0;39m [35m7795[0;39m [2m---[0;39m [2m[nio-9999-exec-8][0;39m [36mc.s.v.controller.AnnouncementController [0;39m [2m:[0;39m retrieveAnnouncement - 호출
[2m2022-05-22 17:00:51.092[0;39m [32mDEBUG[0;39m [35m7795[0;39m [2m---[0;39m [2m[nio-9999-exec-9][0;39m [36mc.ssafy.vue.controller.BoardController  [0;39m [2m:[0;39m retrieveBoard - 호출
[2m2022-05-22 17:00:52.212[0;39m [32mDEBUG[0;39m [35m7795[0;39m [2m---[0;39m [2m[io-9999-exec-10][0;39m [36mc.s.v.controller.AnnouncementController [0;39m [2m:[0;39m retrieveAnnouncement - 호출
[2m2022-05-22 17:00:58.392[0;39m [32mDEBUG[0;39m [35m7795[0;39m [2m---[0;39m [2m[nio-9999-exec-1][0;39m [36mc.s.v.controller.AnnouncementController [0;39m [2m:[0;39m retrieveAnnouncement - 호출
[2m2022-05-22 17:01:01.712[0;39m [32mDEBUG[0;39m [35m7795[0;39m [2m---[0;39m [2m[nio-9999-exec-2][0;39m [36mc.s.v.controller.AnnouncementController [0;39m [2m:[0;39m retrieveAnnouncement - 호출
[2m2022-05-22 17:01:13.333[0;39m [32mDEBUG[0;39m [35m7795[0;39m [2m---[0;39m [2m[nio-9999-exec-3][0;39m [36mc.s.v.controller.AnnouncementController [0;39m [2m:[0;39m retrieveAnnouncement - 호출
[2m2022-05-22 17:01:20.512[0;39m [32mDEBUG[0;39m [35m7795[0;39m [2m---[0;39m [2m[nio-9999-exec-5][0;39m [36mc.ssafy.vue.controller.MemberController [0;39m [2m:[0;39m 로그인 토큰정보 : eyJ0eXAiOiJKV1QiLCJyZWdEYXRlIjoxNjUzMjA2NDgwNDg4LCJhbGciOiJIUzI1NiJ9.eyJleHAiOjE2NTMyMTAwODAsInN1YiI6ImFjY2Vzcy10b2tlbiIsInVzZXJpZCI6ImFkbWluIn0.TSqdsLGmcI1DZ0FLZv74ddBuYPWA4usWLnaZQfEEex0
[2m2022-05-22 17:01:20.553[0;39m [32m INFO[0;39m [35m7795[0;39m [2m---[0;39m [2m[nio-9999-exec-7][0;39m [36mc.ssafy.vue.controller.MemberController [0;39m [2m:[0;39m 사용 가능한 토큰!!!
[2m2022-05-22 17:01:23.787[0;39m [32mDEBUG[0;39m [35m7795[0;39m [2m---[0;39m [2m[nio-9999-exec-9][0;39m [36mc.s.v.controller.AnnouncementController [0;39m [2m:[0;39m retrieveAnnouncement - 호출
[2m2022-05-22 17:01:29.550[0;39m [32mDEBUG[0;39m [35m7795[0;39m [2m---[0;39m [2m[io-9999-exec-10][0;39m [36mc.ssafy.vue.controller.BoardController  [0;39m [2m:[0;39m retrieveBoard - 호출
[2m2022-05-22 17:01:30.995[0;39m [32mDEBUG[0;39m [35m7795[0;39m [2m---[0;39m [2m[nio-9999-exec-2][0;39m [36mc.s.v.controller.AnnouncementController [0;39m [2m:[0;39m retrieveAnnouncement - 호출
[2m2022-05-22 17:01:36.502[0;39m [32mDEBUG[0;39m [35m7795[0;39m [2m---[0;39m [2m[nio-9999-exec-4][0;39m [36mc.ssafy.vue.controller.BoardController  [0;39m [2m:[0;39m retrieveBoard - 호출
[2m2022-05-22 17:01:41.517[0;39m [32mDEBUG[0;39m [35m7795[0;39m [2m---[0;39m [2m[nio-9999-exec-5][0;39m [36mc.s.v.controller.AnnouncementController [0;39m [2m:[0;39m retrieveAnnouncement - 호출
[2m2022-05-22 17:03:09.900[0;39m [32mDEBUG[0;39m [35m7795[0;39m [2m---[0;39m [2m[nio-9999-exec-7][0;39m [36mc.s.v.controller.AnnouncementController [0;39m [2m:[0;39m retrieveAnnouncement - 호출
[2m2022-05-22 17:03:10.931[0;39m [32mDEBUG[0;39m [35m7795[0;39m [2m---[0;39m [2m[nio-9999-exec-9][0;39m [36mc.s.v.controller.AnnouncementController [0;39m [2m:[0;39m retrieveAnnouncement - 호출
[2m2022-05-22 17:03:12.344[0;39m [32mDEBUG[0;39m [35m7795[0;39m [2m---[0;39m [2m[io-9999-exec-10][0;39m [36mc.s.v.controller.AnnouncementController [0;39m [2m:[0;39m retrieveAnnouncement - 호출
[2m2022-05-22 17:03:20.930[0;39m [32mDEBUG[0;39m [35m7795[0;39m [2m---[0;39m [2m[nio-9999-exec-1][0;39m [36mc.s.v.controller.AnnouncementController [0;39m [2m:[0;39m retrieveAnnouncement - 호출
[2m2022-05-22 17:03:22.418[0;39m [32mDEBUG[0;39m [35m7795[0;39m [2m---[0;39m [2m[nio-9999-exec-2][0;39m [36mc.s.v.controller.AnnouncementController [0;39m [2m:[0;39m retrieveAnnouncement - 호출
[2m2022-05-22 17:03:27.247[0;39m [32mDEBUG[0;39m [35m7795[0;39m [2m---[0;39m [2m[nio-9999-exec-4][0;39m [36mc.s.v.controller.AnnouncementController [0;39m [2m:[0;39m retrieveAnnouncement - 호출
[2m2022-05-22 17:04:16.044[0;39m [32mDEBUG[0;39m [35m7795[0;39m [2m---[0;39m [2m[nio-9999-exec-8][0;39m [36mc.s.v.controller.AnnouncementController [0;39m [2m:[0;39m retrieveAnnouncement - 호출
[2m2022-05-22 17:04:16.081[0;39m [32mDEBUG[0;39m [35m7795[0;39m [2m---[0;39m [2m[nio-9999-exec-6][0;39m [36mc.s.v.controller.AnnouncementController [0;39m [2m:[0;39m retrieveAnnouncement - 호출
[2m2022-05-22 17:04:16.099[0;39m [32mDEBUG[0;39m [35m7795[0;39m [2m---[0;39m [2m[nio-9999-exec-7][0;39m [36mc.s.v.controller.AnnouncementController [0;39m [2m:[0;39m retrieveAnnouncement - 호출
[2m2022-05-22 17:04:39.483[0;39m [32mDEBUG[0;39m [35m7795[0;39m [2m---[0;39m [2m[nio-9999-exec-9][0;39m [36mc.s.v.controller.AnnouncementController [0;39m [2m:[0;39m retrieveAnnouncement - 호출
[2m2022-05-22 17:04:39.501[0;39m [32mDEBUG[0;39m [35m7795[0;39m [2m---[0;39m [2m[io-9999-exec-10][0;39m [36mc.s.v.controller.AnnouncementController [0;39m [2m:[0;39m retrieveAnnouncement - 호출
[2m2022-05-22 17:05:37.247[0;39m [32mDEBUG[0;39m [35m7795[0;39m [2m---[0;39m [2m[nio-9999-exec-2][0;39m [36mc.s.v.controller.AnnouncementController [0;39m [2m:[0;39m retrieveAnnouncement - 호출
[2m2022-05-22 17:05:37.275[0;39m [32mDEBUG[0;39m [35m7795[0;39m [2m---[0;39m [2m[nio-9999-exec-3][0;39m [36mc.s.v.controller.AnnouncementController [0;39m [2m:[0;39m retrieveAnnouncement - 호출
[2m2022-05-22 17:05:37.285[0;39m [32mDEBUG[0;39m [35m7795[0;39m [2m---[0;39m [2m[nio-9999-exec-4][0;39m [36mc.s.v.controller.AnnouncementController [0;39m [2m:[0;39m retrieveAnnouncement - 호출
[2m2022-05-22 17:05:37.308[0;39m [32mDEBUG[0;39m [35m7795[0;39m [2m---[0;39m [2m[nio-9999-exec-5][0;39m [36mc.s.v.controller.AnnouncementController [0;39m [2m:[0;39m retrieveAnnouncement - 호출
[2m2022-05-22 17:05:37.335[0;39m [32mDEBUG[0;39m [35m7795[0;39m [2m---[0;39m [2m[nio-9999-exec-8][0;39m [36mc.s.v.controller.AnnouncementController [0;39m [2m:[0;39m retrieveAnnouncement - 호출
[2m2022-05-22 17:05:37.346[0;39m [32mDEBUG[0;39m [35m7795[0;39m [2m---[0;39m [2m[nio-9999-exec-6][0;39m [36mc.s.v.controller.AnnouncementController [0;39m [2m:[0;39m retrieveAnnouncement - 호출
[2m2022-05-22 17:05:37.356[0;39m [32mDEBUG[0;39m [35m7795[0;39m [2m---[0;39m [2m[nio-9999-exec-7][0;39m [36mc.s.v.controller.AnnouncementController [0;39m [2m:[0;39m retrieveAnnouncement - 호출
[2m2022-05-22 17:05:37.364[0;39m [32mDEBUG[0;39m [35m7795[0;39m [2m---[0;39m [2m[nio-9999-exec-9][0;39m [36mc.s.v.controller.AnnouncementController [0;39m [2m:[0;39m retrieveAnnouncement - 호출
[2m2022-05-22 17:05:37.379[0;39m [32mDEBUG[0;39m [35m7795[0;39m [2m---[0;39m [2m[io-9999-exec-10][0;39m [36mc.s.v.controller.AnnouncementController [0;39m [2m:[0;39m retrieveAnnouncement - 호출
[2m2022-05-22 17:05:39.226[0;39m [32mDEBUG[0;39m [35m7795[0;39m [2m---[0;39m [2m[nio-9999-exec-1][0;39m [36mc.s.v.controller.AnnouncementController [0;39m [2m:[0;39m retrieveAnnouncement - 호출
[2m2022-05-22 17:05:40.774[0;39m [32mDEBUG[0;39m [35m7795[0;39m [2m---[0;39m [2m[nio-9999-exec-2][0;39m [36mc.s.v.controller.AnnouncementController [0;39m [2m:[0;39m retrieveAnnouncement - 호출
[2m2022-05-22 17:05:42.241[0;39m [32mDEBUG[0;39m [35m7795[0;39m [2m---[0;39m [2m[nio-9999-exec-3][0;39m [36mc.s.v.controller.AnnouncementController [0;39m [2m:[0;39m retrieveAnnouncement - 호출
[2m2022-05-22 17:06:02.286[0;39m [32mDEBUG[0;39m [35m7795[0;39m [2m---[0;39m [2m[nio-9999-exec-4][0;39m [36mc.ssafy.vue.controller.MemberController [0;39m [2m:[0;39m 로그인 토큰정보 : eyJ0eXAiOiJKV1QiLCJyZWdEYXRlIjoxNjUzMjA2NzYyMjg0LCJhbGciOiJIUzI1NiJ9.eyJleHAiOjE2NTMyMTAzNjIsInN1YiI6ImFjY2Vzcy10b2tlbiIsInVzZXJpZCI6ImFkbWluIn0.bpCaKBsAoj3uNDgvbiUXLB18vezByw5_7yAfXiBf-Wg
[2m2022-05-22 17:06:02.306[0;39m [32m INFO[0;39m [35m7795[0;39m [2m---[0;39m [2m[nio-9999-exec-5][0;39m [36mc.ssafy.vue.controller.MemberController [0;39m [2m:[0;39m 사용 가능한 토큰!!!
[2m2022-05-22 17:06:04.387[0;39m [32mDEBUG[0;39m [35m7795[0;39m [2m---[0;39m [2m[nio-9999-exec-6][0;39m [36mc.s.v.controller.AnnouncementController [0;39m [2m:[0;39m retrieveAnnouncement - 호출
[2m2022-05-22 17:06:18.118[0;39m [32mDEBUG[0;39m [35m7795[0;39m [2m---[0;39m [2m[nio-9999-exec-7][0;39m [36mc.s.v.controller.AnnouncementController [0;39m [2m:[0;39m retrieveAnnouncement - 호출
[2m2022-05-22 17:06:18.190[0;39m [32mDEBUG[0;39m [35m7795[0;39m [2m---[0;39m [2m[nio-9999-exec-9][0;39m [36mc.s.v.controller.AnnouncementController [0;39m [2m:[0;39m retrieveAnnouncement - 호출
[2m2022-05-22 17:06:19.668[0;39m [32mDEBUG[0;39m [35m7795[0;39m [2m---[0;39m [2m[io-9999-exec-10][0;39m [36mc.s.v.controller.AnnouncementController [0;39m [2m:[0;39m retrieveAnnouncement - 호출
[2m2022-05-22 17:06:24.605[0;39m [32mDEBUG[0;39m [35m7795[0;39m [2m---[0;39m [2m[nio-9999-exec-1][0;39m [36mc.s.v.controller.AnnouncementController [0;39m [2m:[0;39m retrieveAnnouncement - 호출
[2m2022-05-22 17:15:40.025[0;39m [32mDEBUG[0;39m [35m7795[0;39m [2m---[0;39m [2m[nio-9999-exec-4][0;39m [36mc.s.v.controller.AnnouncementController [0;39m [2m:[0;39m retrieveAnnouncement - 호출
[2m2022-05-22 17:15:43.162[0;39m [32mDEBUG[0;39m [35m7795[0;39m [2m---[0;39m [2m[nio-9999-exec-5][0;39m [36mc.s.v.controller.AnnouncementController [0;39m [2m:[0;39m retrieveAnnouncement - 호출
[2m2022-05-22 17:15:51.066[0;39m [32mDEBUG[0;39m [35m7795[0;39m [2m---[0;39m [2m[nio-9999-exec-6][0;39m [36mc.s.v.controller.AnnouncementController [0;39m [2m:[0;39m retrieveAnnouncement - 호출
[2m2022-05-22 17:15:53.188[0;39m [32mDEBUG[0;39m [35m7795[0;39m [2m---[0;39m [2m[nio-9999-exec-7][0;39m [36mc.s.v.controller.AnnouncementController [0;39m [2m:[0;39m retrieveAnnouncement - 호출
[2m2022-05-22 17:16:05.869[0;39m [32mDEBUG[0;39m [35m7795[0;39m [2m---[0;39m [2m[nio-9999-exec-9][0;39m [36mc.s.v.controller.AnnouncementController [0;39m [2m:[0;39m retrieveAnnouncement - 호출
[2m2022-05-22 17:16:07.299[0;39m [32mDEBUG[0;39m [35m7795[0;39m [2m---[0;39m [2m[io-9999-exec-10][0;39m [36mc.s.v.controller.AnnouncementController [0;39m [2m:[0;39m retrieveAnnouncement - 호출
[2m2022-05-22 17:16:18.245[0;39m [32mDEBUG[0;39m [35m7795[0;39m [2m---[0;39m [2m[nio-9999-exec-1][0;39m [36mc.s.v.controller.AnnouncementController [0;39m [2m:[0;39m retrieveAnnouncement - 호출
[2m2022-05-22 17:16:18.355[0;39m [32mDEBUG[0;39m [35m7795[0;39m [2m---[0;39m [2m[nio-9999-exec-2][0;39m [36mc.s.v.controller.AnnouncementController [0;39m [2m:[0;39m retrieveAnnouncement - 호출
[2m2022-05-22 17:16:19.485[0;39m [32mDEBUG[0;39m [35m7795[0;39m [2m---[0;39m [2m[nio-9999-exec-3][0;39m [36mc.s.v.controller.AnnouncementController [0;39m [2m:[0;39m retrieveAnnouncement - 호출
[2m2022-05-22 17:16:24.449[0;39m [32mDEBUG[0;39m [35m7795[0;39m [2m---[0;39m [2m[nio-9999-exec-4][0;39m [36mc.s.v.controller.AnnouncementController [0;39m [2m:[0;39m retrieveAnnouncement - 호출
[2m2022-05-22 17:17:08.189[0;39m [32mDEBUG[0;39m [35m7795[0;39m [2m---[0;39m [2m[nio-9999-exec-5][0;39m [36mc.s.v.controller.AnnouncementController [0;39m [2m:[0;39m retrieveAnnouncement - 호출
[2m2022-05-22 17:17:08.293[0;39m [32mDEBUG[0;39m [35m7795[0;39m [2m---[0;39m [2m[nio-9999-exec-8][0;39m [36mc.s.v.controller.AnnouncementController [0;39m [2m:[0;39m retrieveAnnouncement - 호출
[2m2022-05-22 17:17:08.331[0;39m [32mDEBUG[0;39m [35m7795[0;39m [2m---[0;39m [2m[nio-9999-exec-6][0;39m [36mc.s.v.controller.AnnouncementController [0;39m [2m:[0;39m retrieveAnnouncement - 호출
[2m2022-05-22 17:17:08.363[0;39m [32mDEBUG[0;39m [35m7795[0;39m [2m---[0;39m [2m[nio-9999-exec-7][0;39m [36mc.s.v.controller.AnnouncementController [0;39m [2m:[0;39m retrieveAnnouncement - 호출
[2m2022-05-22 17:17:08.388[0;39m [32mDEBUG[0;39m [35m7795[0;39m [2m---[0;39m [2m[nio-9999-exec-9][0;39m [36mc.s.v.controller.AnnouncementController [0;39m [2m:[0;39m retrieveAnnouncement - 호출
[2m2022-05-22 17:17:08.418[0;39m [32mDEBUG[0;39m [35m7795[0;39m [2m---[0;39m [2m[io-9999-exec-10][0;39m [36mc.s.v.controller.AnnouncementController [0;39m [2m:[0;39m retrieveAnnouncement - 호출
[2m2022-05-22 17:17:10.036[0;39m [32mDEBUG[0;39m [35m7795[0;39m [2m---[0;39m [2m[nio-9999-exec-1][0;39m [36mc.s.v.controller.AnnouncementController [0;39m [2m:[0;39m retrieveAnnouncement - 호출
[2m2022-05-22 17:19:02.338[0;39m [32mDEBUG[0;39m [35m7795[0;39m [2m---[0;39m [2m[nio-9999-exec-3][0;39m [36mc.s.v.controller.AnnouncementController [0;39m [2m:[0;39m retrieveAnnouncement - 호출
[2m2022-05-22 17:19:02.423[0;39m [32mDEBUG[0;39m [35m7795[0;39m [2m---[0;39m [2m[nio-9999-exec-4][0;39m [36mc.s.v.controller.AnnouncementController [0;39m [2m:[0;39m retrieveAnnouncement - 호출
[2m2022-05-22 17:19:02.468[0;39m [32mDEBUG[0;39m [35m7795[0;39m [2m---[0;39m [2m[nio-9999-exec-5][0;39m [36mc.s.v.controller.AnnouncementController [0;39m [2m:[0;39m retrieveAnnouncement - 호출
[2m2022-05-22 17:19:02.503[0;39m [32mDEBUG[0;39m [35m7795[0;39m [2m---[0;39m [2m[nio-9999-exec-8][0;39m [36mc.s.v.controller.AnnouncementController [0;39m [2m:[0;39m retrieveAnnouncement - 호출
[2m2022-05-22 17:19:05.447[0;39m [32mDEBUG[0;39m [35m7795[0;39m [2m---[0;39m [2m[nio-9999-exec-6][0;39m [36mc.s.v.controller.AnnouncementController [0;39m [2m:[0;39m retrieveAnnouncement - 호출
[2m2022-05-22 17:19:18.049[0;39m [32mDEBUG[0;39m [35m7795[0;39m [2m---[0;39m [2m[nio-9999-exec-9][0;39m [36mc.ssafy.vue.controller.MemberController [0;39m [2m:[0;39m 로그인 토큰정보 : eyJ0eXAiOiJKV1QiLCJyZWdEYXRlIjoxNjUzMjA3NTU4MDQ4LCJhbGciOiJIUzI1NiJ9.eyJleHAiOjE2NTMyMTExNTgsInN1YiI6ImFjY2Vzcy10b2tlbiIsInVzZXJpZCI6InNzYWZ5In0.Gzq6vRQkSpoflt2qMk5xpQV2si6ZU87FPAcXI-9N_JA
[2m2022-05-22 17:19:18.091[0;39m [32m INFO[0;39m [35m7795[0;39m [2m---[0;39m [2m[nio-9999-exec-1][0;39m [36mc.ssafy.vue.controller.MemberController [0;39m [2m:[0;39m 사용 가능한 토큰!!!
[2m2022-05-22 17:19:19.788[0;39m [32mDEBUG[0;39m [35m7795[0;39m [2m---[0;39m [2m[nio-9999-exec-3][0;39m [36mc.s.v.controller.AnnouncementController [0;39m [2m:[0;39m retrieveAnnouncement - 호출
[2m2022-05-22 17:21:09.754[0;39m [32mDEBUG[0;39m [35m7795[0;39m [2m---[0;39m [2m[nio-9999-exec-8][0;39m [36mc.s.v.controller.AnnouncementController [0;39m [2m:[0;39m retrieveAnnouncement - 호출
[2m2022-05-22 17:21:09.794[0;39m [32mDEBUG[0;39m [35m7795[0;39m [2m---[0;39m [2m[nio-9999-exec-6][0;39m [36mc.s.v.controller.AnnouncementController [0;39m [2m:[0;39m retrieveAnnouncement - 호출
[2m2022-05-22 17:23:00.264[0;39m [32mDEBUG[0;39m [35m7795[0;39m [2m---[0;39m [2m[nio-9999-exec-9][0;39m [36mc.s.v.controller.AnnouncementController [0;39m [2m:[0;39m retrieveAnnouncement - 호출
[2m2022-05-22 17:23:00.359[0;39m [32mDEBUG[0;39m [35m7795[0;39m [2m---[0;39m [2m[io-9999-exec-10][0;39m [36mc.s.v.controller.AnnouncementController [0;39m [2m:[0;39m retrieveAnnouncement - 호출
[2m2022-05-22 17:23:00.404[0;39m [32mDEBUG[0;39m [35m7795[0;39m [2m---[0;39m [2m[nio-9999-exec-2][0;39m [36mc.s.v.controller.AnnouncementController [0;39m [2m:[0;39m retrieveAnnouncement - 호출
[2m2022-05-22 17:23:00.434[0;39m [32mDEBUG[0;39m [35m7795[0;39m [2m---[0;39m [2m[nio-9999-exec-1][0;39m [36mc.s.v.controller.AnnouncementController [0;39m [2m:[0;39m retrieveAnnouncement - 호출
[2m2022-05-22 17:23:00.463[0;39m [32mDEBUG[0;39m [35m7795[0;39m [2m---[0;39m [2m[nio-9999-exec-3][0;39m [36mc.s.v.controller.AnnouncementController [0;39m [2m:[0;39m retrieveAnnouncement - 호출
[2m2022-05-22 17:23:00.494[0;39m [32mDEBUG[0;39m [35m7795[0;39m [2m---[0;39m [2m[nio-9999-exec-4][0;39m [36mc.s.v.controller.AnnouncementController [0;39m [2m:[0;39m retrieveAnnouncement - 호출
[2m2022-05-22 17:23:00.523[0;39m [32mDEBUG[0;39m [35m7795[0;39m [2m---[0;39m [2m[nio-9999-exec-5][0;39m [36mc.s.v.controller.AnnouncementController [0;39m [2m:[0;39m retrieveAnnouncement - 호출
[2m2022-05-22 17:23:00.549[0;39m [32mDEBUG[0;39m [35m7795[0;39m [2m---[0;39m [2m[nio-9999-exec-8][0;39m [36mc.s.v.controller.AnnouncementController [0;39m [2m:[0;39m retrieveAnnouncement - 호출
[2m2022-05-22 17:23:05.100[0;39m [32mDEBUG[0;39m [35m7795[0;39m [2m---[0;39m [2m[nio-9999-exec-6][0;39m [36mc.s.v.controller.AnnouncementController [0;39m [2m:[0;39m retrieveAnnouncement - 호출
[2m2022-05-22 17:23:06.400[0;39m [32mDEBUG[0;39m [35m7795[0;39m [2m---[0;39m [2m[nio-9999-exec-7][0;39m [36mc.s.v.controller.AnnouncementController [0;39m [2m:[0;39m retrieveAnnouncement - 호출
[2m2022-05-22 17:23:10.996[0;39m [32mDEBUG[0;39m [35m7795[0;39m [2m---[0;39m [2m[io-9999-exec-10][0;39m [36mc.s.v.controller.AnnouncementController [0;39m [2m:[0;39m retrieveAnnouncement - 호출
[2m2022-05-22 17:23:19.199[0;39m [32mDEBUG[0;39m [35m7795[0;39m [2m---[0;39m [2m[nio-9999-exec-2][0;39m [36mc.ssafy.vue.controller.MemberController [0;39m [2m:[0;39m 로그인 토큰정보 : eyJ0eXAiOiJKV1QiLCJyZWdEYXRlIjoxNjUzMjA3Nzk5MTk3LCJhbGciOiJIUzI1NiJ9.eyJleHAiOjE2NTMyMTEzOTksInN1YiI6ImFjY2Vzcy10b2tlbiIsInVzZXJpZCI6ImFkbWluIn0.j2_Lq9xaJOaru2JgLVkkDeGcjeSFY3sg9ggTd9Nb5w8
[2m2022-05-22 17:23:19.214[0;39m [32m INFO[0;39m [35m7795[0;39m [2m---[0;39m [2m[nio-9999-exec-3][0;39m [36mc.ssafy.vue.controller.MemberController [0;39m [2m:[0;39m 사용 가능한 토큰!!!
[2m2022-05-22 17:23:20.986[0;39m [32mDEBUG[0;39m [35m7795[0;39m [2m---[0;39m [2m[nio-9999-exec-5][0;39m [36mc.s.v.controller.AnnouncementController [0;39m [2m:[0;39m retrieveAnnouncement - 호출
[2m2022-05-22 17:23:29.732[0;39m [32mDEBUG[0;39m [35m7795[0;39m [2m---[0;39m [2m[nio-9999-exec-6][0;39m [36mc.s.v.controller.AnnouncementController [0;39m [2m:[0;39m retrieveAnnouncement - 호출
[2m2022-05-22 17:23:37.304[0;39m [32mDEBUG[0;39m [35m7795[0;39m [2m---[0;39m [2m[nio-9999-exec-9][0;39m [36mc.ssafy.vue.controller.MemberController [0;39m [2m:[0;39m 로그인 토큰정보 : eyJ0eXAiOiJKV1QiLCJyZWdEYXRlIjoxNjUzMjA3ODE3MzAzLCJhbGciOiJIUzI1NiJ9.eyJleHAiOjE2NTMyMTE0MTcsInN1YiI6ImFjY2Vzcy10b2tlbiIsInVzZXJpZCI6InNzYWZ5In0.Gxkrjvn0Y5NghuvboUN3wMTCZpyMlsroBlbEUYMQKmc
[2m2022-05-22 17:23:37.315[0;39m [32m INFO[0;39m [35m7795[0;39m [2m---[0;39m [2m[io-9999-exec-10][0;39m [36mc.ssafy.vue.controller.MemberController [0;39m [2m:[0;39m 사용 가능한 토큰!!!
[2m2022-05-22 17:23:39.143[0;39m [32mDEBUG[0;39m [35m7795[0;39m [2m---[0;39m [2m[nio-9999-exec-1][0;39m [36mc.s.v.controller.AnnouncementController [0;39m [2m:[0;39m retrieveAnnouncement - 호출
[2m2022-05-22 17:24:31.741[0;39m [32mDEBUG[0;39m [35m7795[0;39m [2m---[0;39m [2m[nio-9999-exec-5][0;39m [36mc.s.v.controller.AnnouncementController [0;39m [2m:[0;39m retrieveAnnouncement - 호출
[2m2022-05-22 17:24:35.116[0;39m [32mDEBUG[0;39m [35m7795[0;39m [2m---[0;39m [2m[nio-9999-exec-8][0;39m [36mc.ssafy.vue.controller.BoardController  [0;39m [2m:[0;39m retrieveBoard - 호출
[2m2022-05-22 17:26:28.614[0;39m [32mDEBUG[0;39m [35m7795[0;39m [2m---[0;39m [2m[nio-9999-exec-7][0;39m [36mc.s.v.controller.AnnouncementController [0;39m [2m:[0;39m retrieveAnnouncement - 호출
[2m2022-05-22 17:26:30.318[0;39m [32mDEBUG[0;39m [35m7795[0;39m [2m---[0;39m [2m[nio-9999-exec-9][0;39m [36mc.ssafy.vue.controller.BoardController  [0;39m [2m:[0;39m retrieveBoard - 호출
[2m2022-05-22 17:26:33.458[0;39m [32mDEBUG[0;39m [35m7795[0;39m [2m---[0;39m [2m[io-9999-exec-10][0;39m [36mc.s.v.controller.AnnouncementController [0;39m [2m:[0;39m retrieveAnnouncement - 호출
[2m2022-05-22 17:27:22.471[0;39m [32mDEBUG[0;39m [35m7795[0;39m [2m---[0;39m [2m[nio-9999-exec-2][0;39m [36mc.s.v.controller.AnnouncementController [0;39m [2m:[0;39m retrieveAnnouncement - 호출
[2m2022-05-22 17:27:22.935[0;39m [32mDEBUG[0;39m [35m7795[0;39m [2m---[0;39m [2m[nio-9999-exec-1][0;39m [36mc.s.v.controller.AnnouncementController [0;39m [2m:[0;39m detailAnnouncement - 호출
[2m2022-05-22 17:27:26.603[0;39m [32mDEBUG[0;39m [35m7795[0;39m [2m---[0;39m [2m[nio-9999-exec-4][0;39m [36mc.s.v.controller.AnnouncementController [0;39m [2m:[0;39m retrieveAnnouncement - 호출
[2m2022-05-22 17:27:28.224[0;39m [32mDEBUG[0;39m [35m7795[0;39m [2m---[0;39m [2m[nio-9999-exec-3][0;39m [36mc.ssafy.vue.controller.BoardController  [0;39m [2m:[0;39m retrieveBoard - 호출
[2m2022-05-22 17:27:29.787[0;39m [32mDEBUG[0;39m [35m7795[0;39m [2m---[0;39m [2m[nio-9999-exec-5][0;39m [36mc.ssafy.vue.controller.BoardController  [0;39m [2m:[0;39m detailBoard - 호출
[2m2022-05-22 17:27:32.465[0;39m [32mDEBUG[0;39m [35m7795[0;39m [2m---[0;39m [2m[nio-9999-exec-8][0;39m [36mc.ssafy.vue.controller.BoardController  [0;39m [2m:[0;39m retrieveBoard - 호출
[2m2022-05-22 17:27:34.677[0;39m [32mDEBUG[0;39m [35m7795[0;39m [2m---[0;39m [2m[nio-9999-exec-6][0;39m [36mc.ssafy.vue.controller.BoardController  [0;39m [2m:[0;39m detailBoard - 호출
[2m2022-05-22 17:27:37.068[0;39m [32mDEBUG[0;39m [35m7795[0;39m [2m---[0;39m [2m[nio-9999-exec-7][0;39m [36mc.ssafy.vue.controller.BoardController  [0;39m [2m:[0;39m retrieveBoard - 호출
[2m2022-05-22 17:27:49.946[0;39m [32mDEBUG[0;39m [35m7795[0;39m [2m---[0;39m [2m[io-9999-exec-10][0;39m [36mc.ssafy.vue.controller.MemberController [0;39m [2m:[0;39m 로그인 토큰정보 : eyJ0eXAiOiJKV1QiLCJyZWdEYXRlIjoxNjUzMjA4MDY5OTQ1LCJhbGciOiJIUzI1NiJ9.eyJleHAiOjE2NTMyMTE2NjksInN1YiI6ImFjY2Vzcy10b2tlbiIsInVzZXJpZCI6ImtpbXNzYWZ5In0.oOkGyrLCGCGYq1S0oWjdLzzXatRjKL5H2p6w2nc0NN4
[2m2022-05-22 17:27:49.961[0;39m [32m INFO[0;39m [35m7795[0;39m [2m---[0;39m [2m[nio-9999-exec-1][0;39m [36mc.ssafy.vue.controller.MemberController [0;39m [2m:[0;39m 사용 가능한 토큰!!!
[2m2022-05-22 17:27:51.645[0;39m [32mDEBUG[0;39m [35m7795[0;39m [2m---[0;39m [2m[nio-9999-exec-3][0;39m [36mc.ssafy.vue.controller.BoardController  [0;39m [2m:[0;39m retrieveBoard - 호출
[2m2022-05-22 17:27:53.862[0;39m [32mDEBUG[0;39m [35m7795[0;39m [2m---[0;39m [2m[nio-9999-exec-5][0;39m [36mc.ssafy.vue.controller.BoardController  [0;39m [2m:[0;39m detailBoard - 호출
[2m2022-05-22 17:27:55.263[0;39m [32mDEBUG[0;39m [35m7795[0;39m [2m---[0;39m [2m[nio-9999-exec-8][0;39m [36mc.ssafy.vue.controller.BoardController  [0;39m [2m:[0;39m detailBoard - 호출
[2m2022-05-22 17:27:56.889[0;39m [32mDEBUG[0;39m [35m7795[0;39m [2m---[0;39m [2m[nio-9999-exec-6][0;39m [36mc.ssafy.vue.controller.BoardController  [0;39m [2m:[0;39m retrieveBoard - 호출
[2m2022-05-22 17:29:38.630[0;39m [32mDEBUG[0;39m [35m7795[0;39m [2m---[0;39m [2m[nio-9999-exec-2][0;39m [36mc.ssafy.vue.controller.BoardController  [0;39m [2m:[0;39m retrieveBoard - 호출
[2m2022-05-22 17:29:39.897[0;39m [32mDEBUG[0;39m [35m7795[0;39m [2m---[0;39m [2m[nio-9999-exec-1][0;39m [36mc.ssafy.vue.controller.BoardController  [0;39m [2m:[0;39m detailBoard - 호출
[2m2022-05-22 17:29:53.345[0;39m [32mDEBUG[0;39m [35m7795[0;39m [2m---[0;39m [2m[nio-9999-exec-3][0;39m [36mc.s.v.controller.AnnouncementController [0;39m [2m:[0;39m retrieveAnnouncement - 호출
[2m2022-05-22 17:29:58.055[0;39m [32mDEBUG[0;39m [35m7795[0;39m [2m---[0;39m [2m[nio-9999-exec-5][0;39m [36mc.s.v.controller.AnnouncementController [0;39m [2m:[0;39m detailAnnouncement - 호출
[2m2022-05-22 17:30:04.408[0;39m [32mDEBUG[0;39m [35m7795[0;39m [2m---[0;39m [2m[nio-9999-exec-8][0;39m [36mc.s.v.controller.AnnouncementController [0;39m [2m:[0;39m detailAnnouncement - 호출
[2m2022-05-22 17:30:06.511[0;39m [32mDEBUG[0;39m [35m7795[0;39m [2m---[0;39m [2m[nio-9999-exec-6][0;39m [36mc.s.v.controller.AnnouncementController [0;39m [2m:[0;39m retrieveAnnouncement - 호출
[2m2022-05-22 17:30:14.561[0;39m [32mDEBUG[0;39m [35m7795[0;39m [2m---[0;39m [2m[nio-9999-exec-7][0;39m [36mc.ssafy.vue.controller.BoardController  [0;39m [2m:[0;39m retrieveBoard - 호출
[2m2022-05-22 17:30:18.748[0;39m [32mDEBUG[0;39m [35m7795[0;39m [2m---[0;39m [2m[io-9999-exec-10][0;39m [36mc.ssafy.vue.controller.BoardController  [0;39m [2m:[0;39m retrieveBoard - 호출
[2m2022-05-22 17:30:22.530[0;39m [32mDEBUG[0;39m [35m7795[0;39m [2m---[0;39m [2m[nio-9999-exec-9][0;39m [36mc.ssafy.vue.controller.BoardController  [0;39m [2m:[0;39m retrieveBoard - 호출
[2m2022-05-22 17:30:26.784[0;39m [32mDEBUG[0;39m [35m7795[0;39m [2m---[0;39m [2m[nio-9999-exec-2][0;39m [36mc.s.v.controller.AnnouncementController [0;39m [2m:[0;39m retrieveAnnouncement - 호출
[2m2022-05-22 17:30:27.907[0;39m [32mDEBUG[0;39m [35m7795[0;39m [2m---[0;39m [2m[nio-9999-exec-1][0;39m [36mc.s.v.controller.AnnouncementController [0;39m [2m:[0;39m detailAnnouncement - 호출
[2m2022-05-22 17:33:36.785[0;39m [32mDEBUG[0;39m [35m7795[0;39m [2m---[0;39m [2m[nio-9999-exec-3][0;39m [36mc.ssafy.vue.controller.BoardController  [0;39m [2m:[0;39m retrieveBoard - 호출
[2m2022-05-22 17:33:42.371[0;39m [32mDEBUG[0;39m [35m7795[0;39m [2m---[0;39m [2m[nio-9999-exec-5][0;39m [36mc.ssafy.vue.controller.BoardController  [0;39m [2m:[0;39m retrieveBoard - 호출
[2m2022-05-22 17:34:06.303[0;39m [32mDEBUG[0;39m [35m7795[0;39m [2m---[0;39m [2m[nio-9999-exec-8][0;39m [36mc.ssafy.vue.controller.BoardController  [0;39m [2m:[0;39m retrieveBoard - 호출
[2m2022-05-22 17:35:07.076[0;39m [32mDEBUG[0;39m [35m7795[0;39m [2m---[0;39m [2m[nio-9999-exec-7][0;39m [36mc.ssafy.vue.controller.BoardController  [0;39m [2m:[0;39m retrieveBoard - 호출
[2m2022-05-22 17:35:08.701[0;39m [32mDEBUG[0;39m [35m7795[0;39m [2m---[0;39m [2m[io-9999-exec-10][0;39m [36mc.ssafy.vue.controller.BoardController  [0;39m [2m:[0;39m retrieveBoard - 호출
[2m2022-05-22 17:35:19.253[0;39m [32mDEBUG[0;39m [35m7795[0;39m [2m---[0;39m [2m[nio-9999-exec-9][0;39m [36mc.ssafy.vue.controller.BoardController  [0;39m [2m:[0;39m retrieveBoard - 호출
[2m2022-05-22 17:35:40.411[0;39m [32mDEBUG[0;39m [35m7795[0;39m [2m---[0;39m [2m[nio-9999-exec-2][0;39m [36mc.ssafy.vue.controller.BoardController  [0;39m [2m:[0;39m retrieveBoard - 호출
[2m2022-05-22 17:35:49.552[0;39m [32mDEBUG[0;39m [35m7795[0;39m [2m---[0;39m [2m[nio-9999-exec-1][0;39m [36mc.ssafy.vue.controller.BoardController  [0;39m [2m:[0;39m retrieveBoard - 호출
[2m2022-05-22 17:39:24.228[0;39m [32mDEBUG[0;39m [35m7795[0;39m [2m---[0;39m [2m[nio-9999-exec-3][0;39m [36mc.ssafy.vue.controller.BoardController  [0;39m [2m:[0;39m retrieveBoard - 호출
[2m2022-05-22 17:39:32.215[0;39m [32mDEBUG[0;39m [35m7795[0;39m [2m---[0;39m [2m[nio-9999-exec-5][0;39m [36mc.ssafy.vue.controller.BoardController  [0;39m [2m:[0;39m retrieveBoard - 호출
[2m2022-05-22 17:39:46.370[0;39m [32mDEBUG[0;39m [35m7795[0;39m [2m---[0;39m [2m[nio-9999-exec-6][0;39m [36mc.ssafy.vue.controller.MemberController [0;39m [2m:[0;39m 로그인 토큰정보 : eyJ0eXAiOiJKV1QiLCJyZWdEYXRlIjoxNjUzMjA4Nzg2MzY4LCJhbGciOiJIUzI1NiJ9.eyJleHAiOjE2NTMyMTIzODYsInN1YiI6ImFjY2Vzcy10b2tlbiIsInVzZXJpZCI6ImtpbXNzYWZ5In0.A4qYlDskHpHC9lo2Qbg5nHzKZcOVZYRuiMI_CXxc0Xs
[2m2022-05-22 17:39:46.404[0;39m [32m INFO[0;39m [35m7795[0;39m [2m---[0;39m [2m[io-9999-exec-10][0;39m [36mc.ssafy.vue.controller.MemberController [0;39m [2m:[0;39m 사용 가능한 토큰!!!
[2m2022-05-22 17:39:48.472[0;39m [32mDEBUG[0;39m [35m7795[0;39m [2m---[0;39m [2m[nio-9999-exec-2][0;39m [36mc.ssafy.vue.controller.BoardController  [0;39m [2m:[0;39m retrieveBoard - 호출
[2m2022-05-22 17:39:49.730[0;39m [32mDEBUG[0;39m [35m7795[0;39m [2m---[0;39m [2m[nio-9999-exec-1][0;39m [36mc.ssafy.vue.controller.BoardController  [0;39m [2m:[0;39m detailBoard - 호출
[2m2022-05-22 17:39:51.660[0;39m [32mDEBUG[0;39m [35m7795[0;39m [2m---[0;39m [2m[nio-9999-exec-4][0;39m [36mc.ssafy.vue.controller.BoardController  [0;39m [2m:[0;39m retrieveBoard - 호출
[2m2022-05-22 17:39:53.590[0;39m [32mDEBUG[0;39m [35m7795[0;39m [2m---[0;39m [2m[nio-9999-exec-3][0;39m [36mc.ssafy.vue.controller.BoardController  [0;39m [2m:[0;39m detailBoard - 호출
[2m2022-05-22 17:39:55.012[0;39m [32mDEBUG[0;39m [35m7795[0;39m [2m---[0;39m [2m[nio-9999-exec-5][0;39m [36mc.ssafy.vue.controller.BoardController  [0;39m [2m:[0;39m retrieveBoard - 호출
[2m2022-05-22 17:40:00.478[0;39m [32mDEBUG[0;39m [35m7795[0;39m [2m---[0;39m [2m[nio-9999-exec-8][0;39m [36mc.s.v.controller.AnnouncementController [0;39m [2m:[0;39m retrieveAnnouncement - 호출
[2m2022-05-22 17:40:03.107[0;39m [32mDEBUG[0;39m [35m7795[0;39m [2m---[0;39m [2m[nio-9999-exec-6][0;39m [36mc.s.v.controller.AnnouncementController [0;39m [2m:[0;39m detailAnnouncement - 호출
[2m2022-05-22 17:40:06.194[0;39m [32mDEBUG[0;39m [35m7795[0;39m [2m---[0;39m [2m[nio-9999-exec-7][0;39m [36mc.s.v.controller.AnnouncementController [0;39m [2m:[0;39m retrieveAnnouncement - 호출
[2m2022-05-22 17:43:19.478[0;39m [32mDEBUG[0;39m [35m7795[0;39m [2m---[0;39m [2m[nio-9999-exec-2][0;39m [36mc.s.v.controller.AnnouncementController [0;39m [2m:[0;39m retrieveAnnouncement - 호출
[2m2022-05-22 17:43:20.866[0;39m [32mDEBUG[0;39m [35m7795[0;39m [2m---[0;39m [2m[nio-9999-exec-1][0;39m [36mc.s.v.controller.AnnouncementController [0;39m [2m:[0;39m retrieveAnnouncement - 호출
[2m2022-05-22 17:43:51.861[0;39m [32mDEBUG[0;39m [35m7795[0;39m [2m---[0;39m [2m[nio-9999-exec-4][0;39m [36mc.s.v.controller.AnnouncementController [0;39m [2m:[0;39m retrieveAnnouncement - 호출
[2m2022-05-22 17:43:58.890[0;39m [32mDEBUG[0;39m [35m7795[0;39m [2m---[0;39m [2m[nio-9999-exec-3][0;39m [36mc.s.v.controller.AnnouncementController [0;39m [2m:[0;39m retrieveAnnouncement - 호출
[2m2022-05-22 17:43:59.530[0;39m [32mDEBUG[0;39m [35m7795[0;39m [2m---[0;39m [2m[nio-9999-exec-5][0;39m [36mc.s.v.controller.AnnouncementController [0;39m [2m:[0;39m retrieveAnnouncement - 호출
[2m2022-05-22 17:44:39.342[0;39m [32mDEBUG[0;39m [35m7795[0;39m [2m---[0;39m [2m[nio-9999-exec-8][0;39m [36mc.s.v.controller.AnnouncementController [0;39m [2m:[0;39m retrieveAnnouncement - 호출
[2m2022-05-22 17:44:39.838[0;39m [32mDEBUG[0;39m [35m7795[0;39m [2m---[0;39m [2m[nio-9999-exec-6][0;39m [36mc.s.v.controller.AnnouncementController [0;39m [2m:[0;39m retrieveAnnouncement - 호출
[2m2022-05-22 17:44:57.052[0;39m [32mDEBUG[0;39m [35m7795[0;39m [2m---[0;39m [2m[nio-9999-exec-7][0;39m [36mc.s.v.controller.AnnouncementController [0;39m [2m:[0;39m retrieveAnnouncement - 호출
[2m2022-05-22 17:45:01.211[0;39m [32mDEBUG[0;39m [35m7795[0;39m [2m---[0;39m [2m[io-9999-exec-10][0;39m [36mc.s.v.controller.AnnouncementController [0;39m [2m:[0;39m retrieveAnnouncement - 호출
[2m2022-05-22 17:45:01.784[0;39m [32mDEBUG[0;39m [35m7795[0;39m [2m---[0;39m [2m[nio-9999-exec-9][0;39m [36mc.s.v.controller.AnnouncementController [0;39m [2m:[0;39m detailAnnouncement - 호출
[2m2022-05-22 17:50:27.350[0;39m [33m WARN[0;39m [35m7795[0;39m [2m---[0;39m [2m[l-1 housekeeper][0;39m [36mcom.zaxxer.hikari.pool.HikariPool       [0;39m [2m:[0;39m HikariPool-1 - Thread starvation or clock leap detected (housekeeper delta=3m280ms).
[2m2022-05-22 17:50:47.830[0;39m [32mDEBUG[0;39m [35m7795[0;39m [2m---[0;39m [2m[nio-9999-exec-1][0;39m [36mc.s.v.controller.AnnouncementController [0;39m [2m:[0;39m retrieveAnnouncement - 호출
[2m2022-05-22 17:50:48.968[0;39m [32mDEBUG[0;39m [35m7795[0;39m [2m---[0;39m [2m[nio-9999-exec-4][0;39m [36mc.s.v.controller.AnnouncementController [0;39m [2m:[0;39m detailAnnouncement - 호출
[2m2022-05-22 17:51:52.163[0;39m [32mDEBUG[0;39m [35m7795[0;39m [2m---[0;39m [2m[nio-9999-exec-5][0;39m [36mc.ssafy.vue.controller.MemberController [0;39m [2m:[0;39m 로그인 토큰정보 : eyJ0eXAiOiJKV1QiLCJyZWdEYXRlIjoxNjUzMjA5NTEyMTYyLCJhbGciOiJIUzI1NiJ9.eyJleHAiOjE2NTMyMTMxMTIsInN1YiI6ImFjY2Vzcy10b2tlbiIsInVzZXJpZCI6ImFkbWluIn0.eypyA4x_GCd-NwTfWgSksLI21KilH4bFE8ynMgcrfeA
[2m2022-05-22 17:51:52.182[0;39m [32m INFO[0;39m [35m7795[0;39m [2m---[0;39m [2m[nio-9999-exec-6][0;39m [36mc.ssafy.vue.controller.MemberController [0;39m [2m:[0;39m 사용 가능한 토큰!!!
[2m2022-05-22 17:51:54.552[0;39m [32mDEBUG[0;39m [35m7795[0;39m [2m---[0;39m [2m[io-9999-exec-10][0;39m [36mc.ssafy.vue.controller.BoardController  [0;39m [2m:[0;39m retrieveBoard - 호출
[2m2022-05-22 17:51:56.651[0;39m [32mDEBUG[0;39m [35m7795[0;39m [2m---[0;39m [2m[nio-9999-exec-9][0;39m [36mc.s.v.controller.AnnouncementController [0;39m [2m:[0;39m retrieveAnnouncement - 호출
[2m2022-05-22 17:52:00.267[0;39m [32mDEBUG[0;39m [35m7795[0;39m [2m---[0;39m [2m[nio-9999-exec-2][0;39m [36mc.s.v.controller.AnnouncementController [0;39m [2m:[0;39m retrieveAnnouncement - 호출
[2m2022-05-22 17:52:01.338[0;39m [32mDEBUG[0;39m [35m7795[0;39m [2m---[0;39m [2m[nio-9999-exec-1][0;39m [36mc.s.v.controller.AnnouncementController [0;39m [2m:[0;39m detailAnnouncement - 호출
[2m2022-05-22 17:52:02.405[0;39m [32mDEBUG[0;39m [35m7795[0;39m [2m---[0;39m [2m[nio-9999-exec-4][0;39m [36mc.s.v.controller.AnnouncementController [0;39m [2m:[0;39m detailAnnouncement - 호출
[2m2022-05-22 17:52:48.004[0;39m [32mDEBUG[0;39m [35m7795[0;39m [2m---[0;39m [2m[nio-9999-exec-3][0;39m [36mc.s.v.controller.AnnouncementController [0;39m [2m:[0;39m retrieveAnnouncement - 호출
[2m2022-05-22 17:52:50.181[0;39m [32mDEBUG[0;39m [35m7795[0;39m [2m---[0;39m [2m[nio-9999-exec-5][0;39m [36mc.s.v.controller.AnnouncementController [0;39m [2m:[0;39m detailAnnouncement - 호출
[2m2022-05-22 17:53:24.724[0;39m [32mDEBUG[0;39m [35m7795[0;39m [2m---[0;39m [2m[nio-9999-exec-6][0;39m [36mc.s.v.controller.AnnouncementController [0;39m [2m:[0;39m detailAnnouncement - 호출
[2m2022-05-22 17:53:25.511[0;39m [32mDEBUG[0;39m [35m7795[0;39m [2m---[0;39m [2m[io-9999-exec-10][0;39m [36mc.s.v.controller.AnnouncementController [0;39m [2m:[0;39m retrieveAnnouncement - 호출
[2m2022-05-22 17:56:30.074[0;39m [32mDEBUG[0;39m [35m7795[0;39m [2m---[0;39m [2m[nio-9999-exec-2][0;39m [36mc.s.v.controller.AnnouncementController [0;39m [2m:[0;39m retrieveAnnouncement - 호출
[2m2022-05-22 17:56:32.648[0;39m [32mDEBUG[0;39m [35m7795[0;39m [2m---[0;39m [2m[nio-9999-exec-1][0;39m [36mc.s.v.controller.AnnouncementController [0;39m [2m:[0;39m retrieveAnnouncement - 호출
[2m2022-05-22 17:56:34.209[0;39m [32mDEBUG[0;39m [35m7795[0;39m [2m---[0;39m [2m[nio-9999-exec-4][0;39m [36mc.s.v.controller.AnnouncementController [0;39m [2m:[0;39m detailAnnouncement - 호출
[2m2022-05-22 17:56:37.677[0;39m [32mDEBUG[0;39m [35m7795[0;39m [2m---[0;39m [2m[nio-9999-exec-3][0;39m [36mc.s.v.controller.AnnouncementController [0;39m [2m:[0;39m detailAnnouncement - 호출
[2m2022-05-22 17:57:30.615[0;39m [32mDEBUG[0;39m [35m7795[0;39m [2m---[0;39m [2m[nio-9999-exec-8][0;39m [36mc.s.v.controller.AnnouncementController [0;39m [2m:[0;39m retrieveAnnouncement - 호출
[2m2022-05-22 17:57:39.831[0;39m [32mDEBUG[0;39m [35m7795[0;39m [2m---[0;39m [2m[nio-9999-exec-7][0;39m [36mc.s.v.controller.AnnouncementController [0;39m [2m:[0;39m retrieveAnnouncement - 호출
[2m2022-05-22 17:57:41.043[0;39m [32mDEBUG[0;39m [35m7795[0;39m [2m---[0;39m [2m[nio-9999-exec-6][0;39m [36mc.s.v.controller.AnnouncementController [0;39m [2m:[0;39m detailAnnouncement - 호출
[2m2022-05-22 17:59:08.505[0;39m [32mDEBUG[0;39m [35m7795[0;39m [2m---[0;39m [2m[nio-9999-exec-9][0;39m [36mc.s.v.controller.AnnouncementController [0;39m [2m:[0;39m detailAnnouncement - 호출
[2m2022-05-22 18:01:17.103[0;39m [32mDEBUG[0;39m [35m7795[0;39m [2m---[0;39m [2m[nio-9999-exec-1][0;39m [36mc.s.v.controller.AnnouncementController [0;39m [2m:[0;39m detailAnnouncement - 호출
[2m2022-05-22 18:01:36.675[0;39m [32mDEBUG[0;39m [35m7795[0;39m [2m---[0;39m [2m[nio-9999-exec-4][0;39m [36mc.s.v.controller.AnnouncementController [0;39m [2m:[0;39m retrieveAnnouncement - 호출
[2m2022-05-22 18:01:37.890[0;39m [32mDEBUG[0;39m [35m7795[0;39m [2m---[0;39m [2m[nio-9999-exec-3][0;39m [36mc.s.v.controller.AnnouncementController [0;39m [2m:[0;39m retrieveAnnouncement - 호출
[2m2022-05-22 18:01:38.963[0;39m [32mDEBUG[0;39m [35m7795[0;39m [2m---[0;39m [2m[nio-9999-exec-5][0;39m [36mc.s.v.controller.AnnouncementController [0;39m [2m:[0;39m detailAnnouncement - 호출
[2m2022-05-22 18:03:58.615[0;39m [32mDEBUG[0;39m [35m7795[0;39m [2m---[0;39m [2m[nio-9999-exec-7][0;39m [36mc.s.v.controller.AnnouncementController [0;39m [2m:[0;39m detailAnnouncement - 호출
[2m2022-05-22 18:04:04.530[0;39m [32mDEBUG[0;39m [35m7795[0;39m [2m---[0;39m [2m[nio-9999-exec-6][0;39m [36mc.s.v.controller.AnnouncementController [0;39m [2m:[0;39m detailAnnouncement - 호출
[2m2022-05-22 18:04:06.663[0;39m [32mDEBUG[0;39m [35m7795[0;39m [2m---[0;39m [2m[io-9999-exec-10][0;39m [36mc.s.v.controller.AnnouncementController [0;39m [2m:[0;39m retrieveAnnouncement - 호출
[2m2022-05-22 18:04:07.720[0;39m [32mDEBUG[0;39m [35m7795[0;39m [2m---[0;39m [2m[nio-9999-exec-9][0;39m [36mc.s.v.controller.AnnouncementController [0;39m [2m:[0;39m retrieveAnnouncement - 호출
[2m2022-05-22 18:04:09.258[0;39m [32mDEBUG[0;39m [35m7795[0;39m [2m---[0;39m [2m[nio-9999-exec-2][0;39m [36mc.s.v.controller.AnnouncementController [0;39m [2m:[0;39m detailAnnouncement - 호출
[2m2022-05-22 18:05:56.511[0;39m [32mDEBUG[0;39m [35m7795[0;39m [2m---[0;39m [2m[nio-9999-exec-4][0;39m [36mc.s.v.controller.AnnouncementController [0;39m [2m:[0;39m detailAnnouncement - 호출
[2m2022-05-22 18:06:27.576[0;39m [32mDEBUG[0;39m [35m7795[0;39m [2m---[0;39m [2m[nio-9999-exec-5][0;39m [36mc.s.v.controller.AnnouncementController [0;39m [2m:[0;39m detailAnnouncement - 호출
[2m2022-05-22 18:06:33.371[0;39m [32mDEBUG[0;39m [35m7795[0;39m [2m---[0;39m [2m[nio-9999-exec-8][0;39m [36mc.s.v.controller.AnnouncementController [0;39m [2m:[0;39m detailAnnouncement - 호출
[2m2022-05-22 18:06:36.039[0;39m [32mDEBUG[0;39m [35m7795[0;39m [2m---[0;39m [2m[nio-9999-exec-7][0;39m [36mc.s.v.controller.AnnouncementController [0;39m [2m:[0;39m detailAnnouncement - 호출
[2m2022-05-22 18:06:49.118[0;39m [32mDEBUG[0;39m [35m7795[0;39m [2m---[0;39m [2m[nio-9999-exec-9][0;39m [36mc.ssafy.vue.controller.MemberController [0;39m [2m:[0;39m 로그인 토큰정보 : eyJ0eXAiOiJKV1QiLCJyZWdEYXRlIjoxNjUzMjEwNDA5MTE2LCJhbGciOiJIUzI1NiJ9.eyJleHAiOjE2NTMyMTQwMDksInN1YiI6ImFjY2Vzcy10b2tlbiIsInVzZXJpZCI6ImFkbWluIn0.Xy39PHx4jzNFubf79aEv91QtgCFGb60dHU81Bpdlwfo
[2m2022-05-22 18:06:49.134[0;39m [32m INFO[0;39m [35m7795[0;39m [2m---[0;39m [2m[nio-9999-exec-1][0;39m [36mc.ssafy.vue.controller.MemberController [0;39m [2m:[0;39m 사용 가능한 토큰!!!
[2m2022-05-22 18:06:51.225[0;39m [32mDEBUG[0;39m [35m7795[0;39m [2m---[0;39m [2m[nio-9999-exec-3][0;39m [36mc.s.v.controller.AnnouncementController [0;39m [2m:[0;39m retrieveAnnouncement - 호출
[2m2022-05-22 18:06:52.399[0;39m [32mDEBUG[0;39m [35m7795[0;39m [2m---[0;39m [2m[nio-9999-exec-5][0;39m [36mc.s.v.controller.AnnouncementController [0;39m [2m:[0;39m detailAnnouncement - 호출
[2m2022-05-22 18:06:55.452[0;39m [32mDEBUG[0;39m [35m7795[0;39m [2m---[0;39m [2m[nio-9999-exec-8][0;39m [36mc.s.v.controller.AnnouncementController [0;39m [2m:[0;39m detailAnnouncement - 호출
[2m2022-05-22 18:06:57.255[0;39m [32mDEBUG[0;39m [35m7795[0;39m [2m---[0;39m [2m[nio-9999-exec-7][0;39m [36mc.s.v.controller.AnnouncementController [0;39m [2m:[0;39m retrieveAnnouncement - 호출
[2m2022-05-22 18:26:13.121[0;39m [32mDEBUG[0;39m [35m7795[0;39m [2m---[0;39m [2m[nio-9999-exec-6][0;39m [36mc.ssafy.vue.controller.MemberController [0;39m [2m:[0;39m 로그인 토큰정보 : eyJ0eXAiOiJKV1QiLCJyZWdEYXRlIjoxNjUzMjExNTczMTE5LCJhbGciOiJIUzI1NiJ9.eyJleHAiOjE2NTMyMTUxNzMsInN1YiI6ImFjY2Vzcy10b2tlbiIsInVzZXJpZCI6InNzYWZ5In0.goJSNkugEMB8BK7lOVtHXDWVUccpjp7cpfqxbkzK06k
[2m2022-05-22 18:26:13.141[0;39m [32m INFO[0;39m [35m7795[0;39m [2m---[0;39m [2m[nio-9999-exec-2][0;39m [36mc.ssafy.vue.controller.MemberController [0;39m [2m:[0;39m 사용 가능한 토큰!!!
[2m2022-05-22 18:26:21.136[0;39m [32mDEBUG[0;39m [35m7795[0;39m [2m---[0;39m [2m[nio-9999-exec-5][0;39m [36mc.ssafy.vue.controller.BoardController  [0;39m [2m:[0;39m retrieveBoard - 호출
[2m2022-05-22 18:26:24.090[0;39m [32mDEBUG[0;39m [35m7795[0;39m [2m---[0;39m [2m[nio-9999-exec-8][0;39m [36mc.s.v.controller.AnnouncementController [0;39m [2m:[0;39m retrieveAnnouncement - 호출
[2m2022-05-22 18:26:26.675[0;39m [32mDEBUG[0;39m [35m7795[0;39m [2m---[0;39m [2m[nio-9999-exec-7][0;39m [36mc.s.v.controller.AnnouncementController [0;39m [2m:[0;39m retrieveAnnouncement - 호출
[2m2022-05-22 18:26:28.569[0;39m [32mDEBUG[0;39m [35m7795[0;39m [2m---[0;39m [2m[io-9999-exec-10][0;39m [36mc.ssafy.vue.controller.BoardController  [0;39m [2m:[0;39m retrieveBoard - 호출
[2m2022-05-22 18:26:30.101[0;39m [32mDEBUG[0;39m [35m7795[0;39m [2m---[0;39m [2m[nio-9999-exec-6][0;39m [36mc.s.v.controller.AnnouncementController [0;39m [2m:[0;39m retrieveAnnouncement - 호출
[2m2022-05-22 18:26:31.013[0;39m [32mDEBUG[0;39m [35m7795[0;39m [2m---[0;39m [2m[nio-9999-exec-9][0;39m [36mc.ssafy.vue.controller.BoardController  [0;39m [2m:[0;39m retrieveBoard - 호출
[2m2022-05-22 18:26:32.810[0;39m [32mDEBUG[0;39m [35m7795[0;39m [2m---[0;39m [2m[nio-9999-exec-2][0;39m [36mc.ssafy.vue.controller.BoardController  [0;39m [2m:[0;39m retrieveBoard - 호출
[2m2022-05-22 18:26:34.742[0;39m [32mDEBUG[0;39m [35m7795[0;39m [2m---[0;39m [2m[nio-9999-exec-1][0;39m [36mc.ssafy.vue.controller.BoardController  [0;39m [2m:[0;39m retrieveBoard - 호출
[2m2022-05-22 18:26:43.059[0;39m [32mDEBUG[0;39m [35m7795[0;39m [2m---[0;39m [2m[nio-9999-exec-4][0;39m [36mc.ssafy.vue.controller.BoardController  [0;39m [2m:[0;39m retrieveBoard - 호출
[2m2022-05-22 18:26:53.996[0;39m [32mDEBUG[0;39m [35m7795[0;39m [2m---[0;39m [2m[nio-9999-exec-3][0;39m [36mc.ssafy.vue.controller.BoardController  [0;39m [2m:[0;39m retrieveBoard - 호출
[2m2022-05-22 18:27:09.163[0;39m [32mDEBUG[0;39m [35m7795[0;39m [2m---[0;39m [2m[nio-9999-exec-8][0;39m [36mc.ssafy.vue.controller.BoardController  [0;39m [2m:[0;39m retrieveBoard - 호출
[2m2022-05-22 18:27:54.966[0;39m [32mDEBUG[0;39m [35m7795[0;39m [2m---[0;39m [2m[nio-9999-exec-4][0;39m [36mc.s.v.controller.AnnouncementController [0;39m [2m:[0;39m retrieveAnnouncement - 호출
[2m2022-05-22 18:28:15.886[0;39m [32mDEBUG[0;39m [35m7795[0;39m [2m---[0;39m [2m[nio-9999-exec-5][0;39m [36mc.ssafy.vue.controller.MemberController [0;39m [2m:[0;39m 로그인 토큰정보 : eyJ0eXAiOiJKV1QiLCJyZWdEYXRlIjoxNjUzMjExNjk1ODg2LCJhbGciOiJIUzI1NiJ9.eyJleHAiOjE2NTMyMTUyOTUsInN1YiI6ImFjY2Vzcy10b2tlbiIsInVzZXJpZCI6InNzYWZ5In0.Mj7TA0BhuNuePgLg7x1NhSYzpzXamwzCKyAQjsL3-H4
[2m2022-05-22 18:28:15.894[0;39m [32m INFO[0;39m [35m7795[0;39m [2m---[0;39m [2m[nio-9999-exec-8][0;39m [36mc.ssafy.vue.controller.MemberController [0;39m [2m:[0;39m 사용 가능한 토큰!!!
[2m2022-05-22 18:28:22.363[0;39m [32mDEBUG[0;39m [35m7795[0;39m [2m---[0;39m [2m[io-9999-exec-10][0;39m [36mc.ssafy.vue.controller.BoardController  [0;39m [2m:[0;39m retrieveBoard - 호출
[2m2022-05-22 18:28:27.676[0;39m [32mDEBUG[0;39m [35m7795[0;39m [2m---[0;39m [2m[nio-9999-exec-9][0;39m [36mc.s.v.controller.AnnouncementController [0;39m [2m:[0;39m retrieveAnnouncement - 호출
[2m2022-05-22 18:28:29.008[0;39m [32mDEBUG[0;39m [35m7795[0;39m [2m---[0;39m [2m[nio-9999-exec-1][0;39m [36mc.s.v.controller.AnnouncementController [0;39m [2m:[0;39m retrieveAnnouncement - 호출
[2m2022-05-22 18:28:35.442[0;39m [32mDEBUG[0;39m [35m7795[0;39m [2m---[0;39m [2m[nio-9999-exec-4][0;39m [36mc.ssafy.vue.controller.BoardController  [0;39m [2m:[0;39m retrieveBoard - 호출
[2m2022-05-22 18:28:44.882[0;39m [32mDEBUG[0;39m [35m7795[0;39m [2m---[0;39m [2m[nio-9999-exec-5][0;39m [36mc.ssafy.vue.controller.MemberController [0;39m [2m:[0;39m 로그인 토큰정보 : eyJ0eXAiOiJKV1QiLCJyZWdEYXRlIjoxNjUzMjExNzI0ODgxLCJhbGciOiJIUzI1NiJ9.eyJleHAiOjE2NTMyMTUzMjQsInN1YiI6ImFjY2Vzcy10b2tlbiIsInVzZXJpZCI6ImFkbWluIn0.1835AAKC60ffWaFCxsxbF5tGTb0oQD4F6qmn58w3G4k
[2m2022-05-22 18:28:44.892[0;39m [32m INFO[0;39m [35m7795[0;39m [2m---[0;39m [2m[nio-9999-exec-7][0;39m [36mc.ssafy.vue.controller.MemberController [0;39m [2m:[0;39m 사용 가능한 토큰!!!
[2m2022-05-22 18:29:24.033[0;39m [32mDEBUG[0;39m [35m7795[0;39m [2m---[0;39m [2m[nio-9999-exec-6][0;39m [36mc.s.v.controller.AnnouncementController [0;39m [2m:[0;39m retrieveAnnouncement - 호출
[2m2022-05-22 18:29:31.142[0;39m [32mDEBUG[0;39m [35m7795[0;39m [2m---[0;39m [2m[nio-9999-exec-1][0;39m [36mc.ssafy.vue.controller.BoardController  [0;39m [2m:[0;39m retrieveBoard - 호출
[2m2022-05-22 18:29:34.394[0;39m [32mDEBUG[0;39m [35m7795[0;39m [2m---[0;39m [2m[nio-9999-exec-4][0;39m [36mc.ssafy.vue.controller.BoardController  [0;39m [2m:[0;39m retrieveBoard - 호출
[2m2022-05-22 18:29:41.577[0;39m [32mDEBUG[0;39m [35m7795[0;39m [2m---[0;39m [2m[nio-9999-exec-3][0;39m [36mc.ssafy.vue.controller.MemberController [0;39m [2m:[0;39m 로그인 토큰정보 : eyJ0eXAiOiJKV1QiLCJyZWdEYXRlIjoxNjUzMjExNzgxNTc1LCJhbGciOiJIUzI1NiJ9.eyJleHAiOjE2NTMyMTUzODEsInN1YiI6ImFjY2Vzcy10b2tlbiIsInVzZXJpZCI6ImFkbWluIn0.zk_QQOcTqEP1lsyajv8_Bj9tgpzEu0GGxg8D5MCQYe4
[2m2022-05-22 18:29:41.600[0;39m [32m INFO[0;39m [35m7795[0;39m [2m---[0;39m [2m[nio-9999-exec-5][0;39m [36mc.ssafy.vue.controller.MemberController [0;39m [2m:[0;39m 사용 가능한 토큰!!!
[2m2022-05-22 18:29:54.901[0;39m [32mDEBUG[0;39m [35m7795[0;39m [2m---[0;39m [2m[nio-9999-exec-6][0;39m [36mc.ssafy.vue.controller.BoardController  [0;39m [2m:[0;39m retrieveBoard - 호출
[2m2022-05-22 18:29:55.916[0;39m [32mDEBUG[0;39m [35m7795[0;39m [2m---[0;39m [2m[nio-9999-exec-9][0;39m [36mc.s.v.controller.AnnouncementController [0;39m [2m:[0;39m retrieveAnnouncement - 호출
[2m2022-05-22 18:30:00.330[0;39m [32mDEBUG[0;39m [35m7795[0;39m [2m---[0;39m [2m[nio-9999-exec-2][0;39m [36mc.ssafy.vue.controller.BoardController  [0;39m [2m:[0;39m retrieveBoard - 호출
[2m2022-05-22 18:30:06.093[0;39m [32mDEBUG[0;39m [35m7795[0;39m [2m---[0;39m [2m[nio-9999-exec-4][0;39m [36mc.ssafy.vue.controller.BoardController  [0;39m [2m:[0;39m writeBoard - 호출
[2m2022-05-22 18:30:07.792[0;39m [32mDEBUG[0;39m [35m7795[0;39m [2m---[0;39m [2m[nio-9999-exec-3][0;39m [36mc.ssafy.vue.controller.BoardController  [0;39m [2m:[0;39m retrieveBoard - 호출
[2m2022-05-22 18:30:14.606[0;39m [32mDEBUG[0;39m [35m7795[0;39m [2m---[0;39m [2m[nio-9999-exec-5][0;39m [36mc.ssafy.vue.controller.BoardController  [0;39m [2m:[0;39m retrieveBoard - 호출
[2m2022-05-22 18:30:39.995[0;39m [32mDEBUG[0;39m [35m7795[0;39m [2m---[0;39m [2m[nio-9999-exec-2][0;39m [36mc.ssafy.vue.controller.MemberController [0;39m [2m:[0;39m 로그인 토큰정보 : eyJ0eXAiOiJKV1QiLCJyZWdEYXRlIjoxNjUzMjExODM5OTk0LCJhbGciOiJIUzI1NiJ9.eyJleHAiOjE2NTMyMTU0MzksInN1YiI6ImFjY2Vzcy10b2tlbiIsInVzZXJpZCI6ImFkbWluIn0.eJ4Apw0otO1pR2CG-t7RHY-4-LTzsZneQU00BRfsew8
[2m2022-05-22 18:30:40.023[0;39m [32m INFO[0;39m [35m7795[0;39m [2m---[0;39m [2m[nio-9999-exec-1][0;39m [36mc.ssafy.vue.controller.MemberController [0;39m [2m:[0;39m 사용 가능한 토큰!!!
[2m2022-05-22 18:30:47.411[0;39m [32mDEBUG[0;39m [35m7795[0;39m [2m---[0;39m [2m[nio-9999-exec-3][0;39m [36mc.ssafy.vue.controller.BoardController  [0;39m [2m:[0;39m retrieveBoard - 호출
[2m2022-05-22 18:30:48.746[0;39m [32mDEBUG[0;39m [35m7795[0;39m [2m---[0;39m [2m[nio-9999-exec-5][0;39m [36mc.ssafy.vue.controller.BoardController  [0;39m [2m:[0;39m retrieveBoard - 호출
[2m2022-05-22 18:33:40.808[0;39m [32mDEBUG[0;39m [35m7795[0;39m [2m---[0;39m [2m[nio-9999-exec-4][0;39m [36mc.ssafy.vue.controller.MemberController [0;39m [2m:[0;39m 로그인 토큰정보 : eyJ0eXAiOiJKV1QiLCJyZWdEYXRlIjoxNjUzMjEyMDIwODA2LCJhbGciOiJIUzI1NiJ9.eyJleHAiOjE2NTMyMTU2MjAsInN1YiI6ImFjY2Vzcy10b2tlbiIsInVzZXJpZCI6ImFkbWluIn0.lU_t2wTVxzRhxSK95c_Ir5TWP8pKCIHladlEHJuoPc8
[2m2022-05-22 18:33:40.819[0;39m [32m INFO[0;39m [35m7795[0;39m [2m---[0;39m [2m[nio-9999-exec-1][0;39m [36mc.ssafy.vue.controller.MemberController [0;39m [2m:[0;39m 사용 가능한 토큰!!!
[2m2022-05-22 18:33:46.016[0;39m [32mDEBUG[0;39m [35m7795[0;39m [2m---[0;39m [2m[nio-9999-exec-8][0;39m [36mc.s.v.controller.AnnouncementController [0;39m [2m:[0;39m retrieveAnnouncement - 호출
[2m2022-05-22 18:34:01.859[0;39m [32mDEBUG[0;39m [35m7795[0;39m [2m---[0;39m [2m[nio-9999-exec-9][0;39m [36mc.ssafy.vue.controller.MemberController [0;39m [2m:[0;39m 로그인 토큰정보 : eyJ0eXAiOiJKV1QiLCJyZWdEYXRlIjoxNjUzMjEyMDQxODU4LCJhbGciOiJIUzI1NiJ9.eyJleHAiOjE2NTMyMTU2NDEsInN1YiI6ImFjY2Vzcy10b2tlbiIsInVzZXJpZCI6ImFkbWluIn0.tMh3Av_rA6hd5EoiZrLhW5XCfhtzLkA83V2mTYTDzzI
[2m2022-05-22 18:34:01.880[0;39m [32m INFO[0;39m [35m7795[0;39m [2m---[0;39m [2m[nio-9999-exec-6][0;39m [36mc.ssafy.vue.controller.MemberController [0;39m [2m:[0;39m 사용 가능한 토큰!!!
[2m2022-05-22 18:34:10.590[0;39m [32mDEBUG[0;39m [35m7795[0;39m [2m---[0;39m [2m[nio-9999-exec-3][0;39m [36mc.ssafy.vue.controller.BoardController  [0;39m [2m:[0;39m retrieveBoard - 호출
[2m2022-05-22 18:34:15.702[0;39m [32mDEBUG[0;39m [35m7795[0;39m [2m---[0;39m [2m[nio-9999-exec-5][0;39m [36mc.ssafy.vue.controller.BoardController  [0;39m [2m:[0;39m retrieveBoard - 호출
[2m2022-05-22 18:34:21.556[0;39m [32mDEBUG[0;39m [35m7795[0;39m [2m---[0;39m [2m[nio-9999-exec-8][0;39m [36mc.s.v.controller.AnnouncementController [0;39m [2m:[0;39m retrieveAnnouncement - 호출
[2m2022-05-22 18:34:29.811[0;39m [32mDEBUG[0;39m [35m7795[0;39m [2m---[0;39m [2m[nio-9999-exec-7][0;39m [36mc.ssafy.vue.controller.MemberController [0;39m [2m:[0;39m 로그인 토큰정보 : eyJ0eXAiOiJKV1QiLCJyZWdEYXRlIjoxNjUzMjEyMDY5ODEwLCJhbGciOiJIUzI1NiJ9.eyJleHAiOjE2NTMyMTU2NjksInN1YiI6ImFjY2Vzcy10b2tlbiIsInVzZXJpZCI6InNzYWZ5In0.HTMhjvOr5nOXb4yyNRNV9Gc124n_p8Cj529BDLyHeTc
[2m2022-05-22 18:34:29.843[0;39m [32m INFO[0;39m [35m7795[0;39m [2m---[0;39m [2m[io-9999-exec-10][0;39m [36mc.ssafy.vue.controller.MemberController [0;39m [2m:[0;39m 사용 가능한 토큰!!!
[2m2022-05-22 18:34:31.170[0;39m [32mDEBUG[0;39m [35m7795[0;39m [2m---[0;39m [2m[nio-9999-exec-2][0;39m [36mc.s.v.controller.AnnouncementController [0;39m [2m:[0;39m retrieveAnnouncement - 호출
[2m2022-05-22 18:34:32.133[0;39m [32mDEBUG[0;39m [35m7795[0;39m [2m---[0;39m [2m[nio-9999-exec-6][0;39m [36mc.s.v.controller.AnnouncementController [0;39m [2m:[0;39m detailAnnouncement - 호출
[2m2022-05-22 18:38:08.114[0;39m [32mDEBUG[0;39m [35m7795[0;39m [2m---[0;39m [2m[nio-9999-exec-3][0;39m [36mc.s.v.controller.AnnouncementController [0;39m [2m:[0;39m retrieveAnnouncement - 호출
[2m2022-05-22 18:38:09.523[0;39m [32mDEBUG[0;39m [35m7795[0;39m [2m---[0;39m [2m[nio-9999-exec-5][0;39m [36mc.s.v.controller.AnnouncementController [0;39m [2m:[0;39m detailAnnouncement - 호출
[2m2022-05-22 18:55:20.332[0;39m [32mDEBUG[0;39m [35m7795[0;39m [2m---[0;39m [2m[nio-9999-exec-7][0;39m [36mc.s.v.controller.AnnouncementController [0;39m [2m:[0;39m detailAnnouncement - 호출
[2m2022-05-22 18:55:21.481[0;39m [32mDEBUG[0;39m [35m7795[0;39m [2m---[0;39m [2m[nio-9999-exec-9][0;39m [36mc.s.v.controller.AnnouncementController [0;39m [2m:[0;39m detailAnnouncement - 호출
[2m2022-05-22 18:55:29.132[0;39m [32mDEBUG[0;39m [35m7795[0;39m [2m---[0;39m [2m[nio-9999-exec-2][0;39m [36mc.s.v.controller.AnnouncementController [0;39m [2m:[0;39m retrieveAnnouncement - 호출
[2m2022-05-22 18:55:30.011[0;39m [32mDEBUG[0;39m [35m7795[0;39m [2m---[0;39m [2m[nio-9999-exec-6][0;39m [36mc.s.v.controller.AnnouncementController [0;39m [2m:[0;39m detailAnnouncement - 호출
[2m2022-05-22 18:55:32.381[0;39m [32mDEBUG[0;39m [35m7795[0;39m [2m---[0;39m [2m[nio-9999-exec-4][0;39m [36mc.s.v.controller.AnnouncementController [0;39m [2m:[0;39m retrieveAnnouncement - 호출
[2m2022-05-22 18:55:45.351[0;39m [32mDEBUG[0;39m [35m7795[0;39m [2m---[0;39m [2m[nio-9999-exec-5][0;39m [36mc.ssafy.vue.controller.MemberController [0;39m [2m:[0;39m 로그인 토큰정보 : eyJ0eXAiOiJKV1QiLCJyZWdEYXRlIjoxNjUzMjEzMzQ1MzQ5LCJhbGciOiJIUzI1NiJ9.eyJleHAiOjE2NTMyMTY5NDUsInN1YiI6ImFjY2Vzcy10b2tlbiIsInVzZXJpZCI6ImFkbWluIn0.gJ_NbMTJg3QTtAECNUrRhTYFPAUnbeYD-utpQHCEVqE
[2m2022-05-22 18:55:45.367[0;39m [32m INFO[0;39m [35m7795[0;39m [2m---[0;39m [2m[nio-9999-exec-7][0;39m [36mc.ssafy.vue.controller.MemberController [0;39m [2m:[0;39m 사용 가능한 토큰!!!
[2m2022-05-22 18:55:46.860[0;39m [32mDEBUG[0;39m [35m7795[0;39m [2m---[0;39m [2m[io-9999-exec-10][0;39m [36mc.s.v.controller.AnnouncementController [0;39m [2m:[0;39m retrieveAnnouncement - 호출
[2m2022-05-22 18:55:48.285[0;39m [32mDEBUG[0;39m [35m7795[0;39m [2m---[0;39m [2m[nio-9999-exec-2][0;39m [36mc.s.v.controller.AnnouncementController [0;39m [2m:[0;39m detailAnnouncement - 호출
[2m2022-05-22 18:55:49.358[0;39m [32mDEBUG[0;39m [35m7795[0;39m [2m---[0;39m [2m[nio-9999-exec-6][0;39m [36mc.s.v.controller.AnnouncementController [0;39m [2m:[0;39m detailAnnouncement - 호출
[2m2022-05-22 18:56:09.970[0;39m [32mDEBUG[0;39m [35m7795[0;39m [2m---[0;39m [2m[nio-9999-exec-3][0;39m [36mc.ssafy.vue.controller.MemberController [0;39m [2m:[0;39m 로그인 토큰정보 : eyJ0eXAiOiJKV1QiLCJyZWdEYXRlIjoxNjUzMjEzMzY5OTY5LCJhbGciOiJIUzI1NiJ9.eyJleHAiOjE2NTMyMTY5NjksInN1YiI6ImFjY2Vzcy10b2tlbiIsInVzZXJpZCI6InNzYWZ5In0.q9UrNuLm2HQVvlyDF7KPMcJ9zlZXGm4VyzBWSYLLz_I
[2m2022-05-22 18:56:09.986[0;39m [32m INFO[0;39m [35m7795[0;39m [2m---[0;39m [2m[nio-9999-exec-8][0;39m [36mc.ssafy.vue.controller.MemberController [0;39m [2m:[0;39m 사용 가능한 토큰!!!
[2m2022-05-22 18:58:14.850[0;39m [32mDEBUG[0;39m [35m7795[0;39m [2m---[0;39m [2m[nio-9999-exec-4][0;39m [36mc.ssafy.vue.controller.BoardController  [0;39m [2m:[0;39m retrieveBoard - 호출
[2m2022-05-22 18:58:32.878[0;39m [32mDEBUG[0;39m [35m7795[0;39m [2m---[0;39m [2m[nio-9999-exec-3][0;39m [36mc.ssafy.vue.controller.MemberController [0;39m [2m:[0;39m 로그인 토큰정보 : eyJ0eXAiOiJKV1QiLCJyZWdEYXRlIjoxNjUzMjEzNTEyODc4LCJhbGciOiJIUzI1NiJ9.eyJleHAiOjE2NTMyMTcxMTIsInN1YiI6ImFjY2Vzcy10b2tlbiIsInVzZXJpZCI6Imh3YW5nc3NhZnkifQ.SrKCHGe0P700Gq4q0-9l1U8MdpCFX4_ZCeblj1bEbjA
[2m2022-05-22 18:58:32.911[0;39m [32m INFO[0;39m [35m7795[0;39m [2m---[0;39m [2m[nio-9999-exec-7][0;39m [36mc.ssafy.vue.controller.MemberController [0;39m [2m:[0;39m 사용 가능한 토큰!!!
[2m2022-05-22 18:58:34.784[0;39m [32mDEBUG[0;39m [35m7795[0;39m [2m---[0;39m [2m[nio-9999-exec-9][0;39m [36mc.ssafy.vue.controller.BoardController  [0;39m [2m:[0;39m retrieveBoard - 호출
[2m2022-05-22 18:58:48.867[0;39m [32mDEBUG[0;39m [35m7795[0;39m [2m---[0;39m [2m[nio-9999-exec-2][0;39m [36mc.ssafy.vue.controller.BoardController  [0;39m [2m:[0;39m writeBoard - 호출
[2m2022-05-22 18:58:50.247[0;39m [32mDEBUG[0;39m [35m7795[0;39m [2m---[0;39m [2m[nio-9999-exec-6][0;39m [36mc.ssafy.vue.controller.BoardController  [0;39m [2m:[0;39m retrieveBoard - 호출
[2m2022-05-22 18:58:52.080[0;39m [32mDEBUG[0;39m [35m7795[0;39m [2m---[0;39m [2m[nio-9999-exec-4][0;39m [36mc.ssafy.vue.controller.BoardController  [0;39m [2m:[0;39m detailBoard - 호출
[2m2022-05-22 18:58:53.951[0;39m [32mDEBUG[0;39m [35m7795[0;39m [2m---[0;39m [2m[nio-9999-exec-1][0;39m [36mc.ssafy.vue.controller.BoardController  [0;39m [2m:[0;39m detailBoard - 호출
[2m2022-05-22 18:58:56.611[0;39m [32mDEBUG[0;39m [35m7795[0;39m [2m---[0;39m [2m[nio-9999-exec-3][0;39m [36mc.ssafy.vue.controller.BoardController  [0;39m [2m:[0;39m retrieveBoard - 호출
[2m2022-05-22 18:58:58.381[0;39m [32mDEBUG[0;39m [35m7795[0;39m [2m---[0;39m [2m[nio-9999-exec-8][0;39m [36mc.ssafy.vue.controller.BoardController  [0;39m [2m:[0;39m detailBoard - 호출
[2m2022-05-22 18:58:59.862[0;39m [32mDEBUG[0;39m [35m7795[0;39m [2m---[0;39m [2m[nio-9999-exec-5][0;39m [36mc.ssafy.vue.controller.BoardController  [0;39m [2m:[0;39m detailBoard - 호출
[2m2022-05-22 18:59:02.751[0;39m [32mDEBUG[0;39m [35m7795[0;39m [2m---[0;39m [2m[nio-9999-exec-9][0;39m [36mc.ssafy.vue.controller.BoardController  [0;39m [2m:[0;39m updateBoard - 호출
[2m2022-05-22 18:59:04.395[0;39m [32mDEBUG[0;39m [35m7795[0;39m [2m---[0;39m [2m[io-9999-exec-10][0;39m [36mc.ssafy.vue.controller.BoardController  [0;39m [2m:[0;39m retrieveBoard - 호출
[2m2022-05-22 18:59:06.207[0;39m [32mDEBUG[0;39m [35m7795[0;39m [2m---[0;39m [2m[nio-9999-exec-2][0;39m [36mc.ssafy.vue.controller.BoardController  [0;39m [2m:[0;39m detailBoard - 호출
[2m2022-05-22 18:59:15.608[0;39m [32mDEBUG[0;39m [35m7795[0;39m [2m---[0;39m [2m[nio-9999-exec-1][0;39m [36mc.ssafy.vue.controller.MemberController [0;39m [2m:[0;39m 로그인 토큰정보 : eyJ0eXAiOiJKV1QiLCJyZWdEYXRlIjoxNjUzMjEzNTU1NjA3LCJhbGciOiJIUzI1NiJ9.eyJleHAiOjE2NTMyMTcxNTUsInN1YiI6ImFjY2Vzcy10b2tlbiIsInVzZXJpZCI6InNzYWZ5In0.r6XgZG3hPlKOUFErQn8S4AJ4Y0WaqdBqmgA056a6wJI
[2m2022-05-22 18:59:15.617[0;39m [32m INFO[0;39m [35m7795[0;39m [2m---[0;39m [2m[nio-9999-exec-3][0;39m [36mc.ssafy.vue.controller.MemberController [0;39m [2m:[0;39m 사용 가능한 토큰!!!
[2m2022-05-22 18:59:18.711[0;39m [32mDEBUG[0;39m [35m7795[0;39m [2m---[0;39m [2m[nio-9999-exec-5][0;39m [36mc.ssafy.vue.controller.BoardController  [0;39m [2m:[0;39m retrieveBoard - 호출
[2m2022-05-22 18:59:20.386[0;39m [32mDEBUG[0;39m [35m7795[0;39m [2m---[0;39m [2m[nio-9999-exec-7][0;39m [36mc.ssafy.vue.controller.BoardController  [0;39m [2m:[0;39m detailBoard - 호출
[2m2022-05-22 18:59:21.358[0;39m [32mDEBUG[0;39m [35m7795[0;39m [2m---[0;39m [2m[nio-9999-exec-9][0;39m [36mc.ssafy.vue.controller.BoardController  [0;39m [2m:[0;39m detailBoard - 호출
[2m2022-05-22 18:59:24.331[0;39m [32mDEBUG[0;39m [35m7795[0;39m [2m---[0;39m [2m[io-9999-exec-10][0;39m [36mc.ssafy.vue.controller.BoardController  [0;39m [2m:[0;39m updateBoard - 호출
[2m2022-05-22 18:59:26.154[0;39m [32mDEBUG[0;39m [35m7795[0;39m [2m---[0;39m [2m[nio-9999-exec-2][0;39m [36mc.ssafy.vue.controller.BoardController  [0;39m [2m:[0;39m retrieveBoard - 호출
[2m2022-05-22 18:59:27.383[0;39m [32mDEBUG[0;39m [35m7795[0;39m [2m---[0;39m [2m[nio-9999-exec-6][0;39m [36mc.ssafy.vue.controller.BoardController  [0;39m [2m:[0;39m detailBoard - 호출
[2m2022-05-22 18:59:29.626[0;39m [32mDEBUG[0;39m [35m7795[0;39m [2m---[0;39m [2m[nio-9999-exec-4][0;39m [36mc.ssafy.vue.controller.BoardController  [0;39m [2m:[0;39m retrieveBoard - 호출
[2m2022-05-22 19:07:01.243[0;39m [32mDEBUG[0;39m [35m7795[0;39m [2m---[0;39m [2m[nio-9999-exec-9][0;39m [36mc.ssafy.vue.controller.BoardController  [0;39m [2m:[0;39m retrieveBoard - 호출
[2m2022-05-22 19:07:03.348[0;39m [32mDEBUG[0;39m [35m7795[0;39m [2m---[0;39m [2m[io-9999-exec-10][0;39m [36mc.ssafy.vue.controller.BoardController  [0;39m [2m:[0;39m detailBoard - 호출
[2m2022-05-22 19:07:05.762[0;39m [32mDEBUG[0;39m [35m7795[0;39m [2m---[0;39m [2m[nio-9999-exec-2][0;39m [36mc.ssafy.vue.controller.BoardController  [0;39m [2m:[0;39m retrieveBoard - 호출
[2m2022-05-22 19:07:07.986[0;39m [32mDEBUG[0;39m [35m7795[0;39m [2m---[0;39m [2m[nio-9999-exec-6][0;39m [36mc.ssafy.vue.controller.BoardController  [0;39m [2m:[0;39m detailBoard - 호출
[2m2022-05-22 19:07:09.109[0;39m [32mDEBUG[0;39m [35m7795[0;39m [2m---[0;39m [2m[nio-9999-exec-4][0;39m [36mc.ssafy.vue.controller.BoardController  [0;39m [2m:[0;39m detailBoard - 호출
[2m2022-05-22 19:07:29.816[0;39m [32mDEBUG[0;39m [35m7795[0;39m [2m---[0;39m [2m[nio-9999-exec-3][0;39m [36mc.ssafy.vue.controller.MemberController [0;39m [2m:[0;39m 로그인 토큰정보 : eyJ0eXAiOiJKV1QiLCJyZWdEYXRlIjoxNjUzMjE0MDQ5ODE0LCJhbGciOiJIUzI1NiJ9.eyJleHAiOjE2NTMyMTc2NDksInN1YiI6ImFjY2Vzcy10b2tlbiIsInVzZXJpZCI6Imh3YW5nc3NhZnkifQ.2Txp64rH6OyJWx6GVQRbp_usmQJCD4-SJFZu42uOZOg
[2m2022-05-22 19:07:29.825[0;39m [32m INFO[0;39m [35m7795[0;39m [2m---[0;39m [2m[nio-9999-exec-8][0;39m [36mc.ssafy.vue.controller.MemberController [0;39m [2m:[0;39m 사용 가능한 토큰!!!
[2m2022-05-22 19:07:32.794[0;39m [32mDEBUG[0;39m [35m7795[0;39m [2m---[0;39m [2m[nio-9999-exec-7][0;39m [36mc.ssafy.vue.controller.BoardController  [0;39m [2m:[0;39m detailBoard - 호출
[2m2022-05-22 19:12:19.243[0;39m [32mDEBUG[0;39m [35m7795[0;39m [2m---[0;39m [2m[nio-9999-exec-2][0;39m [36mc.ssafy.vue.controller.BoardController  [0;39m [2m:[0;39m detailBoard - 호출
[2m2022-05-22 19:12:27.769[0;39m [32mDEBUG[0;39m [35m7795[0;39m [2m---[0;39m [2m[nio-9999-exec-4][0;39m [36mc.ssafy.vue.controller.BoardController  [0;39m [2m:[0;39m retrieveBoard - 호출
[2m2022-05-22 19:12:29.086[0;39m [32mDEBUG[0;39m [35m7795[0;39m [2m---[0;39m [2m[nio-9999-exec-1][0;39m [36mc.ssafy.vue.controller.BoardController  [0;39m [2m:[0;39m detailBoard - 호출
[2m2022-05-22 19:12:30.821[0;39m [32mDEBUG[0;39m [35m7795[0;39m [2m---[0;39m [2m[nio-9999-exec-3][0;39m [36mc.ssafy.vue.controller.BoardController  [0;39m [2m:[0;39m retrieveBoard - 호출
[2m2022-05-22 19:12:31.990[0;39m [32mDEBUG[0;39m [35m7795[0;39m [2m---[0;39m [2m[nio-9999-exec-8][0;39m [36mc.ssafy.vue.controller.BoardController  [0;39m [2m:[0;39m detailBoard - 호출
[2m2022-05-22 19:12:37.353[0;39m [32mDEBUG[0;39m [35m7795[0;39m [2m---[0;39m [2m[nio-9999-exec-5][0;39m [36mc.ssafy.vue.controller.BoardController  [0;39m [2m:[0;39m retrieveBoard - 호출
[2m2022-05-22 19:12:38.571[0;39m [32mDEBUG[0;39m [35m7795[0;39m [2m---[0;39m [2m[nio-9999-exec-7][0;39m [36mc.ssafy.vue.controller.BoardController  [0;39m [2m:[0;39m detailBoard - 호출
[2m2022-05-22 19:12:43.349[0;39m [32mDEBUG[0;39m [35m7795[0;39m [2m---[0;39m [2m[io-9999-exec-10][0;39m [36mc.ssafy.vue.controller.BoardController  [0;39m [2m:[0;39m detailBoard - 호출
[2m2022-05-22 19:12:52.353[0;39m [32mDEBUG[0;39m [35m7795[0;39m [2m---[0;39m [2m[nio-9999-exec-6][0;39m [36mc.ssafy.vue.controller.MemberController [0;39m [2m:[0;39m 로그인 토큰정보 : eyJ0eXAiOiJKV1QiLCJyZWdEYXRlIjoxNjUzMjE0MzcyMzUyLCJhbGciOiJIUzI1NiJ9.eyJleHAiOjE2NTMyMTc5NzIsInN1YiI6ImFjY2Vzcy10b2tlbiIsInVzZXJpZCI6InNzYWZ5In0.XxaAzvmvOdG7Oa6i7e6gDzvSuZwUQCwvy_sZcnG22YY
[2m2022-05-22 19:12:52.369[0;39m [32m INFO[0;39m [35m7795[0;39m [2m---[0;39m [2m[nio-9999-exec-1][0;39m [36mc.ssafy.vue.controller.MemberController [0;39m [2m:[0;39m 사용 가능한 토큰!!!
[2m2022-05-22 19:12:56.334[0;39m [32mDEBUG[0;39m [35m7795[0;39m [2m---[0;39m [2m[nio-9999-exec-8][0;39m [36mc.ssafy.vue.controller.BoardController  [0;39m [2m:[0;39m detailBoard - 호출
[2m2022-05-22 19:31:43.368[0;39m [32mDEBUG[0;39m [35m7795[0;39m [2m---[0;39m [2m[io-9999-exec-10][0;39m [36mc.ssafy.vue.controller.BoardController  [0;39m [2m:[0;39m detailBoard - 호출
[2m2022-05-22 19:33:34.047[0;39m [32mDEBUG[0;39m [35m7795[0;39m [2m---[0;39m [2m[nio-9999-exec-2][0;39m [36mc.ssafy.vue.controller.BoardController  [0;39m [2m:[0;39m detailBoard - 호출
[2m2022-05-22 19:33:43.364[0;39m [32mDEBUG[0;39m [35m7795[0;39m [2m---[0;39m [2m[nio-9999-exec-6][0;39m [36mc.ssafy.vue.controller.BoardController  [0;39m [2m:[0;39m detailBoard - 호출
[2m2022-05-22 19:37:18.779[0;39m [32mDEBUG[0;39m [35m7795[0;39m [2m---[0;39m [2m[nio-9999-exec-3][0;39m [36mc.ssafy.vue.controller.BoardController  [0;39m [2m:[0;39m retrieveBoard - 호출
[2m2022-05-22 19:37:56.074[0;39m [32mDEBUG[0;39m [35m7795[0;39m [2m---[0;39m [2m[nio-9999-exec-5][0;39m [36mc.ssafy.vue.controller.BoardController  [0;39m [2m:[0;39m retrieveBoard - 호출
[2m2022-05-22 20:23:02.983[0;39m [33m WARN[0;39m [35m7795[0;39m [2m---[0;39m [2m[l-1 housekeeper][0;39m [36mcom.zaxxer.hikari.pool.HikariPool       [0;39m [2m:[0;39m HikariPool-1 - Thread starvation or clock leap detected (housekeeper delta=40m4s928ms).
[2m2022-05-22 20:56:12.307[0;39m [33m WARN[0;39m [35m7795[0;39m [2m---[0;39m [2m[l-1 housekeeper][0;39m [36mcom.zaxxer.hikari.pool.HikariPool       [0;39m [2m:[0;39m HikariPool-1 - Thread starvation or clock leap detected (housekeeper delta=33m9s324ms).
[2m2022-05-22 21:00:27.473[0;39m [33m WARN[0;39m [35m7795[0;39m [2m---[0;39m [2m[l-1 housekeeper][0;39m [36mcom.zaxxer.hikari.pool.HikariPool       [0;39m [2m:[0;39m HikariPool-1 - Thread starvation or clock leap detected (housekeeper delta=4m15s170ms).
[2m2022-05-22 21:03:16.007[0;39m [33m WARN[0;39m [35m7795[0;39m [2m---[0;39m [2m[l-1 housekeeper][0;39m [36mcom.zaxxer.hikari.pool.HikariPool       [0;39m [2m:[0;39m HikariPool-1 - Thread starvation or clock leap detected (housekeeper delta=48s525ms).
[2m2022-05-22 21:17:00.082[0;39m [33m WARN[0;39m [35m7795[0;39m [2m---[0;39m [2m[l-1 housekeeper][0;39m [36mcom.zaxxer.hikari.pool.HikariPool       [0;39m [2m:[0;39m HikariPool-1 - Thread starvation or clock leap detected (housekeeper delta=12m14s65ms).
[2m2022-05-22 21:23:08.016[0;39m [33m WARN[0;39m [35m7795[0;39m [2m---[0;39m [2m[l-1 housekeeper][0;39m [36mcom.zaxxer.hikari.pool.HikariPool       [0;39m [2m:[0;39m HikariPool-1 - Thread starvation or clock leap detected (housekeeper delta=4m7s792ms).
[2m2022-05-22 21:47:47.841[0;39m [32mDEBUG[0;39m [35m7795[0;39m [2m---[0;39m [2m[io-9999-exec-10][0;39m [36mc.ssafy.vue.controller.BoardController  [0;39m [2m:[0;39m retrieveBoard - 호출
[2m2022-05-22 21:47:48.696[0;39m [32mDEBUG[0;39m [35m7795[0;39m [2m---[0;39m [2m[nio-9999-exec-9][0;39m [36mc.ssafy.vue.controller.BoardController  [0;39m [2m:[0;39m retrieveBoard - 호출
[2m2022-05-22 21:47:51.741[0;39m [32mDEBUG[0;39m [35m7795[0;39m [2m---[0;39m [2m[nio-9999-exec-2][0;39m [36mc.s.v.controller.AnnouncementController [0;39m [2m:[0;39m retrieveAnnouncement - 호출
[2m2022-05-22 21:48:09.032[0;39m [32mDEBUG[0;39m [35m7795[0;39m [2m---[0;39m [2m[nio-9999-exec-3][0;39m [36mc.ssafy.vue.controller.BoardController  [0;39m [2m:[0;39m retrieveBoard - 호출
[2m2022-05-22 21:48:09.860[0;39m [32mDEBUG[0;39m [35m7795[0;39m [2m---[0;39m [2m[nio-9999-exec-8][0;39m [36mc.s.v.controller.AnnouncementController [0;39m [2m:[0;39m retrieveAnnouncement - 호출
[2m2022-05-22 22:01:45.492[0;39m [32mDEBUG[0;39m [35m7795[0;39m [2m---[0;39m [2m[io-9999-exec-10][0;39m [36mc.ssafy.vue.controller.BoardController  [0;39m [2m:[0;39m retrieveBoard - 호출
[2m2022-05-22 22:01:56.265[0;39m [32mDEBUG[0;39m [35m7795[0;39m [2m---[0;39m [2m[nio-9999-exec-2][0;39m [36mc.ssafy.vue.controller.MemberController [0;39m [2m:[0;39m 로그인 토큰정보 : eyJ0eXAiOiJKV1QiLCJyZWdEYXRlIjoxNjUzMjI0NTE2MjYyLCJhbGciOiJIUzI1NiJ9.eyJleHAiOjE2NTMyMjgxMTYsInN1YiI6ImFjY2Vzcy10b2tlbiIsInVzZXJpZCI6InNzYWZ5In0.jLGS4B43M1tAms0B0f9hQv68vVw0mDpHsX66z0514eA
[2m2022-05-22 22:01:56.303[0;39m [32m INFO[0;39m [35m7795[0;39m [2m---[0;39m [2m[nio-9999-exec-4][0;39m [36mc.ssafy.vue.controller.MemberController [0;39m [2m:[0;39m 사용 가능한 토큰!!!
[2m2022-05-22 22:01:58.308[0;39m [32mDEBUG[0;39m [35m7795[0;39m [2m---[0;39m [2m[nio-9999-exec-3][0;39m [36mc.ssafy.vue.controller.BoardController  [0;39m [2m:[0;39m retrieveBoard - 호출
[2m2022-05-22 22:01:59.353[0;39m [32mDEBUG[0;39m [35m7795[0;39m [2m---[0;39m [2m[nio-9999-exec-8][0;39m [36mc.ssafy.vue.controller.BoardController  [0;39m [2m:[0;39m detailBoard - 호출
[2m2022-05-22 22:02:01.516[0;39m [32mDEBUG[0;39m [35m7795[0;39m [2m---[0;39m [2m[nio-9999-exec-5][0;39m [36mc.ssafy.vue.controller.BoardController  [0;39m [2m:[0;39m retrieveBoard - 호출
[2m2022-05-22 22:02:03.401[0;39m [32mDEBUG[0;39m [35m7795[0;39m [2m---[0;39m [2m[nio-9999-exec-7][0;39m [36mc.ssafy.vue.controller.BoardController  [0;39m [2m:[0;39m detailBoard - 호출
[2m2022-05-22 22:02:05.087[0;39m [32mDEBUG[0;39m [35m7795[0;39m [2m---[0;39m [2m[io-9999-exec-10][0;39m [36mc.ssafy.vue.controller.BoardController  [0;39m [2m:[0;39m retrieveBoard - 호출
[2m2022-05-22 22:02:08.008[0;39m [32mDEBUG[0;39m [35m7795[0;39m [2m---[0;39m [2m[nio-9999-exec-9][0;39m [36mc.ssafy.vue.controller.BoardController  [0;39m [2m:[0;39m detailBoard - 호출
[2m2022-05-22 22:02:09.090[0;39m [32mDEBUG[0;39m [35m7795[0;39m [2m---[0;39m [2m[nio-9999-exec-2][0;39m [36mc.ssafy.vue.controller.BoardController  [0;39m [2m:[0;39m detailBoard - 호출
[2m2022-05-22 22:02:22.934[0;39m [32mDEBUG[0;39m [35m7795[0;39m [2m---[0;39m [2m[nio-9999-exec-4][0;39m [36mc.ssafy.vue.controller.MemberController [0;39m [2m:[0;39m 로그인 토큰정보 : eyJ0eXAiOiJKV1QiLCJyZWdEYXRlIjoxNjUzMjI0NTQyOTMzLCJhbGciOiJIUzI1NiJ9.eyJleHAiOjE2NTMyMjgxNDIsInN1YiI6ImFjY2Vzcy10b2tlbiIsInVzZXJpZCI6ImFkbWluIn0.G8pRQ5rp4OKLNuFcbR3nnoEFqF0g2WCNYO9lscGaYO8
[2m2022-05-22 22:02:22.968[0;39m [32m INFO[0;39m [35m7795[0;39m [2m---[0;39m [2m[nio-9999-exec-3][0;39m [36mc.ssafy.vue.controller.MemberController [0;39m [2m:[0;39m 사용 가능한 토큰!!!
[2m2022-05-22 22:02:24.797[0;39m [32mDEBUG[0;39m [35m7795[0;39m [2m---[0;39m [2m[nio-9999-exec-5][0;39m [36mc.ssafy.vue.controller.BoardController  [0;39m [2m:[0;39m retrieveBoard - 호출
[2m2022-05-22 22:02:51.008[0;39m [32mDEBUG[0;39m [35m7795[0;39m [2m---[0;39m [2m[nio-9999-exec-7][0;39m [36mc.ssafy.vue.controller.BoardController  [0;39m [2m:[0;39m detailBoard - 호출
[2m2022-05-22 22:03:19.205[0;39m [32mDEBUG[0;39m [35m7795[0;39m [2m---[0;39m [2m[nio-9999-exec-9][0;39m [36mc.ssafy.vue.controller.BoardController  [0;39m [2m:[0;39m detailBoard - 호출
[2m2022-05-22 22:03:29.980[0;39m [32mDEBUG[0;39m [35m7795[0;39m [2m---[0;39m [2m[nio-9999-exec-2][0;39m [36mc.ssafy.vue.controller.BoardController  [0;39m [2m:[0;39m retrieveBoard - 호출
[2m2022-05-22 22:03:33.638[0;39m [32mDEBUG[0;39m [35m7795[0;39m [2m---[0;39m [2m[nio-9999-exec-6][0;39m [36mc.ssafy.vue.controller.BoardController  [0;39m [2m:[0;39m detailBoard - 호출
[2m2022-05-22 22:03:36.663[0;39m [32mDEBUG[0;39m [35m7795[0;39m [2m---[0;39m [2m[nio-9999-exec-4][0;39m [36mc.ssafy.vue.controller.BoardController  [0;39m [2m:[0;39m detailBoard - 호출
[2m2022-05-22 22:09:34.324[0;39m [32mDEBUG[0;39m [35m7795[0;39m [2m---[0;39m [2m[nio-9999-exec-3][0;39m [36mc.ssafy.vue.controller.MemberController [0;39m [2m:[0;39m 로그인 토큰정보 : eyJ0eXAiOiJKV1QiLCJyZWdEYXRlIjoxNjUzMjI0OTc0MzIxLCJhbGciOiJIUzI1NiJ9.eyJleHAiOjE2NTMyMjg1NzQsInN1YiI6ImFjY2Vzcy10b2tlbiIsInVzZXJpZCI6InNzYWZ5In0.WM0MLylwndiY-S6OmgAhL-g3m83KUa64BHdHBFzhpFs
[2m2022-05-22 22:09:34.336[0;39m [32m INFO[0;39m [35m7795[0;39m [2m---[0;39m [2m[nio-9999-exec-5][0;39m [36mc.ssafy.vue.controller.MemberController [0;39m [2m:[0;39m 사용 가능한 토큰!!!
[2m2022-05-22 22:09:41.313[0;39m [32mDEBUG[0;39m [35m7795[0;39m [2m---[0;39m [2m[io-9999-exec-10][0;39m [36mc.ssafy.vue.controller.BoardController  [0;39m [2m:[0;39m retrieveBoard - 호출
[2m2022-05-22 22:09:42.653[0;39m [32mDEBUG[0;39m [35m7795[0;39m [2m---[0;39m [2m[nio-9999-exec-9][0;39m [36mc.ssafy.vue.controller.BoardController  [0;39m [2m:[0;39m detailBoard - 호출
[2m2022-05-22 22:09:45.044[0;39m [32mDEBUG[0;39m [35m7795[0;39m [2m---[0;39m [2m[nio-9999-exec-2][0;39m [36mc.ssafy.vue.controller.BoardController  [0;39m [2m:[0;39m retrieveBoard - 호출
[2m2022-05-22 22:09:49.026[0;39m [32mDEBUG[0;39m [35m7795[0;39m [2m---[0;39m [2m[nio-9999-exec-6][0;39m [36mc.ssafy.vue.controller.BoardController  [0;39m [2m:[0;39m detailBoard - 호출
[2m2022-05-22 22:09:50.635[0;39m [32mDEBUG[0;39m [35m7795[0;39m [2m---[0;39m [2m[nio-9999-exec-4][0;39m [36mc.ssafy.vue.controller.BoardController  [0;39m [2m:[0;39m retrieveBoard - 호출
[2m2022-05-22 22:09:52.245[0;39m [32mDEBUG[0;39m [35m7795[0;39m [2m---[0;39m [2m[nio-9999-exec-1][0;39m [36mc.ssafy.vue.controller.BoardController  [0;39m [2m:[0;39m detailBoard - 호출
[2m2022-05-22 22:09:53.629[0;39m [32mDEBUG[0;39m [35m7795[0;39m [2m---[0;39m [2m[nio-9999-exec-8][0;39m [36mc.ssafy.vue.controller.BoardController  [0;39m [2m:[0;39m detailBoard - 호출
[2m2022-05-22 22:09:55.507[0;39m [32mDEBUG[0;39m [35m7795[0;39m [2m---[0;39m [2m[nio-9999-exec-3][0;39m [36mc.ssafy.vue.controller.BoardController  [0;39m [2m:[0;39m retrieveBoard - 호출
[2m2022-05-22 22:10:26.628[0;39m [32mDEBUG[0;39m [35m7795[0;39m [2m---[0;39m [2m[nio-9999-exec-9][0;39m [36mc.ssafy.vue.controller.MemberController [0;39m [2m:[0;39m 로그인 토큰정보 : eyJ0eXAiOiJKV1QiLCJyZWdEYXRlIjoxNjUzMjI1MDI2NjI0LCJhbGciOiJIUzI1NiJ9.eyJleHAiOjE2NTMyMjg2MjYsInN1YiI6ImFjY2Vzcy10b2tlbiIsInVzZXJpZCI6InNzYWZ5In0.co__dL2ONJjK8QjtAWReBKgzgGE-oKHW4FdjJNcBgJw
[2m2022-05-22 22:10:26.645[0;39m [32m INFO[0;39m [35m7795[0;39m [2m---[0;39m [2m[nio-9999-exec-2][0;39m [36mc.ssafy.vue.controller.MemberController [0;39m [2m:[0;39m 사용 가능한 토큰!!!
