[2m2022-05-25 00:07:14.562[0;39m [32mDEBUG[0;39m [35m158548[0;39m [2m---[0;39m [2m[nio-9999-exec-7][0;39m [36mc.ssafy.vue.controller.BoardController  [0;39m [2m:[0;39m retrieveBoard - 호출
[2m2022-05-25 00:07:21.542[0;39m [32mDEBUG[0;39m [35m158548[0;39m [2m---[0;39m [2m[nio-9999-exec-8][0;39m [36mc.s.v.controller.AnnouncementController [0;39m [2m:[0;39m retrieveAnnouncement - 호출
[2m2022-05-25 00:07:29.653[0;39m [32m INFO[0;39m [35m158548[0;39m [2m---[0;39m [2m[on(2)-127.0.0.1][0;39m [36minMXBeanRegistrar$SpringApplicationAdmin[0;39m [2m:[0;39m Application shutdown requested.
[2m2022-05-25 09:30:26.020[0;39m [32m INFO[0;39m [35m28476[0;39m [2m---[0;39m [2m[  restartedMain][0;39m [36m.e.DevToolsPropertyDefaultsPostProcessor[0;39m [2m:[0;39m Devtools property defaults active! Set 'spring.devtools.add-properties' to 'false' to disable
[2m2022-05-25 09:30:26.023[0;39m [32m INFO[0;39m [35m28476[0;39m [2m---[0;39m [2m[  restartedMain][0;39m [36m.e.DevToolsPropertyDefaultsPostProcessor[0;39m [2m:[0;39m For additional web related logging consider setting the 'logging.level.web' property to 'DEBUG'
[2m2022-05-25 09:30:27.181[0;39m [32m INFO[0;39m [35m28476[0;39m [2m---[0;39m [2m[  restartedMain][0;39m [36mo.s.b.w.embedded.tomcat.TomcatWebServer [0;39m [2m:[0;39m Tomcat initialized with port(s): 9999 (http)
[2m2022-05-25 09:30:27.369[0;39m [32m INFO[0;39m [35m28476[0;39m [2m---[0;39m [2m[  restartedMain][0;39m [36mw.s.c.ServletWebServerApplicationContext[0;39m [2m:[0;39m Root WebApplicationContext: initialization completed in 1346 ms
[2m2022-05-25 09:30:27.978[0;39m [32m INFO[0;39m [35m28476[0;39m [2m---[0;39m [2m[  restartedMain][0;39m [36mo.s.b.d.a.OptionalLiveReloadServer      [0;39m [2m:[0;39m LiveReload server is running on port 35729
[2m2022-05-25 09:30:28.121[0;39m [32m INFO[0;39m [35m28476[0;39m [2m---[0;39m [2m[  restartedMain][0;39m [36mo.s.b.w.embedded.tomcat.TomcatWebServer [0;39m [2m:[0;39m Tomcat started on port(s): 9999 (http) with context path '/vue'
[2m2022-05-25 09:30:47.518[0;39m [32m INFO[0;39m [35m28476[0;39m [2m---[0;39m [2m[nio-9999-exec-1][0;39m [36mo.s.web.servlet.DispatcherServlet       [0;39m [2m:[0;39m Initializing Servlet 'dispatcherServlet'
[2m2022-05-25 09:30:47.519[0;39m [32m INFO[0;39m [35m28476[0;39m [2m---[0;39m [2m[nio-9999-exec-1][0;39m [36mo.s.web.servlet.DispatcherServlet       [0;39m [2m:[0;39m Completed initialization in 1 ms
[2m2022-05-25 09:33:02.185[0;39m [32mDEBUG[0;39m [35m28476[0;39m [2m---[0;39m [2m[nio-9999-exec-3][0;39m [36mc.ssafy.vue.controller.BoardController  [0;39m [2m:[0;39m retrieveBoard - 호출
[2m2022-05-25 09:33:05.316[0;39m [32mDEBUG[0;39m [35m28476[0;39m [2m---[0;39m [2m[nio-9999-exec-4][0;39m [36mc.s.v.controller.AnnouncementController [0;39m [2m:[0;39m retrieveAnnouncement - 호출
[2m2022-05-25 12:28:13.716[0;39m [33m WARN[0;39m [35m28476[0;39m [2m---[0;39m [2m[l-1 housekeeper][0;39m [36mcom.zaxxer.hikari.pool.HikariPool       [0;39m [2m:[0;39m HikariPool-1 - Thread starvation or clock leap detected (housekeeper delta=52m24s160ms209µs400ns).
[2m2022-05-25 15:40:02.687[0;39m [32mDEBUG[0;39m [35m28476[0;39m [2m---[0;39m [2m[nio-9999-exec-3][0;39m [36mc.ssafy.vue.controller.MemberController [0;39m [2m:[0;39m 로그인 토큰정보 : eyJ0eXAiOiJKV1QiLCJyZWdEYXRlIjoxNjUzNDYwODAyNjY2LCJhbGciOiJIUzI1NiJ9.eyJleHAiOjE2NTM0NjQ0MDIsInN1YiI6ImFjY2Vzcy10b2tlbiIsInVzZXJpZCI6InRlc3R0ZXN0In0.AFXz2s_5ACjNcElqj_qEJ1BTJasbH3eR4JlTF-jsqrM
[2m2022-05-25 15:40:02.714[0;39m [32m INFO[0;39m [35m28476[0;39m [2m---[0;39m [2m[nio-9999-exec-5][0;39m [36mc.ssafy.vue.controller.MemberController [0;39m [2m:[0;39m 사용 가능한 토큰!!!
[2m2022-05-25 15:40:02.723[0;39m [32mDEBUG[0;39m [35m28476[0;39m [2m---[0;39m [2m[nio-9999-exec-6][0;39m [36mc.s.vue.controller.FavoriteController   [0;39m [2m:[0;39m listFavorite - 호출
[2m2022-05-25 15:43:12.911[0;39m [32mDEBUG[0;39m [35m28476[0;39m [2m---[0;39m [2m[nio-9999-exec-8][0;39m [36mc.s.v.controller.AnnouncementController [0;39m [2m:[0;39m retrieveAnnouncement - 호출
[2m2022-05-25 15:43:28.622[0;39m [32mDEBUG[0;39m [35m28476[0;39m [2m---[0;39m [2m[nio-9999-exec-9][0;39m [36mc.s.v.controller.AnnouncementController [0;39m [2m:[0;39m detailAnnouncement - 호출
[2m2022-05-25 15:43:36.918[0;39m [32mDEBUG[0;39m [35m28476[0;39m [2m---[0;39m [2m[io-9999-exec-10][0;39m [36mc.ssafy.vue.controller.BoardController  [0;39m [2m:[0;39m retrieveBoard - 호출
[2m2022-05-25 15:43:53.652[0;39m [32mDEBUG[0;39m [35m28476[0;39m [2m---[0;39m [2m[nio-9999-exec-1][0;39m [36mc.ssafy.vue.controller.BoardController  [0;39m [2m:[0;39m detailBoard - 호출
[2m2022-05-25 15:43:54.933[0;39m [32mDEBUG[0;39m [35m28476[0;39m [2m---[0;39m [2m[nio-9999-exec-2][0;39m [36mc.ssafy.vue.controller.BoardController  [0;39m [2m:[0;39m retrieveBoard - 호출
[2m2022-05-25 15:43:58.146[0;39m [32mDEBUG[0;39m [35m28476[0;39m [2m---[0;39m [2m[nio-9999-exec-3][0;39m [36mc.ssafy.vue.controller.BoardController  [0;39m [2m:[0;39m retrieveBoard - 호출
[2m2022-05-25 15:44:00.277[0;39m [32mDEBUG[0;39m [35m28476[0;39m [2m---[0;39m [2m[nio-9999-exec-4][0;39m [36mc.ssafy.vue.controller.BoardController  [0;39m [2m:[0;39m detailBoard - 호출
[2m2022-05-25 15:44:03.800[0;39m [32mDEBUG[0;39m [35m28476[0;39m [2m---[0;39m [2m[nio-9999-exec-5][0;39m [36mc.s.v.controller.AnnouncementController [0;39m [2m:[0;39m retrieveAnnouncement - 호출
[2m2022-05-25 15:44:05.397[0;39m [32mDEBUG[0;39m [35m28476[0;39m [2m---[0;39m [2m[nio-9999-exec-6][0;39m [36mc.s.v.controller.AnnouncementController [0;39m [2m:[0;39m detailAnnouncement - 호출
[2m2022-05-25 15:44:17.348[0;39m [32mDEBUG[0;39m [35m28476[0;39m [2m---[0;39m [2m[nio-9999-exec-7][0;39m [36mc.s.v.controller.AnnouncementController [0;39m [2m:[0;39m retrieveAnnouncement - 호출
[2m2022-05-25 15:44:18.146[0;39m [32mDEBUG[0;39m [35m28476[0;39m [2m---[0;39m [2m[nio-9999-exec-8][0;39m [36mc.ssafy.vue.controller.BoardController  [0;39m [2m:[0;39m retrieveBoard - 호출
[2m2022-05-25 15:44:20.908[0;39m [32mDEBUG[0;39m [35m28476[0;39m [2m---[0;39m [2m[nio-9999-exec-9][0;39m [36mc.ssafy.vue.controller.BoardController  [0;39m [2m:[0;39m detailBoard - 호출
[2m2022-05-25 15:44:33.520[0;39m [32mDEBUG[0;39m [35m28476[0;39m [2m---[0;39m [2m[io-9999-exec-10][0;39m [36mc.ssafy.vue.controller.BoardController  [0;39m [2m:[0;39m detailBoard - 호출
[2m2022-05-25 15:44:35.755[0;39m [32mDEBUG[0;39m [35m28476[0;39m [2m---[0;39m [2m[nio-9999-exec-1][0;39m [36mc.ssafy.vue.controller.BoardController  [0;39m [2m:[0;39m retrieveBoard - 호출
[2m2022-05-25 15:44:36.252[0;39m [32mDEBUG[0;39m [35m28476[0;39m [2m---[0;39m [2m[nio-9999-exec-2][0;39m [36mc.s.v.controller.AnnouncementController [0;39m [2m:[0;39m retrieveAnnouncement - 호출
[2m2022-05-25 15:44:37.657[0;39m [32mDEBUG[0;39m [35m28476[0;39m [2m---[0;39m [2m[nio-9999-exec-3][0;39m [36mc.ssafy.vue.controller.BoardController  [0;39m [2m:[0;39m retrieveBoard - 호출
[2m2022-05-25 15:45:08.750[0;39m [32mDEBUG[0;39m [35m28476[0;39m [2m---[0;39m [2m[nio-9999-exec-7][0;39m [36mc.s.vue.controller.FavoriteController   [0;39m [2m:[0;39m deleteFavorite - 호출
[2m2022-05-25 15:45:08.767[0;39m [32mDEBUG[0;39m [35m28476[0;39m [2m---[0;39m [2m[nio-9999-exec-8][0;39m [36mc.s.vue.controller.FavoriteController   [0;39m [2m:[0;39m listFavorite - 호출
[2m2022-05-25 15:45:23.855[0;39m [32mDEBUG[0;39m [35m28476[0;39m [2m---[0;39m [2m[io-9999-exec-10][0;39m [36mc.s.vue.controller.FavoriteController   [0;39m [2m:[0;39m addFavorite - 호출
[2m2022-05-25 15:45:23.866[0;39m [32mDEBUG[0;39m [35m28476[0;39m [2m---[0;39m [2m[nio-9999-exec-1][0;39m [36mc.s.vue.controller.FavoriteController   [0;39m [2m:[0;39m listFavorite - 호출
[2m2022-05-25 15:45:35.658[0;39m [32mDEBUG[0;39m [35m28476[0;39m [2m---[0;39m [2m[nio-9999-exec-2][0;39m [36mc.s.vue.controller.FavoriteController   [0;39m [2m:[0;39m listFavorite - 호출
[2m2022-05-25 19:12:34.315[0;39m [32mDEBUG[0;39m [35m28476[0;39m [2m---[0;39m [2m[nio-9999-exec-8][0;39m [36mc.s.v.controller.AnnouncementController [0;39m [2m:[0;39m retrieveAnnouncement - 호출
[2m2022-05-25 21:39:48.200[0;39m [33m WARN[0;39m [35m28476[0;39m [2m---[0;39m [2m[l-1 housekeeper][0;39m [36mcom.zaxxer.hikari.pool.HikariPool       [0;39m [2m:[0;39m HikariPool-1 - Thread starvation or clock leap detected (housekeeper delta=2h26m58s569ms300µs600ns).
